#
# There is insufficient memory for the Java Runtime Environment to continue.
# Native memory allocation (malloc) failed to allocate 1075696 bytes for Chunk::new
# Possible reasons:
#   The system is out of physical RAM or swap space
#   The process is running with CompressedOops enabled, and the Java Heap may be blocking the growth of the native heap
# Possible solutions:
#   Reduce memory load on the system
#   Increase physical memory or swap space
#   Check if swap backing store is full
#   Decrease Java heap size (-Xmx/-Xms)
#   Decrease number of Java threads
#   Decrease Java thread stack sizes (-Xss)
#   Set larger code cache with -XX:ReservedCodeCacheSize=
#   JVM is running with Unscaled Compressed Oops mode in which the Java heap is
#     placed in the first 4GB address space. The Java Heap base address is the
#     maximum limit for the native heap growth. Please use -XX:HeapBaseMinAddress
#     to set the Java Heap base and to place the Java Heap above 4GB virtual address.
# This output file may be truncated or incomplete.
#
#  Out of Memory Error (src/hotspot/share/memory/arena.cpp:197), pid=23076, tid=31012
#
# JRE version: OpenJDK Runtime Environment (11.0.15) (build 11.0.15+0-b2043.56-9505619)
# Java VM: OpenJDK 64-Bit Server VM (11.0.15+0-b2043.56-9505619, mixed mode, tiered, compressed oops, g1 gc, windows-amd64)
# No core dump will be written. Minidumps are not enabled by default on client versions of Windows
#

---------------  S U M M A R Y ------------

Command Line: --add-opens=java.base/java.util=ALL-UNNAMED --add-opens=java.base/java.lang=ALL-UNNAMED --add-opens=java.base/java.lang.invoke=ALL-UNNAMED --add-opens=java.base/java.util=ALL-UNNAMED --add-opens=java.prefs/java.util.prefs=ALL-UNNAMED --add-opens=java.prefs/java.util.prefs=ALL-UNNAMED --add-opens=java.base/java.nio.charset=ALL-UNNAMED --add-opens=java.base/java.net=ALL-UNNAMED --add-opens=java.base/java.util.concurrent.atomic=ALL-UNNAMED -Xmx2048m -Dfile.encoding=UTF-8 -Duser.country=US -Duser.language=en -Duser.variant org.gradle.launcher.daemon.bootstrap.GradleDaemon 7.5

Host: Intel(R) Core(TM) i5-9300H CPU @ 2.40GHz, 8 cores, 7G,  Windows 11 , 64 bit Build 22000 (10.0.22000.1516)
Time: Thu May  4 19:16:45 2023 SE Asia Standard Time elapsed time: 85.966002 seconds (0d 0h 1m 25s)

---------------  T H R E A D  ---------------

Current thread (0x00000251620e2000):  JavaThread "C2 CompilerThread0" daemon [_thread_in_native, id=31012, stack(0x000000755ac00000,0x000000755ad00000)]


Current CompileTask:
C2:  85966 6783       4       java.util.TreeMap::put (247 bytes)

Stack: [0x000000755ac00000,0x000000755ad00000]
Native frames: (J=compiled Java code, j=interpreted, Vv=VM code, C=native code)
V  [jvm.dll+0x64135a]
V  [jvm.dll+0x7d39f9]
V  [jvm.dll+0x7d51b9]
V  [jvm.dll+0x7d58a3]
V  [jvm.dll+0x2691c5]
V  [jvm.dll+0xc1a5c]
V  [jvm.dll+0xc200c]
V  [jvm.dll+0x377462]
V  [jvm.dll+0x342495]
V  [jvm.dll+0x34186a]
V  [jvm.dll+0x2214bd]
V  [jvm.dll+0x220498]
V  [jvm.dll+0x19e851]
V  [jvm.dll+0x230479]
V  [jvm.dll+0x22e5ef]
V  [jvm.dll+0x794de1]
V  [jvm.dll+0x78dc24]
V  [jvm.dll+0x6400f6]
C  [ucrtbase.dll+0x26c0c]
C  [KERNEL32.DLL+0x155a0]
C  [ntdll.dll+0x485b]


---------------  P R O C E S S  ---------------

Threads class SMR info:
_java_thread_list=0x0000025165cfa520, length=122, elements={
0x00000251472b6800, 0x000002516175d800, 0x0000025161767000, 0x00000251620d4800,
0x00000251620d6000, 0x00000251620d9000, 0x00000251620e2000, 0x0000025161778000,
0x000002516177e800, 0x0000025162247800, 0x0000025164e30800, 0x0000025162dc0800,
0x000002516346e800, 0x00000251626f3000, 0x000002516496e000, 0x00000251639c3800,
0x0000025163ed1800, 0x00000251631e3000, 0x0000025164d83800, 0x00000251630d4800,
0x00000251630d5800, 0x00000251630d3000, 0x00000251630cf800, 0x00000251630d6800,
0x00000251630d0800, 0x00000251630d1800, 0x00000251630d2000, 0x00000251630d4000,
0x000002516386a800, 0x000002516386c000, 0x000002516386d800, 0x000002516386f000,
0x000002516386e800, 0x0000025163870000, 0x0000025163871000, 0x000002516386b000,
0x0000025163872800, 0x0000025163871800, 0x000002516386d000, 0x0000025163875000,
0x0000025163875800, 0x0000025163874000, 0x0000025163876800, 0x0000025163877800,
0x0000025163878000, 0x0000025163873800, 0x00000251659bc800, 0x00000251659bd800,
0x00000251659c0800, 0x00000251659c1800, 0x00000251659c2800, 0x00000251659c3000,
0x00000251659c4000, 0x00000251659c0000, 0x00000251659be800, 0x00000251659c5000,
0x00000251659bf000, 0x00000251659cb800, 0x00000251659c5800, 0x00000251659c7000,
0x00000251659c9800, 0x00000251659c6800, 0x00000251659ca800, 0x00000251659c8000,
0x00000251659c9000, 0x000002516517e000, 0x000002516517a800, 0x000002516517c800,
0x000002516517b800, 0x000002516517d000, 0x0000025165178000, 0x000002516517f000,
0x0000025165179000, 0x000002516517f800, 0x000002516517a000, 0x0000025165183800,
0x0000025165182000, 0x0000025165184800, 0x0000025165183000, 0x0000025165186000,
0x0000025165185800, 0x0000025165180800, 0x0000025165187000, 0x0000025165181000,
0x0000025163665000, 0x0000025163661000, 0x0000025163663800, 0x0000025163662800,
0x0000025163666000, 0x0000025163662000, 0x0000025163664800, 0x0000025163660800,
0x0000025163669800, 0x000002516366b800, 0x000002516366c800, 0x000002516366a000,
0x0000025163667000, 0x000002516366d800, 0x000002516366b000, 0x0000025163667800,
0x000002516366e000, 0x0000025163668800, 0x000002516366f000, 0x0000025163099800,
0x000002516309a000, 0x0000025163098800, 0x00000251630a0800, 0x000002516309c800,
0x000002516309f000, 0x000002516309b000, 0x000002516309c000, 0x00000251630a1800,
0x000002516309e800, 0x00000251630a2800, 0x00000251630a3000, 0x00000251630a0000,
0x000002516309d800, 0x00000251630a7000, 0x00000251630a4000, 0x00000251630a5000,
0x00000251630a5800, 0x00000251630a6800
}

Java Threads: ( => current thread )
  0x00000251472b6800 JavaThread "main" [_thread_blocked, id=11304, stack(0x000000755a000000,0x000000755a100000)]
  0x000002516175d800 JavaThread "Reference Handler" daemon [_thread_blocked, id=17540, stack(0x000000755a700000,0x000000755a800000)]
  0x0000025161767000 JavaThread "Finalizer" daemon [_thread_blocked, id=28996, stack(0x000000755a800000,0x000000755a900000)]
  0x00000251620d4800 JavaThread "Signal Dispatcher" daemon [_thread_blocked, id=1644, stack(0x000000755a900000,0x000000755aa00000)]
  0x00000251620d6000 JavaThread "Attach Listener" daemon [_thread_blocked, id=29076, stack(0x000000755aa00000,0x000000755ab00000)]
  0x00000251620d9000 JavaThread "Service Thread" daemon [_thread_blocked, id=22872, stack(0x000000755ab00000,0x000000755ac00000)]
=>0x00000251620e2000 JavaThread "C2 CompilerThread0" daemon [_thread_in_native, id=31012, stack(0x000000755ac00000,0x000000755ad00000)]
  0x0000025161778000 JavaThread "C1 CompilerThread0" daemon [_thread_blocked, id=21096, stack(0x000000755ad00000,0x000000755ae00000)]
  0x000002516177e800 JavaThread "Sweeper thread" daemon [_thread_blocked, id=14864, stack(0x000000755ae00000,0x000000755af00000)]
  0x0000025162247800 JavaThread "Common-Cleaner" daemon [_thread_blocked, id=19996, stack(0x000000755af00000,0x000000755b000000)]
  0x0000025164e30800 JavaThread "Daemon health stats" [_thread_blocked, id=14824, stack(0x000000755b300000,0x000000755b400000)]
  0x0000025162dc0800 JavaThread "Incoming local TCP Connector on port 59097" [_thread_in_native, id=31508, stack(0x000000755b400000,0x000000755b500000)]
  0x000002516346e800 JavaThread "Daemon periodic checks" [_thread_blocked, id=17524, stack(0x000000755b500000,0x000000755b600000)]
  0x00000251626f3000 JavaThread "Daemon" [_thread_blocked, id=29840, stack(0x000000755b600000,0x000000755b700000)]
  0x000002516496e000 JavaThread "Handler for socket connection from /127.0.0.1:59097 to /127.0.0.1:59098" [_thread_in_native, id=16460, stack(0x000000755b700000,0x000000755b800000)]
  0x00000251639c3800 JavaThread "Cancel handler" [_thread_blocked, id=24968, stack(0x000000755b800000,0x000000755b900000)]
  0x0000025163ed1800 JavaThread "Daemon worker" [_thread_in_Java, id=31968, stack(0x000000755b900000,0x000000755ba00000)]
  0x00000251631e3000 JavaThread "Asynchronous log dispatcher for DefaultDaemonConnection: socket connection from /127.0.0.1:59097 to /127.0.0.1:59098" [_thread_blocked, id=28496, stack(0x000000755ba00000,0x000000755bb00000)]
  0x0000025164d83800 JavaThread "Daemon client event forwarder" [_thread_blocked, id=32244, stack(0x000000755bc00000,0x000000755bd00000)]
  0x00000251630d4800 JavaThread "Cache worker for journal cache (C:\Users\Efendi\.gradle\caches\journal-1)" [_thread_blocked, id=32604, stack(0x000000755bd00000,0x000000755be00000)]
  0x00000251630d5800 JavaThread "File lock request listener" [_thread_in_native, id=11348, stack(0x000000755c300000,0x000000755c400000)]
  0x00000251630d3000 JavaThread "Cache worker for file hash cache (C:\Users\Efendi\.gradle\caches\7.5\fileHashes)" [_thread_blocked, id=30636, stack(0x000000755c500000,0x000000755c600000)]
  0x00000251630cf800 JavaThread "File watcher server" daemon [_thread_in_native, id=29576, stack(0x000000755c600000,0x000000755c700000)]
  0x00000251630d6800 JavaThread "File watcher consumer" daemon [_thread_blocked, id=21760, stack(0x000000755c700000,0x000000755c800000)]
  0x00000251630d0800 JavaThread "Cache worker for checksums cache (F:\AndroidStudioProject\Spiner\.gradle\7.5\checksums)" [_thread_blocked, id=8248, stack(0x000000755c800000,0x000000755c900000)]
  0x00000251630d1800 JavaThread "Cache worker for cache directory md-rule (C:\Users\Efendi\.gradle\caches\7.5\md-rule)" [_thread_blocked, id=28940, stack(0x000000755c900000,0x000000755ca00000)]
  0x00000251630d2000 JavaThread "Cache worker for file content cache (C:\Users\Efendi\.gradle\caches\7.5\fileContent)" [_thread_blocked, id=30876, stack(0x000000755ca00000,0x000000755cb00000)]
  0x00000251630d4000 JavaThread "Cache worker for file hash cache (F:\AndroidStudioProject\Spiner\.gradle\7.5\fileHashes)" [_thread_blocked, id=22400, stack(0x000000755cb00000,0x000000755cc00000)]
  0x000002516386a800 JavaThread "Cache worker for cache directory md-supplier (C:\Users\Efendi\.gradle\caches\7.5\md-supplier)" [_thread_blocked, id=29660, stack(0x000000755cc00000,0x000000755cd00000)]
  0x000002516386c000 JavaThread "Cache worker for execution history cache (C:\Users\Efendi\.gradle\caches\7.5\executionHistory)" [_thread_blocked, id=26016, stack(0x000000755cd00000,0x000000755ce00000)]
  0x000002516386d800 JavaThread "jar transforms" [_thread_blocked, id=19956, stack(0x000000755ce00000,0x000000755cf00000)]
  0x000002516386f000 JavaThread "jar transforms Thread 2" [_thread_blocked, id=20856, stack(0x000000755cf00000,0x000000755d000000)]
  0x000002516386e800 JavaThread "jar transforms Thread 3" [_thread_blocked, id=12292, stack(0x000000755d000000,0x000000755d100000)]
  0x0000025163870000 JavaThread "jar transforms Thread 4" [_thread_blocked, id=8724, stack(0x000000755d100000,0x000000755d200000)]
  0x0000025163871000 JavaThread "Cache worker for dependencies-accessors (F:\AndroidStudioProject\Spiner\.gradle\7.5\dependencies-accessors)" [_thread_blocked, id=30176, stack(0x000000755d200000,0x000000755d300000)]
  0x000002516386b000 JavaThread "jar transforms Thread 5" [_thread_blocked, id=7192, stack(0x000000755d300000,0x000000755d400000)]
  0x0000025163872800 JavaThread "Cache worker for Build Output Cleanup Cache (F:\AndroidStudioProject\Spiner\.gradle\buildOutputCleanup)" [_thread_blocked, id=20868, stack(0x000000755d400000,0x000000755d500000)]
  0x0000025163871800 JavaThread "Unconstrained build operations" [_thread_blocked, id=22980, stack(0x000000755d700000,0x000000755d800000)]
  0x000002516386d000 JavaThread "Unconstrained build operations Thread 2" [_thread_blocked, id=22292, stack(0x000000755d800000,0x000000755d900000)]
  0x0000025163875000 JavaThread "Unconstrained build operations Thread 3" [_thread_blocked, id=22264, stack(0x000000755d900000,0x000000755da00000)]
  0x0000025163875800 JavaThread "Unconstrained build operations Thread 4" [_thread_blocked, id=21864, stack(0x000000755da00000,0x000000755db00000)]
  0x0000025163874000 JavaThread "Unconstrained build operations Thread 5" [_thread_blocked, id=20056, stack(0x000000755db00000,0x000000755dc00000)]
  0x0000025163876800 JavaThread "Unconstrained build operations Thread 6" [_thread_blocked, id=20276, stack(0x000000755dc00000,0x000000755dd00000)]
  0x0000025163877800 JavaThread "Unconstrained build operations Thread 7" [_thread_blocked, id=13940, stack(0x000000755dd00000,0x000000755de00000)]
  0x0000025163878000 JavaThread "Unconstrained build operations Thread 8" [_thread_blocked, id=20704, stack(0x000000755de00000,0x000000755df00000)]
  0x0000025163873800 JavaThread "Unconstrained build operations Thread 9" [_thread_blocked, id=19756, stack(0x000000755df00000,0x000000755e000000)]
  0x00000251659bc800 JavaThread "Unconstrained build operations Thread 10" [_thread_blocked, id=9508, stack(0x000000755e000000,0x000000755e100000)]
  0x00000251659bd800 JavaThread "Unconstrained build operations Thread 11" [_thread_blocked, id=29684, stack(0x000000755e100000,0x000000755e200000)]
  0x00000251659c0800 JavaThread "Unconstrained build operations Thread 12" [_thread_blocked, id=29112, stack(0x000000755e200000,0x000000755e300000)]
  0x00000251659c1800 JavaThread "Unconstrained build operations Thread 13" [_thread_blocked, id=18424, stack(0x000000755e300000,0x000000755e400000)]
  0x00000251659c2800 JavaThread "Unconstrained build operations Thread 14" [_thread_blocked, id=16560, stack(0x000000755e400000,0x000000755e500000)]
  0x00000251659c3000 JavaThread "Unconstrained build operations Thread 15" [_thread_blocked, id=30744, stack(0x000000755e500000,0x000000755e600000)]
  0x00000251659c4000 JavaThread "Unconstrained build operations Thread 16" [_thread_blocked, id=26844, stack(0x000000755e600000,0x000000755e700000)]
  0x00000251659c0000 JavaThread "Unconstrained build operations Thread 17" [_thread_blocked, id=32620, stack(0x000000755e700000,0x000000755e800000)]
  0x00000251659be800 JavaThread "Unconstrained build operations Thread 18" [_thread_blocked, id=6512, stack(0x000000755e800000,0x000000755e900000)]
  0x00000251659c5000 JavaThread "Unconstrained build operations Thread 19" [_thread_blocked, id=29224, stack(0x000000755e900000,0x000000755ea00000)]
  0x00000251659bf000 JavaThread "Unconstrained build operations Thread 20" [_thread_blocked, id=30676, stack(0x000000755ea00000,0x000000755eb00000)]
  0x00000251659cb800 JavaThread "Unconstrained build operations Thread 21" [_thread_blocked, id=20736, stack(0x000000755eb00000,0x000000755ec00000)]
  0x00000251659c5800 JavaThread "Unconstrained build operations Thread 22" [_thread_blocked, id=17836, stack(0x000000755ec00000,0x000000755ed00000)]
  0x00000251659c7000 JavaThread "Unconstrained build operations Thread 23" [_thread_blocked, id=22944, stack(0x000000755ed00000,0x000000755ee00000)]
  0x00000251659c9800 JavaThread "Unconstrained build operations Thread 24" [_thread_blocked, id=9644, stack(0x000000755ee00000,0x000000755ef00000)]
  0x00000251659c6800 JavaThread "Unconstrained build operations Thread 25" [_thread_blocked, id=20064, stack(0x000000755ef00000,0x000000755f000000)]
  0x00000251659ca800 JavaThread "Unconstrained build operations Thread 26" [_thread_blocked, id=29788, stack(0x000000755f000000,0x000000755f100000)]
  0x00000251659c8000 JavaThread "Unconstrained build operations Thread 27" [_thread_blocked, id=2624, stack(0x000000755f100000,0x000000755f200000)]
  0x00000251659c9000 JavaThread "Unconstrained build operations Thread 28" [_thread_blocked, id=26836, stack(0x000000755f200000,0x000000755f300000)]
  0x000002516517e000 JavaThread "Unconstrained build operations Thread 29" [_thread_blocked, id=11204, stack(0x000000755f300000,0x000000755f400000)]
  0x000002516517a800 JavaThread "Unconstrained build operations Thread 30" [_thread_blocked, id=21232, stack(0x000000755f400000,0x000000755f500000)]
  0x000002516517c800 JavaThread "Unconstrained build operations Thread 31" [_thread_blocked, id=23744, stack(0x000000755f500000,0x000000755f600000)]
  0x000002516517b800 JavaThread "Unconstrained build operations Thread 32" [_thread_blocked, id=17400, stack(0x000000755f600000,0x000000755f700000)]
  0x000002516517d000 JavaThread "Unconstrained build operations Thread 33" [_thread_blocked, id=27996, stack(0x000000755f700000,0x000000755f800000)]
  0x0000025165178000 JavaThread "Unconstrained build operations Thread 34" [_thread_blocked, id=25968, stack(0x000000755f800000,0x000000755f900000)]
  0x000002516517f000 JavaThread "Unconstrained build operations Thread 35" [_thread_blocked, id=29536, stack(0x000000755f900000,0x000000755fa00000)]
  0x0000025165179000 JavaThread "Unconstrained build operations Thread 36" [_thread_blocked, id=25864, stack(0x000000755fa00000,0x000000755fb00000)]
  0x000002516517f800 JavaThread "Unconstrained build operations Thread 37" [_thread_blocked, id=32016, stack(0x000000755fb00000,0x000000755fc00000)]
  0x000002516517a000 JavaThread "Unconstrained build operations Thread 38" [_thread_blocked, id=26352, stack(0x000000755fc00000,0x000000755fd00000)]
  0x0000025165183800 JavaThread "Unconstrained build operations Thread 39" [_thread_blocked, id=20176, stack(0x000000755fd00000,0x000000755fe00000)]
  0x0000025165182000 JavaThread "Unconstrained build operations Thread 40" [_thread_blocked, id=23248, stack(0x000000755fe00000,0x000000755ff00000)]
  0x0000025165184800 JavaThread "Unconstrained build operations Thread 41" [_thread_blocked, id=30296, stack(0x000000755ff00000,0x0000007560000000)]
  0x0000025165183000 JavaThread "Unconstrained build operations Thread 42" [_thread_blocked, id=23420, stack(0x0000007560000000,0x0000007560100000)]
  0x0000025165186000 JavaThread "Unconstrained build operations Thread 43" [_thread_blocked, id=20136, stack(0x0000007560100000,0x0000007560200000)]
  0x0000025165185800 JavaThread "Unconstrained build operations Thread 44" [_thread_blocked, id=17064, stack(0x0000007560200000,0x0000007560300000)]
  0x0000025165180800 JavaThread "Unconstrained build operations Thread 45" [_thread_blocked, id=20780, stack(0x0000007560300000,0x0000007560400000)]
  0x0000025165187000 JavaThread "Unconstrained build operations Thread 46" [_thread_blocked, id=21468, stack(0x0000007560400000,0x0000007560500000)]
  0x0000025165181000 JavaThread "Unconstrained build operations Thread 47" [_thread_blocked, id=21236, stack(0x0000007560500000,0x0000007560600000)]
  0x0000025163665000 JavaThread "Unconstrained build operations Thread 48" [_thread_blocked, id=21408, stack(0x0000007560600000,0x0000007560700000)]
  0x0000025163661000 JavaThread "Unconstrained build operations Thread 49" [_thread_blocked, id=21988, stack(0x0000007560700000,0x0000007560800000)]
  0x0000025163663800 JavaThread "Unconstrained build operations Thread 50" [_thread_blocked, id=21320, stack(0x0000007560800000,0x0000007560900000)]
  0x0000025163662800 JavaThread "Unconstrained build operations Thread 51" [_thread_blocked, id=23172, stack(0x0000007560900000,0x0000007560a00000)]
  0x0000025163666000 JavaThread "Unconstrained build operations Thread 52" [_thread_blocked, id=23548, stack(0x0000007560a00000,0x0000007560b00000)]
  0x0000025163662000 JavaThread "Unconstrained build operations Thread 53" [_thread_blocked, id=30904, stack(0x0000007560b00000,0x0000007560c00000)]
  0x0000025163664800 JavaThread "Unconstrained build operations Thread 54" [_thread_blocked, id=22088, stack(0x0000007560c00000,0x0000007560d00000)]
  0x0000025163660800 JavaThread "Unconstrained build operations Thread 55" [_thread_blocked, id=29016, stack(0x0000007560d00000,0x0000007560e00000)]
  0x0000025163669800 JavaThread "Unconstrained build operations Thread 56" [_thread_blocked, id=29276, stack(0x0000007560e00000,0x0000007560f00000)]
  0x000002516366b800 JavaThread "Unconstrained build operations Thread 57" [_thread_blocked, id=22340, stack(0x0000007560f00000,0x0000007561000000)]
  0x000002516366c800 JavaThread "Unconstrained build operations Thread 58" [_thread_blocked, id=2752, stack(0x0000007561000000,0x0000007561100000)]
  0x000002516366a000 JavaThread "Unconstrained build operations Thread 59" [_thread_blocked, id=27844, stack(0x0000007561100000,0x0000007561200000)]
  0x0000025163667000 JavaThread "Unconstrained build operations Thread 60" [_thread_blocked, id=1500, stack(0x0000007561200000,0x0000007561300000)]
  0x000002516366d800 JavaThread "Unconstrained build operations Thread 61" [_thread_blocked, id=31868, stack(0x0000007561300000,0x0000007561400000)]
  0x000002516366b000 JavaThread "Unconstrained build operations Thread 62" [_thread_blocked, id=17012, stack(0x0000007561400000,0x0000007561500000)]
  0x0000025163667800 JavaThread "Unconstrained build operations Thread 63" [_thread_blocked, id=23292, stack(0x0000007561500000,0x0000007561600000)]
  0x000002516366e000 JavaThread "Unconstrained build operations Thread 64" [_thread_blocked, id=26172, stack(0x0000007561600000,0x0000007561700000)]
  0x0000025163668800 JavaThread "Unconstrained build operations Thread 65" [_thread_blocked, id=11648, stack(0x0000007561700000,0x0000007561800000)]
  0x000002516366f000 JavaThread "Unconstrained build operations Thread 66" [_thread_blocked, id=27040, stack(0x0000007561800000,0x0000007561900000)]
  0x0000025163099800 JavaThread "Unconstrained build operations Thread 67" [_thread_blocked, id=19552, stack(0x0000007561900000,0x0000007561a00000)]
  0x000002516309a000 JavaThread "Unconstrained build operations Thread 68" [_thread_blocked, id=28156, stack(0x0000007561a00000,0x0000007561b00000)]
  0x0000025163098800 JavaThread "Unconstrained build operations Thread 69" [_thread_blocked, id=28480, stack(0x0000007561b00000,0x0000007561c00000)]
  0x00000251630a0800 JavaThread "Unconstrained build operations Thread 70" [_thread_blocked, id=2196, stack(0x0000007561c00000,0x0000007561d00000)]
  0x000002516309c800 JavaThread "Unconstrained build operations Thread 71" [_thread_blocked, id=21848, stack(0x0000007561d00000,0x0000007561e00000)]
  0x000002516309f000 JavaThread "Unconstrained build operations Thread 72" [_thread_blocked, id=548, stack(0x0000007561e00000,0x0000007561f00000)]
  0x000002516309b000 JavaThread "Unconstrained build operations Thread 73" [_thread_blocked, id=22132, stack(0x0000007561f00000,0x0000007562000000)]
  0x000002516309c000 JavaThread "Unconstrained build operations Thread 74" [_thread_blocked, id=26644, stack(0x0000007562000000,0x0000007562100000)]
  0x00000251630a1800 JavaThread "Unconstrained build operations Thread 75" [_thread_blocked, id=19468, stack(0x0000007562100000,0x0000007562200000)]
  0x000002516309e800 JavaThread "Unconstrained build operations Thread 76" [_thread_blocked, id=19224, stack(0x0000007562200000,0x0000007562300000)]
  0x00000251630a2800 JavaThread "Unconstrained build operations Thread 77" [_thread_blocked, id=22164, stack(0x0000007562300000,0x0000007562400000)]
  0x00000251630a3000 JavaThread "Unconstrained build operations Thread 78" [_thread_blocked, id=20648, stack(0x0000007562400000,0x0000007562500000)]
  0x00000251630a0000 JavaThread "Unconstrained build operations Thread 79" [_thread_blocked, id=21148, stack(0x0000007562500000,0x0000007562600000)]
  0x000002516309d800 JavaThread "Unconstrained build operations Thread 80" [_thread_blocked, id=20200, stack(0x0000007562600000,0x0000007562700000)]
  0x00000251630a7000 JavaThread "jar transforms Thread 6" [_thread_blocked, id=2560, stack(0x0000007559d00000,0x0000007559e00000)]
  0x00000251630a4000 JavaThread "jar transforms Thread 7" [_thread_blocked, id=29092, stack(0x0000007559e00000,0x0000007559f00000)]
  0x00000251630a5000 JavaThread "jar transforms Thread 8" [_thread_blocked, id=29116, stack(0x0000007559f00000,0x000000755a000000)]
  0x00000251630a5800 JavaThread "build event listener" [_thread_blocked, id=20960, stack(0x000000755bb00000,0x000000755bc00000)]
  0x00000251630a6800 JavaThread "Memory manager" [_thread_blocked, id=32148, stack(0x0000007562700000,0x0000007562800000)]

Other Threads:
  0x0000025161758000 VMThread "VM Thread" [stack: 0x000000755a600000,0x000000755a700000] [id=31260]
  0x000002516226e000 WatcherThread [stack: 0x000000755b000000,0x000000755b100000] [id=31084]
  0x00000251472d1000 GCTaskThread "GC Thread#0" [stack: 0x000000755a100000,0x000000755a200000] [id=18556]
  0x0000025162e02800 GCTaskThread "GC Thread#1" [stack: 0x000000755b100000,0x000000755b200000] [id=19804]
  0x0000025162f5f800 GCTaskThread "GC Thread#2" [stack: 0x000000755b200000,0x000000755b300000] [id=31384]
  0x0000025164d03800 GCTaskThread "GC Thread#3" [stack: 0x000000755be00000,0x000000755bf00000] [id=13464]
  0x0000025164b6f000 GCTaskThread "GC Thread#4" [stack: 0x000000755bf00000,0x000000755c000000] [id=23764]
  0x0000025164afa000 GCTaskThread "GC Thread#5" [stack: 0x000000755c000000,0x000000755c100000] [id=27308]
  0x0000025164860800 GCTaskThread "GC Thread#6" [stack: 0x000000755c100000,0x000000755c200000] [id=29960]
  0x0000025164ad8800 GCTaskThread "GC Thread#7" [stack: 0x000000755c200000,0x000000755c300000] [id=28972]
  0x0000025147303000 ConcurrentGCThread "G1 Main Marker" [stack: 0x000000755a200000,0x000000755a300000] [id=26748]
  0x0000025147305000 ConcurrentGCThread "G1 Conc#0" [stack: 0x000000755a300000,0x000000755a400000] [id=20040]
  0x0000025162df4800 ConcurrentGCThread "G1 Conc#1" [stack: 0x000000755c400000,0x000000755c500000] [id=13092]
  0x00000251615a8800 ConcurrentGCThread "G1 Refine#0" [stack: 0x000000755a400000,0x000000755a500000] [id=16092]
  0x00000251615ac800 ConcurrentGCThread "G1 Young RemSet Sampling" [stack: 0x000000755a500000,0x000000755a600000] [id=19124]

Threads with active compile tasks:
C2 CompilerThread0    86759 6783       4       java.util.TreeMap::put (247 bytes)

VM state:not at safepoint (normal execution)

VM Mutex/Monitor currently owned by a thread: None

Heap address: 0x0000000080000000, size: 2048 MB, Compressed Oops mode: 32-bit
Narrow klass base: 0x0000000000000000, Narrow klass shift: 3
Compressed class space size: 1073741824 Address: 0x0000000100000000

Heap:
 garbage-first heap   total 129024K, used 66224K [0x0000000080000000, 0x0000000100000000)
  region size 1024K, 20 young (20480K), 4 survivors (4096K)
 Metaspace       used 65249K, capacity 67014K, committed 67356K, reserved 1107968K
  class space    used 8276K, capacity 8951K, committed 9068K, reserved 1048576K
Heap Regions: E=young(eden), S=young(survivor), O=old, HS=humongous(starts), HC=humongous(continues), CS=collection set, F=free, A=archive, TAMS=top-at-mark-start (previous, next)
|   0|0x0000000080000000, 0x0000000080100000, 0x0000000080100000|100%| O|  |TAMS 0x0000000080100000, 0x0000000080000000| Untracked 
|   1|0x0000000080100000, 0x0000000080200000, 0x0000000080200000|100%| O|  |TAMS 0x0000000080200000, 0x0000000080100000| Untracked 
|   2|0x0000000080200000, 0x0000000080300000, 0x0000000080300000|100%| O|  |TAMS 0x0000000080300000, 0x0000000080200000| Untracked 
|   3|0x0000000080300000, 0x0000000080400000, 0x0000000080400000|100%|HS|  |TAMS 0x0000000080400000, 0x0000000080300000| Complete 
|   4|0x0000000080400000, 0x0000000080500000, 0x0000000080500000|100%|HC|  |TAMS 0x0000000080500000, 0x0000000080400000| Complete 
|   5|0x0000000080500000, 0x0000000080600000, 0x0000000080600000|100%|HC|  |TAMS 0x0000000080600000, 0x0000000080500000| Complete 
|   6|0x0000000080600000, 0x0000000080700000, 0x0000000080700000|100%| O|  |TAMS 0x0000000080700000, 0x0000000080600000| Untracked 
|   7|0x0000000080700000, 0x0000000080800000, 0x0000000080800000|100%| O|  |TAMS 0x0000000080800000, 0x0000000080700000| Untracked 
|   8|0x0000000080800000, 0x0000000080900000, 0x0000000080900000|100%| O|  |TAMS 0x0000000080900000, 0x0000000080800000| Untracked 
|   9|0x0000000080900000, 0x0000000080a00000, 0x0000000080a00000|100%| O|  |TAMS 0x0000000080a00000, 0x0000000080900000| Untracked 
|  10|0x0000000080a00000, 0x0000000080b00000, 0x0000000080b00000|100%| O|  |TAMS 0x0000000080b00000, 0x0000000080a00000| Untracked 
|  11|0x0000000080b00000, 0x0000000080c00000, 0x0000000080c00000|100%| O|  |TAMS 0x0000000080c00000, 0x0000000080b00000| Untracked 
|  12|0x0000000080c00000, 0x0000000080d00000, 0x0000000080d00000|100%| O|  |TAMS 0x0000000080d00000, 0x0000000080c00000| Untracked 
|  13|0x0000000080d00000, 0x0000000080e00000, 0x0000000080e00000|100%| O|  |TAMS 0x0000000080e00000, 0x0000000080d00000| Untracked 
|  14|0x0000000080e00000, 0x0000000080f00000, 0x0000000080f00000|100%| O|  |TAMS 0x0000000080f00000, 0x0000000080e00000| Untracked 
|  15|0x0000000080f00000, 0x0000000081000000, 0x0000000081000000|100%| O|  |TAMS 0x0000000081000000, 0x0000000080f00000| Untracked 
|  16|0x0000000081000000, 0x0000000081100000, 0x0000000081100000|100%| O|  |TAMS 0x0000000081100000, 0x0000000081000000| Untracked 
|  17|0x0000000081100000, 0x0000000081200000, 0x0000000081200000|100%|HS|  |TAMS 0x0000000081200000, 0x0000000081100000| Complete 
|  18|0x0000000081200000, 0x0000000081300000, 0x0000000081300000|100%| O|  |TAMS 0x0000000081300000, 0x0000000081200000| Untracked 
|  19|0x0000000081300000, 0x0000000081400000, 0x0000000081400000|100%| O|  |TAMS 0x0000000081400000, 0x0000000081300000| Untracked 
|  20|0x0000000081400000, 0x0000000081500000, 0x0000000081500000|100%| O|  |TAMS 0x0000000081500000, 0x0000000081400000| Untracked 
|  21|0x0000000081500000, 0x0000000081600000, 0x0000000081600000|100%| O|  |TAMS 0x0000000081600000, 0x0000000081500000| Untracked 
|  22|0x0000000081600000, 0x0000000081700000, 0x0000000081700000|100%| O|  |TAMS 0x0000000081700000, 0x0000000081600000| Untracked 
|  23|0x0000000081700000, 0x0000000081800000, 0x0000000081800000|100%| O|  |TAMS 0x0000000081800000, 0x0000000081700000| Untracked 
|  24|0x0000000081800000, 0x0000000081900000, 0x0000000081900000|100%| O|  |TAMS 0x0000000081900000, 0x0000000081800000| Untracked 
|  25|0x0000000081900000, 0x0000000081a00000, 0x0000000081a00000|100%| O|  |TAMS 0x0000000081a00000, 0x0000000081900000| Untracked 
|  26|0x0000000081a00000, 0x0000000081b00000, 0x0000000081b00000|100%| O|  |TAMS 0x0000000081b00000, 0x0000000081a00000| Untracked 
|  27|0x0000000081b00000, 0x0000000081c00000, 0x0000000081c00000|100%| O|  |TAMS 0x0000000081c00000, 0x0000000081b00000| Untracked 
|  28|0x0000000081c00000, 0x0000000081d00000, 0x0000000081d00000|100%| O|  |TAMS 0x0000000081d00000, 0x0000000081c00000| Untracked 
|  29|0x0000000081d00000, 0x0000000081e00000, 0x0000000081e00000|100%|HS|  |TAMS 0x0000000081e00000, 0x0000000081d00000| Complete 
|  30|0x0000000081e00000, 0x0000000081f00000, 0x0000000081f00000|100%| O|  |TAMS 0x0000000081f00000, 0x0000000081e00000| Untracked 
|  31|0x0000000081f00000, 0x0000000082000000, 0x0000000082000000|100%| O|  |TAMS 0x0000000082000000, 0x0000000081f00000| Untracked 
|  32|0x0000000082000000, 0x0000000082100000, 0x0000000082100000|100%| O|  |TAMS 0x0000000082100000, 0x0000000082000000| Untracked 
|  33|0x0000000082100000, 0x0000000082200000, 0x0000000082200000|100%| O|  |TAMS 0x0000000082200000, 0x0000000082100000| Untracked 
|  34|0x0000000082200000, 0x0000000082300000, 0x0000000082300000|100%| O|  |TAMS 0x0000000082300000, 0x0000000082200000| Untracked 
|  35|0x0000000082300000, 0x0000000082400000, 0x0000000082400000|100%| O|  |TAMS 0x0000000082400000, 0x0000000082300000| Untracked 
|  36|0x0000000082400000, 0x0000000082500000, 0x0000000082500000|100%| O|  |TAMS 0x0000000082500000, 0x0000000082400000| Untracked 
|  37|0x0000000082500000, 0x0000000082600000, 0x0000000082600000|100%| O|  |TAMS 0x0000000082600000, 0x0000000082500000| Untracked 
|  38|0x0000000082600000, 0x0000000082700000, 0x0000000082700000|100%| O|  |TAMS 0x0000000082700000, 0x0000000082600000| Untracked 
|  39|0x0000000082700000, 0x0000000082800000, 0x0000000082800000|100%| O|  |TAMS 0x0000000082800000, 0x0000000082700000| Untracked 
|  40|0x0000000082800000, 0x0000000082900000, 0x0000000082900000|100%| O|  |TAMS 0x0000000082881400, 0x0000000082800000| Untracked 
|  41|0x0000000082900000, 0x0000000082900000, 0x0000000082a00000|  0%| F|  |TAMS 0x0000000082900000, 0x0000000082900000| Untracked 
|  42|0x0000000082a00000, 0x0000000082b00000, 0x0000000082b00000|100%| O|  |TAMS 0x0000000082a00000, 0x0000000082a00000| Untracked 
|  43|0x0000000082b00000, 0x0000000082c00000, 0x0000000082c00000|100%| O|  |TAMS 0x0000000082b00000, 0x0000000082b00000| Untracked 
|  44|0x0000000082c00000, 0x0000000082d00000, 0x0000000082d00000|100%| O|  |TAMS 0x0000000082c00000, 0x0000000082c00000| Untracked 
|  45|0x0000000082d00000, 0x0000000082e00000, 0x0000000082e00000|100%| O|  |TAMS 0x0000000082d00000, 0x0000000082d00000| Untracked 
|  46|0x0000000082e00000, 0x0000000082f00000, 0x0000000082f00000|100%| O|  |TAMS 0x0000000082e00000, 0x0000000082e00000| Untracked 
|  47|0x0000000082f00000, 0x0000000082f00000, 0x0000000083000000|  0%| F|  |TAMS 0x0000000082f00000, 0x0000000082f00000| Untracked 
|  48|0x0000000083000000, 0x0000000083000000, 0x0000000083100000|  0%| F|  |TAMS 0x0000000083000000, 0x0000000083000000| Untracked 
|  49|0x0000000083100000, 0x0000000083100000, 0x0000000083200000|  0%| F|  |TAMS 0x0000000083100000, 0x0000000083100000| Untracked 
|  50|0x0000000083200000, 0x0000000083200000, 0x0000000083300000|  0%| F|  |TAMS 0x0000000083200000, 0x0000000083200000| Untracked 
|  51|0x0000000083300000, 0x0000000083300000, 0x0000000083400000|  0%| F|  |TAMS 0x0000000083300000, 0x0000000083300000| Untracked 
|  52|0x0000000083400000, 0x0000000083400000, 0x0000000083500000|  0%| F|  |TAMS 0x0000000083400000, 0x0000000083400000| Untracked 
|  53|0x0000000083500000, 0x0000000083500000, 0x0000000083600000|  0%| F|  |TAMS 0x0000000083500000, 0x0000000083500000| Untracked 
|  54|0x0000000083600000, 0x0000000083600000, 0x0000000083700000|  0%| F|  |TAMS 0x0000000083600000, 0x0000000083600000| Untracked 
|  55|0x0000000083700000, 0x0000000083700000, 0x0000000083800000|  0%| F|  |TAMS 0x0000000083700000, 0x0000000083700000| Untracked 
|  56|0x0000000083800000, 0x0000000083800000, 0x0000000083900000|  0%| F|  |TAMS 0x0000000083800000, 0x0000000083800000| Untracked 
|  57|0x0000000083900000, 0x0000000083900000, 0x0000000083a00000|  0%| F|  |TAMS 0x0000000083900000, 0x0000000083900000| Untracked 
|  58|0x0000000083a00000, 0x0000000083a00000, 0x0000000083b00000|  0%| F|  |TAMS 0x0000000083a00000, 0x0000000083a00000| Untracked 
|  59|0x0000000083b00000, 0x0000000083b00000, 0x0000000083c00000|  0%| F|  |TAMS 0x0000000083b00000, 0x0000000083b00000| Untracked 
|  60|0x0000000083c00000, 0x0000000083c00000, 0x0000000083d00000|  0%| F|  |TAMS 0x0000000083c00000, 0x0000000083c00000| Untracked 
|  61|0x0000000083d00000, 0x0000000083d00000, 0x0000000083e00000|  0%| F|  |TAMS 0x0000000083d00000, 0x0000000083d00000| Untracked 
|  62|0x0000000083e00000, 0x0000000083e00000, 0x0000000083f00000|  0%| F|  |TAMS 0x0000000083e00000, 0x0000000083e00000| Untracked 
|  63|0x0000000083f00000, 0x0000000083f00000, 0x0000000084000000|  0%| F|  |TAMS 0x0000000083f00000, 0x0000000083f00000| Untracked 
|  64|0x0000000084000000, 0x0000000084000000, 0x0000000084100000|  0%| F|  |TAMS 0x0000000084000000, 0x0000000084000000| Untracked 
|  65|0x0000000084100000, 0x0000000084100000, 0x0000000084200000|  0%| F|  |TAMS 0x0000000084100000, 0x0000000084100000| Untracked 
|  66|0x0000000084200000, 0x0000000084200000, 0x0000000084300000|  0%| F|  |TAMS 0x0000000084200000, 0x0000000084200000| Untracked 
|  67|0x0000000084300000, 0x0000000084300000, 0x0000000084400000|  0%| F|  |TAMS 0x0000000084300000, 0x0000000084300000| Untracked 
|  68|0x0000000084400000, 0x0000000084400000, 0x0000000084500000|  0%| F|  |TAMS 0x0000000084400000, 0x0000000084400000| Untracked 
|  69|0x0000000084500000, 0x0000000084500000, 0x0000000084600000|  0%| F|  |TAMS 0x0000000084500000, 0x0000000084500000| Untracked 
|  70|0x0000000084600000, 0x0000000084600000, 0x0000000084700000|  0%| F|  |TAMS 0x0000000084600000, 0x0000000084600000| Untracked 
|  71|0x0000000084700000, 0x0000000084700000, 0x0000000084800000|  0%| F|  |TAMS 0x0000000084700000, 0x0000000084700000| Untracked 
|  72|0x0000000084800000, 0x0000000084800000, 0x0000000084900000|  0%| F|  |TAMS 0x0000000084800000, 0x0000000084800000| Untracked 
|  73|0x0000000084900000, 0x00000000849ac080, 0x0000000084a00000| 67%| S|CS|TAMS 0x0000000084900000, 0x0000000084900000| Complete 
|  74|0x0000000084a00000, 0x0000000084b00000, 0x0000000084b00000|100%| S|CS|TAMS 0x0000000084a00000, 0x0000000084a00000| Complete 
|  75|0x0000000084b00000, 0x0000000084b00000, 0x0000000084c00000|  0%| F|  |TAMS 0x0000000084b00000, 0x0000000084b00000| Untracked 
|  76|0x0000000084c00000, 0x0000000084c00000, 0x0000000084d00000|  0%| F|  |TAMS 0x0000000084c00000, 0x0000000084c00000| Untracked 
|  77|0x0000000084d00000, 0x0000000084d00000, 0x0000000084e00000|  0%| F|  |TAMS 0x0000000084d00000, 0x0000000084d00000| Untracked 
|  78|0x0000000084e00000, 0x0000000084e00000, 0x0000000084f00000|  0%| F|  |TAMS 0x0000000084e00000, 0x0000000084e00000| Untracked 
|  79|0x0000000084f00000, 0x0000000084f00000, 0x0000000085000000|  0%| F|  |TAMS 0x0000000084f00000, 0x0000000084f00000| Untracked 
|  80|0x0000000085000000, 0x0000000085000000, 0x0000000085100000|  0%| F|  |TAMS 0x0000000085000000, 0x0000000085000000| Untracked 
|  81|0x0000000085100000, 0x0000000085200000, 0x0000000085200000|100%| S|CS|TAMS 0x0000000085100000, 0x0000000085100000| Complete 
|  82|0x0000000085200000, 0x0000000085300000, 0x0000000085300000|100%| S|CS|TAMS 0x0000000085200000, 0x0000000085200000| Complete 
|  83|0x0000000085300000, 0x0000000085300000, 0x0000000085400000|  0%| F|  |TAMS 0x0000000085300000, 0x0000000085300000| Untracked 
|  84|0x0000000085400000, 0x0000000085400000, 0x0000000085500000|  0%| F|  |TAMS 0x0000000085400000, 0x0000000085400000| Untracked 
|  85|0x0000000085500000, 0x0000000085500000, 0x0000000085600000|  0%| F|  |TAMS 0x0000000085500000, 0x0000000085500000| Untracked 
|  86|0x0000000085600000, 0x0000000085600000, 0x0000000085700000|  0%| F|  |TAMS 0x0000000085600000, 0x0000000085600000| Untracked 
|  87|0x0000000085700000, 0x0000000085700000, 0x0000000085800000|  0%| F|  |TAMS 0x0000000085700000, 0x0000000085700000| Untracked 
|  88|0x0000000085800000, 0x0000000085800000, 0x0000000085900000|  0%| F|  |TAMS 0x0000000085800000, 0x0000000085800000| Untracked 
|  89|0x0000000085900000, 0x0000000085900000, 0x0000000085a00000|  0%| F|  |TAMS 0x0000000085900000, 0x0000000085900000| Untracked 
|  90|0x0000000085a00000, 0x0000000085a00000, 0x0000000085b00000|  0%| F|  |TAMS 0x0000000085a00000, 0x0000000085a00000| Untracked 
|  91|0x0000000085b00000, 0x0000000085b00000, 0x0000000085c00000|  0%| F|  |TAMS 0x0000000085b00000, 0x0000000085b00000| Untracked 
|  92|0x0000000085c00000, 0x0000000085c00000, 0x0000000085d00000|  0%| F|  |TAMS 0x0000000085c00000, 0x0000000085c00000| Untracked 
|  93|0x0000000085d00000, 0x0000000085d00000, 0x0000000085e00000|  0%| F|  |TAMS 0x0000000085d00000, 0x0000000085d00000| Untracked 
|  94|0x0000000085e00000, 0x0000000085e00000, 0x0000000085f00000|  0%| F|  |TAMS 0x0000000085e00000, 0x0000000085e00000| Untracked 
|  95|0x0000000085f00000, 0x0000000085f00000, 0x0000000086000000|  0%| F|  |TAMS 0x0000000085f00000, 0x0000000085f00000| Untracked 
|  96|0x0000000086000000, 0x0000000086000000, 0x0000000086100000|  0%| F|  |TAMS 0x0000000086000000, 0x0000000086000000| Untracked 
|  97|0x0000000086100000, 0x0000000086100000, 0x0000000086200000|  0%| F|  |TAMS 0x0000000086100000, 0x0000000086100000| Untracked 
|  98|0x0000000086200000, 0x0000000086200000, 0x0000000086300000|  0%| F|  |TAMS 0x0000000086200000, 0x0000000086200000| Untracked 
|  99|0x0000000086300000, 0x0000000086300000, 0x0000000086400000|  0%| F|  |TAMS 0x0000000086300000, 0x0000000086300000| Untracked 
| 100|0x0000000086400000, 0x0000000086400000, 0x0000000086500000|  0%| F|  |TAMS 0x0000000086400000, 0x0000000086400000| Untracked 
| 101|0x0000000086500000, 0x0000000086500000, 0x0000000086600000|  0%| F|  |TAMS 0x0000000086500000, 0x0000000086500000| Untracked 
| 102|0x0000000086600000, 0x0000000086600000, 0x0000000086700000|  0%| F|  |TAMS 0x0000000086600000, 0x0000000086600000| Untracked 
| 103|0x0000000086700000, 0x0000000086700000, 0x0000000086800000|  0%| F|  |TAMS 0x0000000086700000, 0x0000000086700000| Untracked 
| 104|0x0000000086800000, 0x0000000086800000, 0x0000000086900000|  0%| F|  |TAMS 0x0000000086800000, 0x0000000086800000| Untracked 
| 105|0x0000000086900000, 0x0000000086900000, 0x0000000086a00000|  0%| F|  |TAMS 0x0000000086900000, 0x0000000086900000| Untracked 
| 106|0x0000000086a00000, 0x0000000086a00000, 0x0000000086b00000|  0%| F|  |TAMS 0x0000000086a00000, 0x0000000086a00000| Untracked 
| 107|0x0000000086b00000, 0x0000000086b00000, 0x0000000086c00000|  0%| F|  |TAMS 0x0000000086b00000, 0x0000000086b00000| Untracked 
| 108|0x0000000086c00000, 0x0000000086c00000, 0x0000000086d00000|  0%| F|  |TAMS 0x0000000086c00000, 0x0000000086c00000| Untracked 
| 109|0x0000000086d00000, 0x0000000086d00000, 0x0000000086e00000|  0%| F|  |TAMS 0x0000000086d00000, 0x0000000086d00000| Untracked 
| 110|0x0000000086e00000, 0x0000000086f00000, 0x0000000086f00000|100%| E|  |TAMS 0x0000000086e00000, 0x0000000086e00000| Complete 
| 111|0x0000000086f00000, 0x0000000087000000, 0x0000000087000000|100%| E|CS|TAMS 0x0000000086f00000, 0x0000000086f00000| Complete 
| 112|0x0000000087000000, 0x0000000087100000, 0x0000000087100000|100%| E|CS|TAMS 0x0000000087000000, 0x0000000087000000| Complete 
| 113|0x0000000087100000, 0x0000000087200000, 0x0000000087200000|100%| E|CS|TAMS 0x0000000087100000, 0x0000000087100000| Complete 
| 114|0x0000000087200000, 0x0000000087300000, 0x0000000087300000|100%| E|CS|TAMS 0x0000000087200000, 0x0000000087200000| Complete 
| 115|0x0000000087300000, 0x0000000087400000, 0x0000000087400000|100%| E|CS|TAMS 0x0000000087300000, 0x0000000087300000| Complete 
| 116|0x0000000087400000, 0x0000000087500000, 0x0000000087500000|100%| E|CS|TAMS 0x0000000087400000, 0x0000000087400000| Complete 
| 117|0x0000000087500000, 0x0000000087600000, 0x0000000087600000|100%| E|CS|TAMS 0x0000000087500000, 0x0000000087500000| Complete 
| 118|0x0000000087600000, 0x0000000087700000, 0x0000000087700000|100%| E|CS|TAMS 0x0000000087600000, 0x0000000087600000| Complete 
| 119|0x0000000087700000, 0x0000000087800000, 0x0000000087800000|100%| E|CS|TAMS 0x0000000087700000, 0x0000000087700000| Complete 
| 120|0x0000000087800000, 0x0000000087900000, 0x0000000087900000|100%| E|CS|TAMS 0x0000000087800000, 0x0000000087800000| Complete 
| 121|0x0000000087900000, 0x0000000087a00000, 0x0000000087a00000|100%| E|CS|TAMS 0x0000000087900000, 0x0000000087900000| Complete 
| 122|0x0000000087a00000, 0x0000000087b00000, 0x0000000087b00000|100%| E|CS|TAMS 0x0000000087a00000, 0x0000000087a00000| Complete 
| 123|0x0000000087b00000, 0x0000000087c00000, 0x0000000087c00000|100%| E|CS|TAMS 0x0000000087b00000, 0x0000000087b00000| Complete 
| 124|0x0000000087c00000, 0x0000000087d00000, 0x0000000087d00000|100%| E|CS|TAMS 0x0000000087c00000, 0x0000000087c00000| Complete 
| 125|0x0000000087d00000, 0x0000000087e00000, 0x0000000087e00000|100%| E|CS|TAMS 0x0000000087d00000, 0x0000000087d00000| Complete 

Card table byte_map: [0x000002515a510000,0x000002515a910000] _byte_map_base: 0x000002515a110000

Marking Bits (Prev, Next): (CMBitMap*) 0x00000251472fa058, (CMBitMap*) 0x00000251472fa090
 Prev Bits: [0x000002515ad10000, 0x000002515cd10000)
 Next Bits: [0x000002515cd10000, 0x000002515ed10000)

Polling page: 0x0000025145260000

Metaspace:

Usage:
  Non-class:     56.70 MB capacity,    55.64 MB ( 98%) used,   911.01 KB (  2%) free+waste,   179.31 KB ( <1%) overhead. 
      Class:      8.74 MB capacity,     8.08 MB ( 92%) used,   589.77 KB (  7%) free+waste,    84.81 KB ( <1%) overhead. 
       Both:     65.44 MB capacity,    63.72 MB ( 97%) used,     1.47 MB (  2%) free+waste,   264.12 KB ( <1%) overhead. 

Virtual space:
  Non-class space:       58.00 MB reserved,      56.92 MB ( 98%) committed 
      Class space:        1.00 GB reserved,       8.86 MB ( <1%) committed 
             Both:        1.06 GB reserved,      65.78 MB (  6%) committed 

Chunk freelists:
   Non-Class:  33.00 KB
       Class:  9.00 KB
        Both:  42.00 KB

MaxMetaspaceSize: 17179869184.00 GB
CompressedClassSpaceSize: 1.00 GB
Initial GC threshold: 20.80 MB
Current GC threshold: 104.84 MB
CDS: off

CodeHeap 'non-profiled nmethods': size=120000Kb used=3365Kb max_used=3365Kb free=116634Kb
 bounds [0x00000251528b0000, 0x0000025152c00000, 0x0000025159de0000]
CodeHeap 'profiled nmethods': size=120000Kb used=14297Kb max_used=14297Kb free=105702Kb
 bounds [0x000002514b380000, 0x000002514c180000, 0x00000251528b0000]
CodeHeap 'non-nmethods': size=5760Kb used=2351Kb max_used=2381Kb free=3408Kb
 bounds [0x000002514ade0000, 0x000002514b050000, 0x000002514b380000]
 total_blobs=7567 nmethods=6698 adapters=781
 compilation: enabled
              stopped_count=0, restarted_count=0
 full_count=0

Compilation events (20 events):
Event: 85.674 Thread 0x0000025161778000 6835       1       com.android.tools.build.jetifier.core.pom.PomRewriteRule::getTo (5 bytes)
Event: 85.674 Thread 0x0000025161778000 nmethod 6835 0x0000025152bf8510 code [0x0000025152bf86c0, 0x0000025152bf8778]
Event: 85.674 Thread 0x0000025161778000 6838       3       java.lang.invoke.Invokers$Holder::linkToTargetMethod (10 bytes)
Event: 85.675 Thread 0x0000025161778000 nmethod 6838 0x000002514c143f10 code [0x000002514c1440e0, 0x000002514c1443d8]
Event: 85.675 Thread 0x0000025161778000 6839       3       java.util.regex.Pattern$$Lambda$13/0x0000000100088040::get$Lambda (10 bytes)
Event: 85.675 Thread 0x0000025161778000 nmethod 6839 0x000002514c144490 code [0x000002514c144640, 0x000002514c144838]
Event: 85.675 Thread 0x0000025161778000 6840       3       java.util.regex.Pattern::Range (36 bytes)
Event: 85.677 Thread 0x0000025161778000 nmethod 6840 0x000002514c144910 code [0x000002514c144b20, 0x000002514c1450a8]
Event: 85.677 Thread 0x0000025161778000 6842       3       java.util.regex.Pattern$BmpCharPredicate$$Lambda$14/0x0000000100088440::get$Lambda (10 bytes)
Event: 85.677 Thread 0x0000025161778000 nmethod 6842 0x000002514c145290 code [0x000002514c145460, 0x000002514c145718]
Event: 85.677 Thread 0x0000025161778000 6841       3       java.util.regex.Pattern$BmpCharPredicate::union (23 bytes)
Event: 85.679 Thread 0x0000025161778000 nmethod 6841 0x000002514c145810 code [0x000002514c145a20, 0x000002514c146248]
Event: 85.679 Thread 0x0000025161778000 6844       3       java.util.regex.Pattern$Begin::<init> (5 bytes)
Event: 85.679 Thread 0x0000025161778000 nmethod 6844 0x000002514c146490 code [0x000002514c146660, 0x000002514c146898]
Event: 85.679 Thread 0x0000025161778000 6845       3       kotlin.text.Regex::<init> (21 bytes)
Event: 85.681 Thread 0x0000025161778000 nmethod 6845 0x000002514c146990 code [0x000002514c146c00, 0x000002514c147478]
Event: 85.681 Thread 0x0000025161778000 6846       3       kotlin.text.Regex::<init> (16 bytes)
Event: 85.683 Thread 0x0000025161778000 nmethod 6846 0x000002514c147790 code [0x000002514c1479c0, 0x000002514c147ff8]
Event: 85.683 Thread 0x0000025161778000 6843       1       com.android.tools.build.jetifier.processor.transform.TransformationContext::getVersions (5 bytes)
Event: 85.683 Thread 0x0000025161778000 nmethod 6843 0x0000025152bf8810 code [0x0000025152bf89c0, 0x0000025152bf8a78]

GC Heap History (20 events):
Event: 16.982 GC heap before
{Heap before GC invocations=2 (full 0):
 garbage-first heap   total 129024K, used 39013K [0x0000000080000000, 0x0000000100000000)
  region size 1024K, 33 young (33792K), 10 survivors (10240K)
 Metaspace       used 20801K, capacity 21153K, committed 21296K, reserved 1069056K
  class space    used 2516K, capacity 2651K, committed 2688K, reserved 1048576K
}
Event: 17.007 GC heap after
{Heap after GC invocations=3 (full 0):
 garbage-first heap   total 129024K, used 17293K [0x0000000080000000, 0x0000000100000000)
  region size 1024K, 1 young (1024K), 1 survivors (1024K)
 Metaspace       used 20801K, capacity 21153K, committed 21296K, reserved 1069056K
  class space    used 2516K, capacity 2651K, committed 2688K, reserved 1048576K
}
Event: 20.236 GC heap before
{Heap before GC invocations=4 (full 0):
 garbage-first heap   total 129024K, used 66445K [0x0000000080000000, 0x0000000100000000)
  region size 1024K, 50 young (51200K), 1 survivors (1024K)
 Metaspace       used 26295K, capacity 26908K, committed 27184K, reserved 1073152K
  class space    used 3405K, capacity 3621K, committed 3712K, reserved 1048576K
}
Event: 20.248 GC heap after
{Heap after GC invocations=5 (full 0):
 garbage-first heap   total 129024K, used 19120K [0x0000000080000000, 0x0000000100000000)
  region size 1024K, 3 young (3072K), 3 survivors (3072K)
 Metaspace       used 26295K, capacity 26908K, committed 27184K, reserved 1073152K
  class space    used 3405K, capacity 3621K, committed 3712K, reserved 1048576K
}
Event: 24.678 GC heap before
{Heap before GC invocations=5 (full 0):
 garbage-first heap   total 129024K, used 74416K [0x0000000080000000, 0x0000000100000000)
  region size 1024K, 57 young (58368K), 3 survivors (3072K)
 Metaspace       used 31870K, capacity 32629K, committed 32688K, reserved 1077248K
  class space    used 4261K, capacity 4556K, committed 4608K, reserved 1048576K
}
Event: 24.700 GC heap after
{Heap after GC invocations=6 (full 0):
 garbage-first heap   total 129024K, used 20708K [0x0000000080000000, 0x0000000100000000)
  region size 1024K, 5 young (5120K), 5 survivors (5120K)
 Metaspace       used 31870K, capacity 32629K, committed 32688K, reserved 1077248K
  class space    used 4261K, capacity 4556K, committed 4608K, reserved 1048576K
}
Event: 26.276 GC heap before
{Heap before GC invocations=6 (full 0):
 garbage-first heap   total 129024K, used 34020K [0x0000000080000000, 0x0000000100000000)
  region size 1024K, 19 young (19456K), 5 survivors (5120K)
 Metaspace       used 34900K, capacity 35724K, committed 35888K, reserved 1081344K
  class space    used 4555K, capacity 4880K, committed 4992K, reserved 1048576K
}
Event: 26.312 GC heap after
{Heap after GC invocations=7 (full 0):
 garbage-first heap   total 129024K, used 22533K [0x0000000080000000, 0x0000000100000000)
  region size 1024K, 6 young (6144K), 6 survivors (6144K)
 Metaspace       used 34900K, capacity 35724K, committed 35888K, reserved 1081344K
  class space    used 4555K, capacity 4880K, committed 4992K, reserved 1048576K
}
Event: 30.547 GC heap before
{Heap before GC invocations=8 (full 0):
 garbage-first heap   total 129024K, used 83973K [0x0000000080000000, 0x0000000100000000)
  region size 1024K, 64 young (65536K), 6 survivors (6144K)
 Metaspace       used 40775K, capacity 41737K, committed 41904K, reserved 1085440K
  class space    used 5143K, capacity 5517K, committed 5632K, reserved 1048576K
}
Event: 30.585 GC heap after
{Heap after GC invocations=9 (full 0):
 garbage-first heap   total 129024K, used 28120K [0x0000000080000000, 0x0000000100000000)
  region size 1024K, 8 young (8192K), 8 survivors (8192K)
 Metaspace       used 40775K, capacity 41737K, committed 41904K, reserved 1085440K
  class space    used 5143K, capacity 5517K, committed 5632K, reserved 1048576K
}
Event: 35.861 GC heap before
{Heap before GC invocations=9 (full 0):
 garbage-first heap   total 129024K, used 87512K [0x0000000080000000, 0x0000000100000000)
  region size 1024K, 66 young (67584K), 8 survivors (8192K)
 Metaspace       used 45915K, capacity 47006K, committed 47152K, reserved 1089536K
  class space    used 5827K, capacity 6260K, committed 6272K, reserved 1048576K
}
Event: 35.896 GC heap after
{Heap after GC invocations=10 (full 0):
 garbage-first heap   total 129024K, used 30926K [0x0000000080000000, 0x0000000100000000)
  region size 1024K, 3 young (3072K), 3 survivors (3072K)
 Metaspace       used 45915K, capacity 47006K, committed 47152K, reserved 1089536K
  class space    used 5827K, capacity 6260K, committed 6272K, reserved 1048576K
}
Event: 64.288 GC heap before
{Heap before GC invocations=10 (full 0):
 garbage-first heap   total 129024K, used 90318K [0x0000000080000000, 0x0000000100000000)
  region size 1024K, 61 young (62464K), 3 survivors (3072K)
 Metaspace       used 49350K, capacity 50647K, committed 50736K, reserved 1093632K
  class space    used 6257K, capacity 6747K, committed 6784K, reserved 1048576K
}
Event: 64.309 GC heap after
{Heap after GC invocations=11 (full 0):
 garbage-first heap   total 129024K, used 32806K [0x0000000080000000, 0x0000000100000000)
  region size 1024K, 5 young (5120K), 5 survivors (5120K)
 Metaspace       used 49350K, capacity 50647K, committed 50736K, reserved 1093632K
  class space    used 6257K, capacity 6747K, committed 6784K, reserved 1048576K
}
Event: 75.977 GC heap before
{Heap before GC invocations=11 (full 0):
 garbage-first heap   total 129024K, used 95270K [0x0000000080000000, 0x0000000100000000)
  region size 1024K, 64 young (65536K), 5 survivors (5120K)
 Metaspace       used 55325K, capacity 56763K, committed 56880K, reserved 1099776K
  class space    used 6968K, capacity 7534K, committed 7552K, reserved 1048576K
}
Event: 76.007 GC heap after
{Heap after GC invocations=12 (full 0):
 garbage-first heap   total 129024K, used 41630K [0x0000000080000000, 0x0000000100000000)
  region size 1024K, 8 young (8192K), 8 survivors (8192K)
 Metaspace       used 55325K, capacity 56763K, committed 56880K, reserved 1099776K
  class space    used 6968K, capacity 7534K, committed 7552K, reserved 1048576K
}
Event: 78.251 GC heap before
{Heap before GC invocations=12 (full 0):
 garbage-first heap   total 129024K, used 64158K [0x0000000080000000, 0x0000000100000000)
  region size 1024K, 31 young (31744K), 8 survivors (8192K)
 Metaspace       used 58623K, capacity 60200K, committed 60240K, reserved 1101824K
  class space    used 7430K, capacity 8066K, committed 8096K, reserved 1048576K
}
Event: 78.285 GC heap after
{Heap after GC invocations=13 (full 0):
 garbage-first heap   total 129024K, used 42956K [0x0000000080000000, 0x0000000100000000)
  region size 1024K, 2 young (2048K), 2 survivors (2048K)
 Metaspace       used 58623K, capacity 60200K, committed 60240K, reserved 1101824K
  class space    used 7430K, capacity 8066K, committed 8096K, reserved 1048576K
}
Event: 82.809 GC heap before
{Heap before GC invocations=14 (full 0):
 garbage-first heap   total 129024K, used 94156K [0x0000000080000000, 0x0000000100000000)
  region size 1024K, 45 young (46080K), 2 survivors (2048K)
 Metaspace       used 62572K, capacity 64112K, committed 64284K, reserved 1105920K
  class space    used 7909K, capacity 8526K, committed 8556K, reserved 1048576K
}
Event: 82.848 GC heap after
{Heap after GC invocations=15 (full 0):
 garbage-first heap   total 129024K, used 47230K [0x0000000080000000, 0x0000000100000000)
  region size 1024K, 6 young (6144K), 6 survivors (6144K)
 Metaspace       used 62572K, capacity 64112K, committed 64284K, reserved 1105920K
  class space    used 7909K, capacity 8526K, committed 8556K, reserved 1048576K
}

Deoptimization events (20 events):
Event: 84.833 Thread 0x0000025163ed1800 Uncommon trap: trap_request=0xffffff4d fr.pc=0x0000025152bdfbd8 relative=0x0000000000000af8
Event: 84.833 Thread 0x0000025163ed1800 Uncommon trap: reason=unstable_if action=reinterpret pc=0x0000025152bdfbd8 method=org.objectweb.asm.Label.resolve([BI)Z @ 80 c2
Event: 84.833 Thread 0x0000025163ed1800 DEOPT PACKING pc=0x0000025152bdfbd8 sp=0x000000755b9f6020
Event: 84.833 Thread 0x0000025163ed1800 DEOPT UNPACKING pc=0x000002514ae2a1af sp=0x000000755b9f5f40 mode 2
Event: 84.833 Thread 0x0000025163ed1800 Uncommon trap: trap_request=0xffffff4d fr.pc=0x0000025152bc3e24 relative=0x0000000000000204
Event: 84.833 Thread 0x0000025163ed1800 Uncommon trap: reason=unstable_if action=reinterpret pc=0x0000025152bc3e24 method=org.objectweb.asm.Label.resolve([BI)Z @ 80 c2
Event: 84.833 Thread 0x0000025163ed1800 DEOPT PACKING pc=0x0000025152bc3e24 sp=0x000000755b9f5fb0
Event: 84.833 Thread 0x0000025163ed1800 DEOPT UNPACKING pc=0x000002514ae2a1af sp=0x000000755b9f5f30 mode 2
Event: 85.618 Thread 0x0000025163ed1800 Uncommon trap: trap_request=0xffffff4d fr.pc=0x0000025152964c38 relative=0x00000000000006d8
Event: 85.618 Thread 0x0000025163ed1800 Uncommon trap: reason=unstable_if action=reinterpret pc=0x0000025152964c38 method=java.lang.AbstractStringBuilder.appendChars(Ljava/lang/CharSequence;II)V @ 43 c2
Event: 85.618 Thread 0x0000025163ed1800 DEOPT PACKING pc=0x0000025152964c38 sp=0x000000755b9f6510
Event: 85.618 Thread 0x0000025163ed1800 DEOPT UNPACKING pc=0x000002514ae2a1af sp=0x000000755b9f6440 mode 2
Event: 85.618 Thread 0x0000025163ed1800 Uncommon trap: trap_request=0xffffff4d fr.pc=0x000002515290aa08 relative=0x00000000000001c8
Event: 85.618 Thread 0x0000025163ed1800 Uncommon trap: reason=unstable_if action=reinterpret pc=0x000002515290aa08 method=java.lang.AbstractStringBuilder.isLatin1()Z @ 10 c2
Event: 85.618 Thread 0x0000025163ed1800 DEOPT PACKING pc=0x000002515290aa08 sp=0x000000755b9f6490
Event: 85.618 Thread 0x0000025163ed1800 DEOPT UNPACKING pc=0x000002514ae2a1af sp=0x000000755b9f63d0 mode 2
Event: 85.619 Thread 0x0000025163ed1800 Uncommon trap: trap_request=0xffffff4d fr.pc=0x00000251528bcfd4 relative=0x0000000000000034
Event: 85.619 Thread 0x0000025163ed1800 Uncommon trap: reason=unstable_if action=reinterpret pc=0x00000251528bcfd4 method=java.lang.StringLatin1.canEncode(I)Z @ 4 c2
Event: 85.619 Thread 0x0000025163ed1800 DEOPT PACKING pc=0x00000251528bcfd4 sp=0x000000755b9f64a0
Event: 85.619 Thread 0x0000025163ed1800 DEOPT UNPACKING pc=0x000002514ae2a1af sp=0x000000755b9f6430 mode 2

Classes redefined (0 events):
No events

Internal exceptions (20 events):
Event: 77.396 Thread 0x0000025163ed1800 Exception <a 'java/lang/NoSuchMethodError'{0x0000000086e3c3d8}: 'java.lang.Object java.lang.invoke.DirectMethodHandle$Holder.invokeStatic(java.lang.Object, java.lang.Object, java.lang.Object, java.lang.Object, int, int)'> (0x0000000086e3c3d8) thrown at [src/hotspot/share/interpreter/linkResolver.cpp, line 773]
Event: 77.404 Thread 0x0000025163ed1800 Exception <a 'java/lang/NoSuchMethodError'{0x0000000086e52a50}: 'java.lang.Object java.lang.invoke.DirectMethodHandle$Holder.invokeStatic(java.lang.Object, java.lang.Object, java.lang.Object, java.lang.Object, int, int, java.lang.Object)'> (0x0000000086e52a50) thrown at [src/hotspot/share/interpreter/linkResolver.cpp, line 773]
Event: 77.420 Thread 0x0000025163ed1800 Exception <a 'java/lang/NoSuchMethodError'{0x0000000086e6aa40}: 'java.lang.Object java.lang.invoke.DirectMethodHandle$Holder.invokeStatic(java.lang.Object, java.lang.Object, java.lang.Object, java.lang.Object, int, int, java.lang.Object, java.lang.Object)'> (0x0000000086e6aa40) thrown at [src/hotspot/share/interpreter/linkResolver.cpp, line 773]
Event: 77.426 Thread 0x0000025163ed1800 Exception <a 'java/lang/NoSuchMethodError'{0x0000000086e84218}: 'java.lang.Object java.lang.invoke.DirectMethodHandle$Holder.invokeStatic(java.lang.Object, java.lang.Object, java.lang.Object, java.lang.Object, int, int, java.lang.Object, java.lang.Object, java.lang.Object)'> (0x0000000086e84218) thrown at [src/hotspot/share/interpreter/linkResolver.cpp, line 773]
Event: 77.628 Thread 0x0000025163ed1800 Exception <a 'java/lang/IncompatibleClassChangeError'{0x0000000086daa350}: Found class java.lang.Object, but interface was expected> (0x0000000086daa350) thrown at [src/hotspot/share/interpreter/linkResolver.cpp, line 839]
Event: 77.986 Thread 0x0000025163ed1800 Implicit null exception at 0x0000025152b36d54 to 0x0000025152b36ed0
Event: 78.547 Thread 0x0000025163ed1800 Implicit null exception at 0x0000025152ab248d to 0x0000025152ab269c
Event: 81.210 Thread 0x0000025163ed1800 Exception <a 'sun/nio/fs/WindowsException'{0x0000000086780b38}> (0x0000000086780b38) thrown at [src/hotspot/share/prims/jni.cpp, line 617]
Event: 83.662 Thread 0x0000025163ed1800 Exception <a 'java/lang/ClassNotFoundException'{0x00000000876ab2a0}: org/gradle/api/internal/project/DefaultProject_DecoratedBeanInfo> (0x00000000876ab2a0) thrown at [src/hotspot/share/classfile/systemDictionary.cpp, line 230]
Event: 83.671 Thread 0x0000025163ed1800 Exception <a 'java/lang/ClassNotFoundException'{0x00000000876e2fb0}: org/gradle/api/internal/project/DefaultProjectBeanInfo> (0x00000000876e2fb0) thrown at [src/hotspot/share/classfile/systemDictionary.cpp, line 230]
Event: 83.676 Thread 0x0000025163ed1800 Exception <a 'java/lang/ClassNotFoundException'{0x000000008751a938}: org/gradle/api/internal/project/DefaultProjectCustomizer> (0x000000008751a938) thrown at [src/hotspot/share/classfile/systemDictionary.cpp, line 230]
Event: 83.698 Thread 0x0000025163ed1800 Exception <a 'java/lang/ClassNotFoundException'{0x00000000875e8188}: org/gradle/api/internal/project/DefaultProject_DecoratedCustomizer> (0x00000000875e8188) thrown at [src/hotspot/share/classfile/systemDictionary.cpp, line 230]
Event: 83.852 Thread 0x0000025163ed1800 Exception <a 'java/lang/ClassNotFoundException'{0x00000000874f6d48}: org/gradle/api/plugins/internal/DefaultBasePluginConventionBeanInfo> (0x00000000874f6d48) thrown at [src/hotspot/share/classfile/systemDictionary.cpp, line 230]
Event: 83.861 Thread 0x0000025163ed1800 Exception <a 'java/lang/ClassNotFoundException'{0x00000000873421b0}: org/gradle/api/plugins/BasePluginConventionBeanInfo> (0x00000000873421b0) thrown at [src/hotspot/share/classfile/systemDictionary.cpp, line 230]
Event: 83.866 Thread 0x0000025163ed1800 Exception <a 'java/lang/ClassNotFoundException'{0x00000000873874b8}: org/gradle/api/plugins/BasePluginConventionCustomizer> (0x00000000873874b8) thrown at [src/hotspot/share/classfile/systemDictionary.cpp, line 230]
Event: 83.876 Thread 0x0000025163ed1800 Exception <a 'java/lang/ClassNotFoundException'{0x00000000873dd4b8}: org/gradle/api/plugins/internal/DefaultBasePluginConventionCustomizer> (0x00000000873dd4b8) thrown at [src/hotspot/share/classfile/systemDictionary.cpp, line 230]
Event: 83.893 Thread 0x0000025163ed1800 Exception <a 'java/lang/ClassNotFoundException'{0x0000000087267dd8}: org/gradle/api/plugins/internal/DefaultJavaPluginConventionBeanInfo> (0x0000000087267dd8) thrown at [src/hotspot/share/classfile/systemDictionary.cpp, line 230]
Event: 83.897 Thread 0x0000025163ed1800 Exception <a 'java/lang/ClassNotFoundException'{0x00000000872b3f88}: org/gradle/api/plugins/JavaPluginConventionBeanInfo> (0x00000000872b3f88) thrown at [src/hotspot/share/classfile/systemDictionary.cpp, line 230]
Event: 83.900 Thread 0x0000025163ed1800 Exception <a 'java/lang/ClassNotFoundException'{0x00000000872f9050}: org/gradle/api/plugins/JavaPluginConventionCustomizer> (0x00000000872f9050) thrown at [src/hotspot/share/classfile/systemDictionary.cpp, line 230]
Event: 83.909 Thread 0x0000025163ed1800 Exception <a 'java/lang/ClassNotFoundException'{0x0000000087159158}: org/gradle/api/plugins/internal/DefaultJavaPluginConventionCustomizer> (0x0000000087159158) thrown at [src/hotspot/share/classfile/systemDictionary.cpp, line 230]

Events (20 events):
Event: 85.743 loading class com/android/build/gradle/internal/tasks/BaseTask
Event: 85.743 loading class com/android/build/gradle/internal/tasks/BaseTask done
Event: 85.745 loading class com/android/build/gradle/internal/tasks/factory/TaskFactoryUtils
Event: 85.745 loading class com/android/build/gradle/internal/tasks/factory/TaskFactoryUtils done
Event: 85.748 loading class com/android/build/gradle/internal/tasks/factory/TaskConfigurationActions
Event: 85.748 loading class com/android/build/gradle/internal/tasks/factory/TaskConfigurationActions done
Event: 85.752 loading class com/android/build/gradle/internal/tasks/ExtractProguardFiles$CreationAction$handleProvider$1
Event: 85.752 loading class com/android/build/gradle/internal/tasks/ExtractProguardFiles$CreationAction$handleProvider$1 done
Event: 85.753 loading class kotlin/jvm/internal/PropertyReference1Impl
Event: 85.753 loading class kotlin/jvm/internal/PropertyReference1Impl done
Event: 85.753 loading class kotlin/jvm/internal/PropertyReference1Impl
Event: 85.753 loading class kotlin/jvm/internal/PropertyReference1Impl done
Event: 85.756 loading class com/android/build/api/artifact/impl/SingleInitialProviderRequestImpl
Event: 85.756 loading class com/android/build/api/artifact/impl/SingleInitialProviderRequestImpl done
Event: 85.758 loading class com/android/build/gradle/internal/tasks/ExtractProguardFiles$CreationAction$handleProvider$2
Event: 85.758 loading class com/android/build/gradle/internal/tasks/ExtractProguardFiles$CreationAction$handleProvider$2 done
Event: 85.759 loading class com/android/build/api/artifact/impl/SingleArtifactContainer
Event: 85.759 loading class com/android/build/api/artifact/impl/SingleArtifactContainer done
Event: 85.762 loading class com/android/build/api/artifact/impl/TypedStorageProvider$getArtifact$1$1
Event: 85.762 loading class com/android/build/api/artifact/impl/TypedStorageProvider$getArtifact$1$1 done


Dynamic libraries:
0x00007ff6449c0000 - 0x00007ff6449ca000 	F:\Android\jbr\bin\java.exe
0x00007ffedcf20000 - 0x00007ffedd129000 	C:\WINDOWS\SYSTEM32\ntdll.dll
0x00007ffedb6a0000 - 0x00007ffedb75e000 	C:\WINDOWS\System32\KERNEL32.DLL
0x00007ffeda720000 - 0x00007ffedaa9c000 	C:\WINDOWS\System32\KERNELBASE.dll
0x00007ffeda3f0000 - 0x00007ffeda501000 	C:\WINDOWS\System32\ucrtbase.dll
0x00007ffead0c0000 - 0x00007ffead0d7000 	F:\Android\jbr\bin\jli.dll
0x00007ffeac940000 - 0x00007ffeac95b000 	F:\Android\jbr\bin\VCRUNTIME140.dll
0x00007ffedb310000 - 0x00007ffedb4bd000 	C:\WINDOWS\System32\USER32.dll
0x00007ffeda6f0000 - 0x00007ffeda716000 	C:\WINDOWS\System32\win32u.dll
0x00007ffec6fa0000 - 0x00007ffec7245000 	C:\WINDOWS\WinSxS\amd64_microsoft.windows.common-controls_6595b64144ccf1df_6.0.22000.120_none_9d947278b86cc467\COMCTL32.dll
0x00007ffedb610000 - 0x00007ffedb639000 	C:\WINDOWS\System32\GDI32.dll
0x00007ffedb800000 - 0x00007ffedb8a3000 	C:\WINDOWS\System32\msvcrt.dll
0x00007ffedaaa0000 - 0x00007ffedabb8000 	C:\WINDOWS\System32\gdi32full.dll
0x00007ffeda510000 - 0x00007ffeda5ad000 	C:\WINDOWS\System32\msvcp_win.dll
0x00007ffedb7c0000 - 0x00007ffedb7f1000 	C:\WINDOWS\System32\IMM32.DLL
0x00007ffec5a10000 - 0x00007ffec5a1c000 	F:\Android\jbr\bin\vcruntime140_1.dll
0x00007ffe6dbb0000 - 0x00007ffe6dc3d000 	F:\Android\jbr\bin\msvcp140.dll
0x00007ffe6c180000 - 0x00007ffe6cd3c000 	F:\Android\jbr\bin\server\jvm.dll
0x00007ffedb560000 - 0x00007ffedb60e000 	C:\WINDOWS\System32\ADVAPI32.dll
0x00007ffedb4c0000 - 0x00007ffedb55e000 	C:\WINDOWS\System32\sechost.dll
0x00007ffedb1f0000 - 0x00007ffedb310000 	C:\WINDOWS\System32\RPCRT4.dll
0x00007ffedada0000 - 0x00007ffedada8000 	C:\WINDOWS\System32\PSAPI.DLL
0x00007ffed6cc0000 - 0x00007ffed6cc9000 	C:\WINDOWS\SYSTEM32\WSOCK32.dll
0x00007ffed5480000 - 0x00007ffed54b3000 	C:\WINDOWS\SYSTEM32\WINMM.dll
0x00007ffed3fa0000 - 0x00007ffed3faa000 	C:\WINDOWS\SYSTEM32\VERSION.dll
0x00007ffedbab0000 - 0x00007ffedbb1f000 	C:\WINDOWS\System32\WS2_32.dll
0x00007ffed9530000 - 0x00007ffed9548000 	C:\WINDOWS\SYSTEM32\kernel.appcore.dll
0x00007ffed5800000 - 0x00007ffed5810000 	F:\Android\jbr\bin\verify.dll
0x00007ffecc740000 - 0x00007ffecc961000 	C:\WINDOWS\SYSTEM32\DBGHELP.DLL
0x00007ffecc700000 - 0x00007ffecc731000 	C:\WINDOWS\SYSTEM32\dbgcore.DLL
0x00007ffeda5b0000 - 0x00007ffeda62f000 	C:\WINDOWS\System32\bcryptPrimitives.dll
0x00007ffed5640000 - 0x00007ffed5668000 	F:\Android\jbr\bin\java.dll
0x00007ffed5630000 - 0x00007ffed563a000 	F:\Android\jbr\bin\jimage.dll
0x00007ffed5610000 - 0x00007ffed5628000 	F:\Android\jbr\bin\zip.dll
0x00007ffedc630000 - 0x00007ffedcdf5000 	C:\WINDOWS\System32\SHELL32.dll
0x00007ffed84b0000 - 0x00007ffed8d15000 	C:\WINDOWS\SYSTEM32\windows.storage.dll
0x00007ffedc290000 - 0x00007ffedc606000 	C:\WINDOWS\System32\combase.dll
0x00007ffed8340000 - 0x00007ffed84a6000 	C:\WINDOWS\SYSTEM32\wintypes.dll
0x00007ffedb940000 - 0x00007ffedba2a000 	C:\WINDOWS\System32\SHCORE.dll
0x00007ffedb640000 - 0x00007ffedb69d000 	C:\WINDOWS\System32\shlwapi.dll
0x00007ffeda320000 - 0x00007ffeda341000 	C:\WINDOWS\SYSTEM32\profapi.dll
0x00007ffed55f0000 - 0x00007ffed5609000 	F:\Android\jbr\bin\net.dll
0x00007ffed4880000 - 0x00007ffed4992000 	C:\WINDOWS\SYSTEM32\WINHTTP.dll
0x00007ffed9a00000 - 0x00007ffed9a67000 	C:\WINDOWS\system32\mswsock.dll
0x00007ffed55d0000 - 0x00007ffed55e3000 	F:\Android\jbr\bin\nio.dll
0x00007ffeaaa30000 - 0x00007ffeaaa57000 	C:\Users\Efendi\.gradle\native\e1d6ef7f7dcc3fd88c89a11ec53ec762bb8ba0a96d01ffa2cd45eb1d1d8dd5c5\windows-amd64\native-platform.dll
0x00007ffe6a6b0000 - 0x00007ffe6a7f4000 	C:\Users\Efendi\.gradle\native\0d407fdbe67a94daf76414ababcb853783967236a71b16ec16e742cd7a986fd3\windows-amd64\native-platform-file-events.dll
0x00007ffed55c0000 - 0x00007ffed55ca000 	F:\Android\jbr\bin\management.dll
0x00007ffed55b0000 - 0x00007ffed55bb000 	F:\Android\jbr\bin\management_ext.dll
0x00007ffed9c40000 - 0x00007ffed9c58000 	C:\WINDOWS\SYSTEM32\CRYPTSP.dll
0x00007ffed9490000 - 0x00007ffed94c5000 	C:\WINDOWS\system32\rsaenh.dll
0x00007ffed9af0000 - 0x00007ffed9b19000 	C:\WINDOWS\SYSTEM32\USERENV.dll
0x00007ffed9dd0000 - 0x00007ffed9df7000 	C:\WINDOWS\SYSTEM32\bcrypt.dll
0x00007ffed9c60000 - 0x00007ffed9c6c000 	C:\WINDOWS\SYSTEM32\CRYPTBASE.dll
0x00007ffed9050000 - 0x00007ffed907d000 	C:\WINDOWS\SYSTEM32\IPHLPAPI.DLL
0x00007ffedb1d0000 - 0x00007ffedb1d9000 	C:\WINDOWS\System32\NSI.dll
0x00007ffed47a0000 - 0x00007ffed47b9000 	C:\WINDOWS\SYSTEM32\dhcpcsvc6.DLL
0x00007ffed5110000 - 0x00007ffed512e000 	C:\WINDOWS\SYSTEM32\dhcpcsvc.DLL
0x00007ffed9080000 - 0x00007ffed9168000 	C:\WINDOWS\SYSTEM32\DNSAPI.dll

dbghelp: loaded successfully - version: 4.0.5 - missing functions: none
symbol engine: initialized successfully - sym options: 0x614 - pdb path: .;F:\Android\jbr\bin;C:\WINDOWS\SYSTEM32;C:\WINDOWS\WinSxS\amd64_microsoft.windows.common-controls_6595b64144ccf1df_6.0.22000.120_none_9d947278b86cc467;F:\Android\jbr\bin\server;C:\Users\Efendi\.gradle\native\e1d6ef7f7dcc3fd88c89a11ec53ec762bb8ba0a96d01ffa2cd45eb1d1d8dd5c5\windows-amd64;C:\Users\Efendi\.gradle\native\0d407fdbe67a94daf76414ababcb853783967236a71b16ec16e742cd7a986fd3\windows-amd64

VM Arguments:
jvm_args: --add-opens=java.base/java.util=ALL-UNNAMED --add-opens=java.base/java.lang=ALL-UNNAMED --add-opens=java.base/java.lang.invoke=ALL-UNNAMED --add-opens=java.base/java.util=ALL-UNNAMED --add-opens=java.prefs/java.util.prefs=ALL-UNNAMED --add-opens=java.prefs/java.util.prefs=ALL-UNNAMED --add-opens=java.base/java.nio.charset=ALL-UNNAMED --add-opens=java.base/java.net=ALL-UNNAMED --add-opens=java.base/java.util.concurrent.atomic=ALL-UNNAMED -Xmx2048m -Dfile.encoding=UTF-8 -Duser.country=US -Duser.language=en -Duser.variant 
java_command: org.gradle.launcher.daemon.bootstrap.GradleDaemon 7.5
java_class_path (initial): C:\Users\Efendi\.gradle\wrapper\dists\gradle-7.5-bin\f1w0cc9nuo0eivz97x2xlu9sv\gradle-7.5\lib\gradle-launcher-7.5.jar
Launcher Type: SUN_STANDARD

[Global flags]
     intx CICompilerCount                          = 4                                         {product} {ergonomic}
     uint ConcGCThreads                            = 2                                         {product} {ergonomic}
     uint G1ConcRefinementThreads                  = 8                                         {product} {ergonomic}
   size_t G1HeapRegionSize                         = 1048576                                   {product} {ergonomic}
    uintx GCDrainStackTargetSize                   = 64                                        {product} {ergonomic}
   size_t InitialHeapSize                          = 132120576                                 {product} {ergonomic}
   size_t MarkStackSize                            = 4194304                                   {product} {ergonomic}
   size_t MaxHeapSize                              = 2147483648                                {product} {command line}
   size_t MaxNewSize                               = 1287651328                                {product} {ergonomic}
   size_t MinHeapDeltaBytes                        = 1048576                                   {product} {ergonomic}
    uintx NonNMethodCodeHeapSize                   = 5836300                                {pd product} {ergonomic}
    uintx NonProfiledCodeHeapSize                  = 122910970                              {pd product} {ergonomic}
    uintx ProfiledCodeHeapSize                     = 122910970                              {pd product} {ergonomic}
    uintx ReservedCodeCacheSize                    = 251658240                              {pd product} {ergonomic}
     bool SegmentedCodeCache                       = true                                      {product} {ergonomic}
     bool UseCompressedClassPointers               = true                                 {lp64_product} {ergonomic}
     bool UseCompressedOops                        = true                                 {lp64_product} {ergonomic}
     bool UseG1GC                                  = true                                      {product} {ergonomic}
     bool UseLargePagesIndividualAllocation        = false                                  {pd product} {ergonomic}

Logging:
Log output configuration:
 #0: stdout all=warning uptime,level,tags
 #1: stderr all=off uptime,level,tags

Environment Variables:
PATH=C:\Program Files\Common Files\Oracle\Java\javapath;C:\Program Files (x86)\Common Files\Oracle\Java\javapath;C:\Windows\system32;C:\Windows;C:\Windows\System32\Wbem;C:\Windows\System32\WindowsPowerShell\v1.0\;C:\Windows\System32\OpenSSH\;C:\Program Files (x86)\NVIDIA Corporation\PhysX\Common;C:\Program Files\NVIDIA Corporation\NVIDIA NvDLISR;C:\Users\Efendi\AppData\Roaming\Python\Python39\Scripts;C:\WINDOWS\system32;C:\WINDOWS;C:\WINDOWS\System32\Wbem;C:\WINDOWS\System32\WindowsPowerShell\v1.0\;C:\WINDOWS\System32\OpenSSH\;C:\Program Files\Microsoft SQL Server\130\Tools\Binn\;C:\Program Files\dotnet\;C:\Program Files (x86)\dotnet\;C:\Program Files (x86)\Microsoft SQL Server\150\DTS\Binn\;C:\Program Files\Azure Data Studio\bin;D:\NodeJS\;D:\Laragon\bin\php\php-8.1.10-Win32-vs16-x64;D:\ComposerSetup;C:\Program Files\MySQL\MySQL Shell 8.0\bin\;C:\Users\Efendi\AppData\Local\Programs\Python\Python39\Scripts\;C:\Users\Efendi\AppData\Local\Programs\Python\Python39\;C:\Users\Efendi\AppData\Local\Microsoft\WindowsApps;D:\Microsoft VS Code\bin;C:\Users\Efendi\.dotnet\tools;C:\Program Files\Azure Data Studio\bin;C:\Users\Efendi\AppData\Roaming\npm;C:\ProgramData\Efendi\GitHubDesktop\bin;C:\Users\Efendi\AppData\Local\GitHubDesktop\bin;C:\Users\Efendi\AppData\Roaming\Composer\vendor\bin;D:\Laragon\bin\php\php-8.1.10-Win32-vs16-x64;
USERNAME=Efendi
OS=Windows_NT
PROCESSOR_IDENTIFIER=Intel64 Family 6 Model 158 Stepping 13, GenuineIntel



---------------  S Y S T E M  ---------------

OS: Windows 11 , 64 bit Build 22000 (10.0.22000.1516)
OS uptime: 0 days 3:51 hours
Hyper-V role detected

CPU:total 8 (initial active 8) (4 cores per cpu, 2 threads per core) family 6 model 158 stepping 13 microcode 0xde, cmov, cx8, fxsr, mmx, sse, sse2, sse3, ssse3, sse4.1, sse4.2, popcnt, avx, avx2, aes, clmul, erms, 3dnowpref, lzcnt, ht, tsc, tscinvbit, bmi1, bmi2, adx, fma

Memory: 4k page, system-wide physical 8036M (322M free)
TotalPageFile size 12132M (AvailPageFile size 8M)
current process WorkingSet (physical memory assigned to process): 270M, peak: 277M
current process commit charge ("private bytes"): 356M, peak: 356M

vm_info: OpenJDK 64-Bit Server VM (11.0.15+0-b2043.56-9505619) for windows-amd64 JRE (11.0.15+0-b2043.56-9505619), built on Jan 19 2023 02:48:00 by "builduser" with unknown MS VC++:1929

END.
