#
# There is insufficient memory for the Java Runtime Environment to continue.
# Native memory allocation (mmap) failed to map 32505856 bytes for Failed to commit area from 0x0000000089800000 to 0x000000008b700000 of length 32505856.
# Possible reasons:
#   The system is out of physical RAM or swap space
#   The process is running with CompressedOops enabled, and the Java Heap may be blocking the growth of the native heap
# Possible solutions:
#   Reduce memory load on the system
#   Increase physical memory or swap space
#   Check if swap backing store is full
#   Decrease Java heap size (-Xmx/-Xms)
#   Decrease number of Java threads
#   Decrease Java thread stack sizes (-Xss)
#   Set larger code cache with -XX:ReservedCodeCacheSize=
#   JVM is running with Unscaled Compressed Oops mode in which the Java heap is
#     placed in the first 4GB address space. The Java Heap base address is the
#     maximum limit for the native heap growth. Please use -XX:HeapBaseMinAddress
#     to set the Java Heap base and to place the Java Heap above 4GB virtual address.
# This output file may be truncated or incomplete.
#
#  Out of Memory Error (src/hotspot/os/windows/os_windows.cpp:3627), pid=33068, tid=37060
#
# JRE version: OpenJDK Runtime Environment (11.0.15) (build 11.0.15+0-b2043.56-9505619)
# Java VM: OpenJDK 64-Bit Server VM (11.0.15+0-b2043.56-9505619, mixed mode, tiered, compressed oops, g1 gc, windows-amd64)
# No core dump will be written. Minidumps are not enabled by default on client versions of Windows
#

---------------  S U M M A R Y ------------

Command Line: --add-opens=java.base/java.util=ALL-UNNAMED --add-opens=java.base/java.lang=ALL-UNNAMED --add-opens=java.base/java.lang.invoke=ALL-UNNAMED --add-opens=java.base/java.util=ALL-UNNAMED --add-opens=java.prefs/java.util.prefs=ALL-UNNAMED --add-opens=java.prefs/java.util.prefs=ALL-UNNAMED --add-opens=java.base/java.nio.charset=ALL-UNNAMED --add-opens=java.base/java.net=ALL-UNNAMED --add-opens=java.base/java.util.concurrent.atomic=ALL-UNNAMED -Xmx2048m -Dfile.encoding=UTF-8 -Duser.country=US -Duser.language=en -Duser.variant org.gradle.launcher.daemon.bootstrap.GradleDaemon 7.5

Host: Intel(R) Core(TM) i5-9300H CPU @ 2.40GHz, 8 cores, 7G,  Windows 11 , 64 bit Build 22000 (10.0.22000.1516)
Time: Wed May  3 10:27:41 2023 SE Asia Standard Time elapsed time: 19.038185 seconds (0d 0h 0m 19s)

---------------  T H R E A D  ---------------

Current thread (0x000001be249c8000):  VMThread "VM Thread" [stack: 0x000000a9bac00000,0x000000a9bad00000] [id=37060]

Stack: [0x000000a9bac00000,0x000000a9bad00000]
[error occurred during error reporting (printing stack bounds), id 0xc0000005, EXCEPTION_ACCESS_VIOLATION (0xc0000005) at pc=0x000001be0e04112d]

Native frames: (J=compiled Java code, j=interpreted, Vv=VM code, C=native code)
V  [jvm.dll+0x64135a]
V  [jvm.dll+0x7d39f9]
V  [jvm.dll+0x7d51b9]
V  [jvm.dll+0x7d5805]
V  [jvm.dll+0x7d57bb]
V  [jvm.dll+0x640655]
V  [jvm.dll+0x640d68]
C  [ntdll.dll+0xa8b1f]
C  [ntdll.dll+0x35b9a]
C  [ntdll.dll+0xa7b2e]
C  0x000001be0e04112d

VM_Operation (0x000000a9bbff22e0): G1CollectForAllocation, mode: safepoint, requested by thread 0x000001be254a1800


---------------  P R O C E S S  ---------------

Threads class SMR info:
_java_thread_list=0x000001be27607990, length=122, elements={
0x000001be0a516000, 0x000001be249ce000, 0x000001be249cf000, 0x000001be25344800,
0x000001be25345000, 0x000001be25346000, 0x000001be25349800, 0x000001be25353800,
0x000001be249f6800, 0x000001be254a3000, 0x000001be254a4000, 0x000001be2549e000,
0x000001be254a2000, 0x000001be254a4800, 0x000001be2549f000, 0x000001be2549f800,
0x000001be254a1800, 0x000001be254a0800, 0x000001be2725d000, 0x000001be2725a800,
0x000001be2725e800, 0x000001be27259800, 0x000001be27261000, 0x000001be2725f800,
0x000001be27260000, 0x000001be2725e000, 0x000001be2725b800, 0x000001be27262000,
0x000001be2725c000, 0x000001be27267800, 0x000001be27268800, 0x000001be27265000,
0x000001be27263800, 0x000001be27264800, 0x000001be27266000, 0x000001be27262800,
0x000001be27267000, 0x000001be29701000, 0x000001be296fc800, 0x000001be296fe800,
0x000001be296ff000, 0x000001be29700000, 0x000001be296fc000, 0x000001be29706800,
0x000001be29701800, 0x000001be29702800, 0x000001be29705800, 0x000001be29704000,
0x000001be29707800, 0x000001be29708000, 0x000001be29709000, 0x000001be29705000,
0x000001be29703000, 0x000001be29709800, 0x000001be2970a800, 0x000001be2a1e9800,
0x000001be2a1eb000, 0x000001be2a1e6000, 0x000001be2a1ec000, 0x000001be2a1ea800,
0x000001be2a1ec800, 0x000001be2a1e7000, 0x000001be2a1ed800, 0x000001be2a1e8800,
0x000001be2a1e8000, 0x000001be2a1f3800, 0x000001be2a1ee800, 0x000001be2a1f2800,
0x000001be2a1f4000, 0x000001be2a1f5000, 0x000001be2a1ef000, 0x000001be2a1f1000,
0x000001be2a1f0000, 0x000001be2a1f1800, 0x000001be2be87800, 0x000001be2be88800,
0x000001be2be89000, 0x000001be2be86000, 0x000001be2be8a000, 0x000001be2be86800,
0x000001be2be84000, 0x000001be2be8a800, 0x000001be2be85000, 0x000001be2be90800,
0x000001be2be8b800, 0x000001be2be8f000, 0x000001be2be8f800, 0x000001be2be91000,
0x000001be2be92000, 0x000001be2be8c800, 0x000001be2be93000, 0x000001be2be8d000,
0x000001be2be8e000, 0x000001be2c43c000, 0x000001be2c43d000, 0x000001be2c437800,
0x000001be2c439000, 0x000001be2c43a800, 0x000001be2c439800, 0x000001be2c43e000,
0x000001be2c438000, 0x000001be2c43e800, 0x000001be2c43b800, 0x000001be2c43f800,
0x000001be2c440800, 0x000001be2c441000, 0x000001be2c442000, 0x000001be2c442800,
0x000001be2c443800, 0x000001be2c444800, 0x000001be2c445000, 0x000001be2c446000,
0x000001be2c385800, 0x000001be2c38b000, 0x000001be2c387800, 0x000001be2c386000,
0x000001be2c388800, 0x000001be2c38c000, 0x000001be2c387000, 0x000001be2c38c800,
0x000001be2c38e800, 0x000001be2c389800
}

Java Threads: ( => current thread )
  0x000001be0a516000 JavaThread "main" [_thread_blocked, id=42144, stack(0x000000a9ba600000,0x000000a9ba700000)]
  0x000001be249ce000 JavaThread "Reference Handler" daemon [_thread_blocked, id=38344, stack(0x000000a9bad00000,0x000000a9bae00000)]
  0x000001be249cf000 JavaThread "Finalizer" daemon [_thread_blocked, id=41844, stack(0x000000a9bae00000,0x000000a9baf00000)]
  0x000001be25344800 JavaThread "Signal Dispatcher" daemon [_thread_blocked, id=35988, stack(0x000000a9baf00000,0x000000a9bb000000)]
  0x000001be25345000 JavaThread "Attach Listener" daemon [_thread_blocked, id=34468, stack(0x000000a9bb000000,0x000000a9bb100000)]
  0x000001be25346000 JavaThread "Service Thread" daemon [_thread_blocked, id=33504, stack(0x000000a9bb100000,0x000000a9bb200000)]
  0x000001be25349800 JavaThread "C2 CompilerThread0" daemon [_thread_blocked, id=40616, stack(0x000000a9bb200000,0x000000a9bb300000)]
  0x000001be25353800 JavaThread "C1 CompilerThread0" daemon [_thread_blocked, id=32936, stack(0x000000a9bb300000,0x000000a9bb400000)]
  0x000001be249f6800 JavaThread "Sweeper thread" daemon [_thread_blocked, id=17724, stack(0x000000a9bb400000,0x000000a9bb500000)]
  0x000001be254a3000 JavaThread "Common-Cleaner" daemon [_thread_blocked, id=39192, stack(0x000000a9bb500000,0x000000a9bb600000)]
  0x000001be254a4000 JavaThread "Daemon health stats" [_thread_blocked, id=42608, stack(0x000000a9bb900000,0x000000a9bba00000)]
  0x000001be2549e000 JavaThread "Incoming local TCP Connector on port 62926" [_thread_in_native, id=34512, stack(0x000000a9bba00000,0x000000a9bbb00000)]
  0x000001be254a2000 JavaThread "Daemon periodic checks" [_thread_blocked, id=37428, stack(0x000000a9bbb00000,0x000000a9bbc00000)]
  0x000001be254a4800 JavaThread "Daemon" [_thread_blocked, id=38904, stack(0x000000a9bbc00000,0x000000a9bbd00000)]
  0x000001be2549f000 JavaThread "Handler for socket connection from /127.0.0.1:62926 to /127.0.0.1:62927" [_thread_in_native, id=35800, stack(0x000000a9bbd00000,0x000000a9bbe00000)]
  0x000001be2549f800 JavaThread "Cancel handler" [_thread_blocked, id=37664, stack(0x000000a9bbe00000,0x000000a9bbf00000)]
  0x000001be254a1800 JavaThread "Daemon worker" [_thread_blocked, id=34884, stack(0x000000a9bbf00000,0x000000a9bc000000)]
  0x000001be254a0800 JavaThread "Asynchronous log dispatcher for DefaultDaemonConnection: socket connection from /127.0.0.1:62926 to /127.0.0.1:62927" [_thread_blocked, id=41092, stack(0x000000a9bc000000,0x000000a9bc100000)]
  0x000001be2725d000 JavaThread "Stdin handler" [_thread_blocked, id=38980, stack(0x000000a9bc100000,0x000000a9bc200000)]
  0x000001be2725a800 JavaThread "Daemon client event forwarder" [_thread_blocked, id=42252, stack(0x000000a9bc200000,0x000000a9bc300000)]
  0x000001be2725e800 JavaThread "Cache worker for journal cache (C:\Users\Efendi\.gradle\caches\journal-1)" [_thread_blocked, id=40184, stack(0x000000a9bc800000,0x000000a9bc900000)]
  0x000001be27259800 JavaThread "File lock request listener" [_thread_in_native, id=40664, stack(0x000000a9bc900000,0x000000a9bca00000)]
  0x000001be27261000 JavaThread "Cache worker for file hash cache (C:\Users\Efendi\.gradle\caches\7.5\fileHashes)" [_thread_blocked, id=32928, stack(0x000000a9bcb00000,0x000000a9bcc00000)]
  0x000001be2725f800 JavaThread "File watcher server" daemon [_thread_in_native, id=41848, stack(0x000000a9bcc00000,0x000000a9bcd00000)]
  0x000001be27260000 JavaThread "File watcher consumer" daemon [_thread_blocked, id=32572, stack(0x000000a9bcd00000,0x000000a9bce00000)]
  0x000001be2725e000 JavaThread "jar transforms" [_thread_blocked, id=39780, stack(0x000000a9bce00000,0x000000a9bcf00000)]
  0x000001be2725b800 JavaThread "jar transforms Thread 2" [_thread_blocked, id=37352, stack(0x000000a9bcf00000,0x000000a9bd000000)]
  0x000001be27262000 JavaThread "jar transforms Thread 3" [_thread_blocked, id=37356, stack(0x000000a9bd000000,0x000000a9bd100000)]
  0x000001be2725c000 JavaThread "jar transforms Thread 4" [_thread_blocked, id=41432, stack(0x000000a9bd100000,0x000000a9bd200000)]
  0x000001be27267800 JavaThread "jar transforms Thread 5" [_thread_blocked, id=41420, stack(0x000000a9bd200000,0x000000a9bd300000)]
  0x000001be27268800 JavaThread "jar transforms Thread 6" [_thread_blocked, id=30508, stack(0x000000a9bd300000,0x000000a9bd400000)]
  0x000001be27265000 JavaThread "jar transforms Thread 7" [_thread_blocked, id=36692, stack(0x000000a9bd400000,0x000000a9bd500000)]
  0x000001be27263800 JavaThread "jar transforms Thread 8" [_thread_blocked, id=34288, stack(0x000000a9bd500000,0x000000a9bd600000)]
  0x000001be27264800 JavaThread "Cache worker for checksums cache (F:\AndroidStudioProject\Spiner\.gradle\7.5\checksums)" [_thread_blocked, id=37632, stack(0x000000a9bd600000,0x000000a9bd700000)]
  0x000001be27266000 JavaThread "Cache worker for cache directory md-rule (C:\Users\Efendi\.gradle\caches\7.5\md-rule)" [_thread_blocked, id=41284, stack(0x000000a9bd700000,0x000000a9bd800000)]
  0x000001be27262800 JavaThread "Cache worker for file content cache (C:\Users\Efendi\.gradle\caches\7.5\fileContent)" [_thread_blocked, id=42284, stack(0x000000a9bd800000,0x000000a9bd900000)]
  0x000001be27267000 JavaThread "Cache worker for file hash cache (F:\AndroidStudioProject\Spiner\.gradle\7.5\fileHashes)" [_thread_blocked, id=38292, stack(0x000000a9bd900000,0x000000a9bda00000)]
  0x000001be29701000 JavaThread "Cache worker for cache directory md-supplier (C:\Users\Efendi\.gradle\caches\7.5\md-supplier)" [_thread_blocked, id=17792, stack(0x000000a9bda00000,0x000000a9bdb00000)]
  0x000001be296fc800 JavaThread "Cache worker for execution history cache (C:\Users\Efendi\.gradle\caches\7.5\executionHistory)" [_thread_blocked, id=37976, stack(0x000000a9bdb00000,0x000000a9bdc00000)]
  0x000001be296fe800 JavaThread "Cache worker for dependencies-accessors (F:\AndroidStudioProject\Spiner\.gradle\7.5\dependencies-accessors)" [_thread_blocked, id=34144, stack(0x000000a9bdc00000,0x000000a9bdd00000)]
  0x000001be296ff000 JavaThread "Cache worker for Build Output Cleanup Cache (F:\AndroidStudioProject\Spiner\.gradle\buildOutputCleanup)" [_thread_blocked, id=42056, stack(0x000000a9bdd00000,0x000000a9bde00000)]
  0x000001be29700000 JavaThread "Unconstrained build operations" [_thread_blocked, id=12436, stack(0x000000a9bdf00000,0x000000a9be000000)]
  0x000001be296fc000 JavaThread "Unconstrained build operations Thread 2" [_thread_blocked, id=34408, stack(0x000000a9be000000,0x000000a9be100000)]
  0x000001be29706800 JavaThread "Unconstrained build operations Thread 3" [_thread_blocked, id=40988, stack(0x000000a9be100000,0x000000a9be200000)]
  0x000001be29701800 JavaThread "Unconstrained build operations Thread 4" [_thread_blocked, id=31532, stack(0x000000a9be200000,0x000000a9be300000)]
  0x000001be29702800 JavaThread "Unconstrained build operations Thread 5" [_thread_blocked, id=42712, stack(0x000000a9be300000,0x000000a9be400000)]
  0x000001be29705800 JavaThread "Unconstrained build operations Thread 6" [_thread_blocked, id=15964, stack(0x000000a9be400000,0x000000a9be500000)]
  0x000001be29704000 JavaThread "Unconstrained build operations Thread 7" [_thread_blocked, id=42104, stack(0x000000a9be500000,0x000000a9be600000)]
  0x000001be29707800 JavaThread "Unconstrained build operations Thread 8" [_thread_blocked, id=35168, stack(0x000000a9be600000,0x000000a9be700000)]
  0x000001be29708000 JavaThread "Unconstrained build operations Thread 9" [_thread_blocked, id=39432, stack(0x000000a9be700000,0x000000a9be800000)]
  0x000001be29709000 JavaThread "Unconstrained build operations Thread 10" [_thread_blocked, id=41704, stack(0x000000a9be800000,0x000000a9be900000)]
  0x000001be29705000 JavaThread "Unconstrained build operations Thread 11" [_thread_blocked, id=37052, stack(0x000000a9be900000,0x000000a9bea00000)]
  0x000001be29703000 JavaThread "Unconstrained build operations Thread 12" [_thread_blocked, id=42784, stack(0x000000a9bea00000,0x000000a9beb00000)]
  0x000001be29709800 JavaThread "Unconstrained build operations Thread 13" [_thread_blocked, id=42964, stack(0x000000a9beb00000,0x000000a9bec00000)]
  0x000001be2970a800 JavaThread "Unconstrained build operations Thread 14" [_thread_blocked, id=41376, stack(0x000000a9bec00000,0x000000a9bed00000)]
  0x000001be2a1e9800 JavaThread "Unconstrained build operations Thread 15" [_thread_blocked, id=32820, stack(0x000000a9bed00000,0x000000a9bee00000)]
  0x000001be2a1eb000 JavaThread "Unconstrained build operations Thread 16" [_thread_blocked, id=42296, stack(0x000000a9bee00000,0x000000a9bef00000)]
  0x000001be2a1e6000 JavaThread "Unconstrained build operations Thread 17" [_thread_blocked, id=34404, stack(0x000000a9bef00000,0x000000a9bf000000)]
  0x000001be2a1ec000 JavaThread "Unconstrained build operations Thread 18" [_thread_blocked, id=38376, stack(0x000000a9bf000000,0x000000a9bf100000)]
  0x000001be2a1ea800 JavaThread "Unconstrained build operations Thread 19" [_thread_blocked, id=41620, stack(0x000000a9bf100000,0x000000a9bf200000)]
  0x000001be2a1ec800 JavaThread "Unconstrained build operations Thread 20" [_thread_blocked, id=35324, stack(0x000000a9bf200000,0x000000a9bf300000)]
  0x000001be2a1e7000 JavaThread "Unconstrained build operations Thread 21" [_thread_blocked, id=41528, stack(0x000000a9bf300000,0x000000a9bf400000)]
  0x000001be2a1ed800 JavaThread "Unconstrained build operations Thread 22" [_thread_blocked, id=41760, stack(0x000000a9bf400000,0x000000a9bf500000)]
  0x000001be2a1e8800 JavaThread "Unconstrained build operations Thread 23" [_thread_blocked, id=37840, stack(0x000000a9bf500000,0x000000a9bf600000)]
  0x000001be2a1e8000 JavaThread "Unconstrained build operations Thread 24" [_thread_blocked, id=42948, stack(0x000000a9bf600000,0x000000a9bf700000)]
  0x000001be2a1f3800 JavaThread "Unconstrained build operations Thread 25" [_thread_blocked, id=41052, stack(0x000000a9bf700000,0x000000a9bf800000)]
  0x000001be2a1ee800 JavaThread "Unconstrained build operations Thread 26" [_thread_blocked, id=40700, stack(0x000000a9bf800000,0x000000a9bf900000)]
  0x000001be2a1f2800 JavaThread "Unconstrained build operations Thread 27" [_thread_blocked, id=32604, stack(0x000000a9bf900000,0x000000a9bfa00000)]
  0x000001be2a1f4000 JavaThread "Unconstrained build operations Thread 28" [_thread_blocked, id=41240, stack(0x000000a9bfa00000,0x000000a9bfb00000)]
  0x000001be2a1f5000 JavaThread "Unconstrained build operations Thread 29" [_thread_blocked, id=3452, stack(0x000000a9bfb00000,0x000000a9bfc00000)]
  0x000001be2a1ef000 JavaThread "Unconstrained build operations Thread 30" [_thread_blocked, id=39092, stack(0x000000a9bfc00000,0x000000a9bfd00000)]
  0x000001be2a1f1000 JavaThread "Unconstrained build operations Thread 31" [_thread_blocked, id=38152, stack(0x000000a9bfd00000,0x000000a9bfe00000)]
  0x000001be2a1f0000 JavaThread "Unconstrained build operations Thread 32" [_thread_blocked, id=41660, stack(0x000000a9bfe00000,0x000000a9bff00000)]
  0x000001be2a1f1800 JavaThread "Unconstrained build operations Thread 33" [_thread_blocked, id=31764, stack(0x000000a9bff00000,0x000000a9c0000000)]
  0x000001be2be87800 JavaThread "Unconstrained build operations Thread 34" [_thread_blocked, id=41036, stack(0x000000a9c0000000,0x000000a9c0100000)]
  0x000001be2be88800 JavaThread "Unconstrained build operations Thread 35" [_thread_blocked, id=41104, stack(0x000000a9c0100000,0x000000a9c0200000)]
  0x000001be2be89000 JavaThread "Unconstrained build operations Thread 36" [_thread_blocked, id=42176, stack(0x000000a9c0200000,0x000000a9c0300000)]
  0x000001be2be86000 JavaThread "Unconstrained build operations Thread 37" [_thread_blocked, id=41868, stack(0x000000a9c0300000,0x000000a9c0400000)]
  0x000001be2be8a000 JavaThread "Unconstrained build operations Thread 38" [_thread_blocked, id=32208, stack(0x000000a9c0400000,0x000000a9c0500000)]
  0x000001be2be86800 JavaThread "Unconstrained build operations Thread 39" [_thread_blocked, id=42900, stack(0x000000a9c0500000,0x000000a9c0600000)]
  0x000001be2be84000 JavaThread "Unconstrained build operations Thread 40" [_thread_blocked, id=31688, stack(0x000000a9c0600000,0x000000a9c0700000)]
  0x000001be2be8a800 JavaThread "Unconstrained build operations Thread 41" [_thread_blocked, id=40692, stack(0x000000a9c0700000,0x000000a9c0800000)]
  0x000001be2be85000 JavaThread "Unconstrained build operations Thread 42" [_thread_blocked, id=42068, stack(0x000000a9c0800000,0x000000a9c0900000)]
  0x000001be2be90800 JavaThread "Unconstrained build operations Thread 43" [_thread_blocked, id=41720, stack(0x000000a9c0900000,0x000000a9c0a00000)]
  0x000001be2be8b800 JavaThread "Unconstrained build operations Thread 44" [_thread_blocked, id=33344, stack(0x000000a9c0a00000,0x000000a9c0b00000)]
  0x000001be2be8f000 JavaThread "Unconstrained build operations Thread 45" [_thread_blocked, id=33232, stack(0x000000a9c0b00000,0x000000a9c0c00000)]
  0x000001be2be8f800 JavaThread "Unconstrained build operations Thread 46" [_thread_blocked, id=16120, stack(0x000000a9c0c00000,0x000000a9c0d00000)]
  0x000001be2be91000 JavaThread "Unconstrained build operations Thread 47" [_thread_blocked, id=37912, stack(0x000000a9c0d00000,0x000000a9c0e00000)]
  0x000001be2be92000 JavaThread "Unconstrained build operations Thread 48" [_thread_blocked, id=35688, stack(0x000000a9c0e00000,0x000000a9c0f00000)]
  0x000001be2be8c800 JavaThread "Unconstrained build operations Thread 49" [_thread_blocked, id=36052, stack(0x000000a9c0f00000,0x000000a9c1000000)]
  0x000001be2be93000 JavaThread "Unconstrained build operations Thread 50" [_thread_blocked, id=42920, stack(0x000000a9c1000000,0x000000a9c1100000)]
  0x000001be2be8d000 JavaThread "Unconstrained build operations Thread 51" [_thread_blocked, id=30868, stack(0x000000a9c1100000,0x000000a9c1200000)]
  0x000001be2be8e000 JavaThread "Unconstrained build operations Thread 52" [_thread_blocked, id=42192, stack(0x000000a9c1200000,0x000000a9c1300000)]
  0x000001be2c43c000 JavaThread "Unconstrained build operations Thread 53" [_thread_blocked, id=5216, stack(0x000000a9c1300000,0x000000a9c1400000)]
  0x000001be2c43d000 JavaThread "Unconstrained build operations Thread 54" [_thread_blocked, id=39688, stack(0x000000a9c1400000,0x000000a9c1500000)]
  0x000001be2c437800 JavaThread "Unconstrained build operations Thread 55" [_thread_blocked, id=42072, stack(0x000000a9c1500000,0x000000a9c1600000)]
  0x000001be2c439000 JavaThread "Unconstrained build operations Thread 56" [_thread_blocked, id=40240, stack(0x000000a9c1600000,0x000000a9c1700000)]
  0x000001be2c43a800 JavaThread "Unconstrained build operations Thread 57" [_thread_blocked, id=18356, stack(0x000000a9c1700000,0x000000a9c1800000)]
  0x000001be2c439800 JavaThread "Unconstrained build operations Thread 58" [_thread_blocked, id=35836, stack(0x000000a9c1800000,0x000000a9c1900000)]
  0x000001be2c43e000 JavaThread "Unconstrained build operations Thread 59" [_thread_blocked, id=15848, stack(0x000000a9c1900000,0x000000a9c1a00000)]
  0x000001be2c438000 JavaThread "Unconstrained build operations Thread 60" [_thread_blocked, id=42100, stack(0x000000a9c1a00000,0x000000a9c1b00000)]
  0x000001be2c43e800 JavaThread "Unconstrained build operations Thread 61" [_thread_blocked, id=42084, stack(0x000000a9c1b00000,0x000000a9c1c00000)]
  0x000001be2c43b800 JavaThread "Unconstrained build operations Thread 62" [_thread_blocked, id=42092, stack(0x000000a9c1c00000,0x000000a9c1d00000)]
  0x000001be2c43f800 JavaThread "Unconstrained build operations Thread 63" [_thread_blocked, id=34560, stack(0x000000a9c1d00000,0x000000a9c1e00000)]
  0x000001be2c440800 JavaThread "Unconstrained build operations Thread 64" [_thread_blocked, id=41712, stack(0x000000a9c1e00000,0x000000a9c1f00000)]
  0x000001be2c441000 JavaThread "Unconstrained build operations Thread 65" [_thread_blocked, id=41568, stack(0x000000a9c1f00000,0x000000a9c2000000)]
  0x000001be2c442000 JavaThread "Unconstrained build operations Thread 66" [_thread_blocked, id=14552, stack(0x000000a9c2000000,0x000000a9c2100000)]
  0x000001be2c442800 JavaThread "Unconstrained build operations Thread 67" [_thread_blocked, id=41992, stack(0x000000a9c2100000,0x000000a9c2200000)]
  0x000001be2c443800 JavaThread "Unconstrained build operations Thread 68" [_thread_blocked, id=37184, stack(0x000000a9c2200000,0x000000a9c2300000)]
  0x000001be2c444800 JavaThread "Unconstrained build operations Thread 69" [_thread_blocked, id=41516, stack(0x000000a9c2300000,0x000000a9c2400000)]
  0x000001be2c445000 JavaThread "Unconstrained build operations Thread 70" [_thread_blocked, id=41480, stack(0x000000a9c2400000,0x000000a9c2500000)]
  0x000001be2c446000 JavaThread "Unconstrained build operations Thread 71" [_thread_blocked, id=42592, stack(0x000000a9c2500000,0x000000a9c2600000)]
  0x000001be2c385800 JavaThread "Unconstrained build operations Thread 72" [_thread_blocked, id=33152, stack(0x000000a9c2600000,0x000000a9c2700000)]
  0x000001be2c38b000 JavaThread "Unconstrained build operations Thread 73" [_thread_blocked, id=17592, stack(0x000000a9c2700000,0x000000a9c2800000)]
  0x000001be2c387800 JavaThread "Unconstrained build operations Thread 74" [_thread_blocked, id=42540, stack(0x000000a9c2800000,0x000000a9c2900000)]
  0x000001be2c386000 JavaThread "Unconstrained build operations Thread 75" [_thread_blocked, id=35080, stack(0x000000a9c2900000,0x000000a9c2a00000)]
  0x000001be2c388800 JavaThread "Unconstrained build operations Thread 76" [_thread_blocked, id=41860, stack(0x000000a9c2a00000,0x000000a9c2b00000)]
  0x000001be2c38c000 JavaThread "Unconstrained build operations Thread 77" [_thread_blocked, id=42440, stack(0x000000a9c2b00000,0x000000a9c2c00000)]
  0x000001be2c387000 JavaThread "Unconstrained build operations Thread 78" [_thread_blocked, id=42836, stack(0x000000a9c2c00000,0x000000a9c2d00000)]
  0x000001be2c38c800 JavaThread "Unconstrained build operations Thread 79" [_thread_blocked, id=14784, stack(0x000000a9c2d00000,0x000000a9c2e00000)]
  0x000001be2c38e800 JavaThread "Unconstrained build operations Thread 80" [_thread_blocked, id=42112, stack(0x000000a9c2e00000,0x000000a9c2f00000)]
  0x000001be2c389800 JavaThread "Memory manager" [_thread_blocked, id=36972, stack(0x000000a9c2f00000,0x000000a9c3000000)]

Other Threads:
=>0x000001be249c8000 VMThread "VM Thread" [stack: 0x000000a9bac00000,0x000000a9bad00000] [id=37060]
  0x000001be254db000 WatcherThread [stack: 0x000000a9bb600000,0x000000a9bb700000] [id=39104]
  0x000001be0a530800 GCTaskThread "GC Thread#0" [stack: 0x000000a9ba700000,0x000000a9ba800000] [id=34824]
  0x000001be25f29800 GCTaskThread "GC Thread#1" [stack: 0x000000a9bb700000,0x000000a9bb800000] [id=608]
  0x000001be26079000 GCTaskThread "GC Thread#2" [stack: 0x000000a9bb800000,0x000000a9bb900000] [id=41292]
  0x000001be26c57000 GCTaskThread "GC Thread#3" [stack: 0x000000a9bc300000,0x000000a9bc400000] [id=42984]
  0x000001be269fb800 GCTaskThread "GC Thread#4" [stack: 0x000000a9bc400000,0x000000a9bc500000] [id=11804]
  0x000001be266ea800 GCTaskThread "GC Thread#5" [stack: 0x000000a9bc500000,0x000000a9bc600000] [id=33636]
  0x000001be27451000 GCTaskThread "GC Thread#6" [stack: 0x000000a9bc600000,0x000000a9bc700000] [id=42776]
  0x000001be2645b000 GCTaskThread "GC Thread#7" [stack: 0x000000a9bc700000,0x000000a9bc800000] [id=41184]
  0x000001be0a562800 ConcurrentGCThread "G1 Main Marker" [stack: 0x000000a9ba800000,0x000000a9ba900000] [id=42868]
  0x000001be0a564800 ConcurrentGCThread "G1 Conc#0" [stack: 0x000000a9ba900000,0x000000a9baa00000] [id=35692]
  0x000001be2735a000 ConcurrentGCThread "G1 Conc#1" [stack: 0x000000a9bca00000,0x000000a9bcb00000] [id=40876]
  0x000001be0a5e7800 ConcurrentGCThread "G1 Refine#0" [stack: 0x000000a9baa00000,0x000000a9bab00000] [id=40236]
  0x000001be24822800 ConcurrentGCThread "G1 Young RemSet Sampling" [stack: 0x000000a9bab00000,0x000000a9bac00000] [id=41856]

Threads with active compile tasks:
C2 CompilerThread0    19053 8121   !   4       jdk.internal.loader.Resource::getBytes (242 bytes)

VM state:at safepoint (normal execution)

VM Mutex/Monitor currently owned by a thread:  ([mutex/lock_event])
[0x000001be0a513070] Threads_lock - owner thread: 0x000001be249c8000
[0x000001be0a513340] Heap_lock - owner thread: 0x000001be254a1800

Heap address: 0x0000000080000000, size: 2048 MB, Compressed Oops mode: 32-bit
Narrow klass base: 0x0000000000000000, Narrow klass shift: 3
Compressed class space size: 1073741824 Address: 0x0000000100000000

Heap:
 garbage-first heap   total 187392K, used 122973K [0x0000000080000000, 0x0000000100000000)
  region size 1024K, 2 young (2048K), 2 survivors (2048K)
 Metaspace       used 83432K, capacity 85487K, committed 85628K, reserved 1124352K
  class space    used 10914K, capacity 11734K, committed 11776K, reserved 1048576K
Heap Regions: E=young(eden), S=young(survivor), O=old, HS=humongous(starts), HC=humongous(continues), CS=collection set, F=free, A=archive, TAMS=top-at-mark-start (previous, next)
|   0|0x0000000080000000, 0x0000000080100000, 0x0000000080100000|100%| O|  |TAMS 0x0000000080100000, 0x0000000080100000| Untracked 
|   1|0x0000000080100000, 0x0000000080200000, 0x0000000080200000|100%| O|  |TAMS 0x0000000080200000, 0x0000000080200000| Untracked 
|   2|0x0000000080200000, 0x0000000080300000, 0x0000000080300000|100%| O|  |TAMS 0x0000000080300000, 0x0000000080300000| Untracked 
|   3|0x0000000080300000, 0x0000000080400000, 0x0000000080400000|100%|HS|  |TAMS 0x0000000080400000, 0x0000000080400000| Complete 
|   4|0x0000000080400000, 0x0000000080500000, 0x0000000080500000|100%|HC|  |TAMS 0x0000000080500000, 0x0000000080500000| Complete 
|   5|0x0000000080500000, 0x0000000080600000, 0x0000000080600000|100%|HC|  |TAMS 0x0000000080600000, 0x0000000080600000| Complete 
|   6|0x0000000080600000, 0x0000000080700000, 0x0000000080700000|100%| O|  |TAMS 0x0000000080700000, 0x0000000080700000| Untracked 
|   7|0x0000000080700000, 0x0000000080800000, 0x0000000080800000|100%| O|  |TAMS 0x0000000080800000, 0x0000000080800000| Untracked 
|   8|0x0000000080800000, 0x0000000080900000, 0x0000000080900000|100%| O|  |TAMS 0x0000000080900000, 0x0000000080900000| Untracked 
|   9|0x0000000080900000, 0x0000000080a00000, 0x0000000080a00000|100%| O|  |TAMS 0x0000000080a00000, 0x0000000080a00000| Untracked 
|  10|0x0000000080a00000, 0x0000000080b00000, 0x0000000080b00000|100%| O|  |TAMS 0x0000000080b00000, 0x0000000080b00000| Untracked 
|  11|0x0000000080b00000, 0x0000000080c00000, 0x0000000080c00000|100%| O|  |TAMS 0x0000000080c00000, 0x0000000080c00000| Untracked 
|  12|0x0000000080c00000, 0x0000000080d00000, 0x0000000080d00000|100%| O|  |TAMS 0x0000000080d00000, 0x0000000080d00000| Untracked 
|  13|0x0000000080d00000, 0x0000000080e00000, 0x0000000080e00000|100%| O|  |TAMS 0x0000000080e00000, 0x0000000080e00000| Untracked 
|  14|0x0000000080e00000, 0x0000000080f00000, 0x0000000080f00000|100%| O|  |TAMS 0x0000000080f00000, 0x0000000080f00000| Untracked 
|  15|0x0000000080f00000, 0x0000000081000000, 0x0000000081000000|100%| O|  |TAMS 0x0000000081000000, 0x0000000081000000| Untracked 
|  16|0x0000000081000000, 0x0000000081100000, 0x0000000081100000|100%|HS|  |TAMS 0x0000000081100000, 0x0000000081100000| Complete 
|  17|0x0000000081100000, 0x0000000081200000, 0x0000000081200000|100%|HC|  |TAMS 0x0000000081200000, 0x0000000081200000| Complete 
|  18|0x0000000081200000, 0x0000000081300000, 0x0000000081300000|100%|HS|  |TAMS 0x0000000081300000, 0x0000000081300000| Complete 
|  19|0x0000000081300000, 0x0000000081400000, 0x0000000081400000|100%|HC|  |TAMS 0x0000000081400000, 0x0000000081400000| Complete 
|  20|0x0000000081400000, 0x0000000081500000, 0x0000000081500000|100%|HC|  |TAMS 0x0000000081500000, 0x0000000081500000| Complete 
|  21|0x0000000081500000, 0x0000000081600000, 0x0000000081600000|100%|HS|  |TAMS 0x0000000081600000, 0x0000000081600000| Complete 
|  22|0x0000000081600000, 0x0000000081700000, 0x0000000081700000|100%|HC|  |TAMS 0x0000000081700000, 0x0000000081700000| Complete 
|  23|0x0000000081700000, 0x0000000081800000, 0x0000000081800000|100%|HC|  |TAMS 0x0000000081800000, 0x0000000081800000| Complete 
|  24|0x0000000081800000, 0x0000000081900000, 0x0000000081900000|100%|HS|  |TAMS 0x0000000081900000, 0x0000000081900000| Complete 
|  25|0x0000000081900000, 0x0000000081a00000, 0x0000000081a00000|100%|HC|  |TAMS 0x0000000081a00000, 0x0000000081a00000| Complete 
|  26|0x0000000081a00000, 0x0000000081b00000, 0x0000000081b00000|100%|HS|  |TAMS 0x0000000081b00000, 0x0000000081b00000| Complete 
|  27|0x0000000081b00000, 0x0000000081c00000, 0x0000000081c00000|100%|HC|  |TAMS 0x0000000081c00000, 0x0000000081c00000| Complete 
|  28|0x0000000081c00000, 0x0000000081d00000, 0x0000000081d00000|100%|HC|  |TAMS 0x0000000081d00000, 0x0000000081d00000| Complete 
|  29|0x0000000081d00000, 0x0000000081e00000, 0x0000000081e00000|100%|HC|  |TAMS 0x0000000081e00000, 0x0000000081e00000| Complete 
|  30|0x0000000081e00000, 0x0000000081f00000, 0x0000000081f00000|100%|HC|  |TAMS 0x0000000081f00000, 0x0000000081f00000| Complete 
|  31|0x0000000081f00000, 0x0000000082000000, 0x0000000082000000|100%|HC|  |TAMS 0x0000000082000000, 0x0000000082000000| Complete 
|  32|0x0000000082000000, 0x0000000082100000, 0x0000000082100000|100%|HC|  |TAMS 0x0000000082100000, 0x0000000082100000| Complete 
|  33|0x0000000082100000, 0x0000000082200000, 0x0000000082200000|100%|HC|  |TAMS 0x0000000082200000, 0x0000000082200000| Complete 
|  34|0x0000000082200000, 0x0000000082300000, 0x0000000082300000|100%|HC|  |TAMS 0x0000000082300000, 0x0000000082300000| Complete 
|  35|0x0000000082300000, 0x0000000082400000, 0x0000000082400000|100%|HC|  |TAMS 0x0000000082400000, 0x0000000082400000| Complete 
|  36|0x0000000082400000, 0x0000000082500000, 0x0000000082500000|100%|HS|  |TAMS 0x0000000082500000, 0x0000000082500000| Complete 
|  37|0x0000000082500000, 0x0000000082600000, 0x0000000082600000|100%|HC|  |TAMS 0x0000000082600000, 0x0000000082600000| Complete 
|  38|0x0000000082600000, 0x0000000082700000, 0x0000000082700000|100%|HS|  |TAMS 0x0000000082700000, 0x0000000082700000| Complete 
|  39|0x0000000082700000, 0x0000000082800000, 0x0000000082800000|100%|HC|  |TAMS 0x0000000082800000, 0x0000000082800000| Complete 
|  40|0x0000000082800000, 0x0000000082900000, 0x0000000082900000|100%|HC|  |TAMS 0x0000000082900000, 0x0000000082900000| Complete 
|  41|0x0000000082900000, 0x0000000082a00000, 0x0000000082a00000|100%|HC|  |TAMS 0x0000000082a00000, 0x0000000082a00000| Complete 
|  42|0x0000000082a00000, 0x0000000082b00000, 0x0000000082b00000|100%|HC|  |TAMS 0x0000000082b00000, 0x0000000082b00000| Complete 
|  43|0x0000000082b00000, 0x0000000082c00000, 0x0000000082c00000|100%| O|  |TAMS 0x0000000082c00000, 0x0000000082c00000| Untracked 
|  44|0x0000000082c00000, 0x0000000082d00000, 0x0000000082d00000|100%| O|  |TAMS 0x0000000082d00000, 0x0000000082d00000| Untracked 
|  45|0x0000000082d00000, 0x0000000082e00000, 0x0000000082e00000|100%| O|  |TAMS 0x0000000082e00000, 0x0000000082e00000| Untracked 
|  46|0x0000000082e00000, 0x0000000082f00000, 0x0000000082f00000|100%| O|  |TAMS 0x0000000082f00000, 0x0000000082f00000| Untracked 
|  47|0x0000000082f00000, 0x0000000083000000, 0x0000000083000000|100%| O|  |TAMS 0x0000000083000000, 0x0000000083000000| Untracked 
|  48|0x0000000083000000, 0x0000000083100000, 0x0000000083100000|100%| O|  |TAMS 0x0000000083100000, 0x0000000083100000| Untracked 
|  49|0x0000000083100000, 0x0000000083200000, 0x0000000083200000|100%| O|  |TAMS 0x0000000083200000, 0x0000000083200000| Untracked 
|  50|0x0000000083200000, 0x0000000083300000, 0x0000000083300000|100%|HS|  |TAMS 0x0000000083300000, 0x0000000083300000| Complete 
|  51|0x0000000083300000, 0x0000000083400000, 0x0000000083400000|100%|HC|  |TAMS 0x0000000083400000, 0x0000000083400000| Complete 
|  52|0x0000000083400000, 0x0000000083500000, 0x0000000083500000|100%|HC|  |TAMS 0x0000000083500000, 0x0000000083500000| Complete 
|  53|0x0000000083500000, 0x0000000083600000, 0x0000000083600000|100%| O|  |TAMS 0x0000000083600000, 0x0000000083600000| Untracked 
|  54|0x0000000083600000, 0x0000000083700000, 0x0000000083700000|100%| O|  |TAMS 0x0000000083700000, 0x0000000083700000| Untracked 
|  55|0x0000000083700000, 0x0000000083800000, 0x0000000083800000|100%| O|  |TAMS 0x0000000083800000, 0x0000000083800000| Untracked 
|  56|0x0000000083800000, 0x0000000083900000, 0x0000000083900000|100%| O|  |TAMS 0x0000000083900000, 0x0000000083900000| Untracked 
|  57|0x0000000083900000, 0x0000000083a00000, 0x0000000083a00000|100%| O|  |TAMS 0x0000000083a00000, 0x0000000083a00000| Untracked 
|  58|0x0000000083a00000, 0x0000000083b00000, 0x0000000083b00000|100%|HS|  |TAMS 0x0000000083b00000, 0x0000000083b00000| Complete 
|  59|0x0000000083b00000, 0x0000000083c00000, 0x0000000083c00000|100%|HC|  |TAMS 0x0000000083c00000, 0x0000000083c00000| Complete 
|  60|0x0000000083c00000, 0x0000000083d00000, 0x0000000083d00000|100%|HC|  |TAMS 0x0000000083d00000, 0x0000000083d00000| Complete 
|  61|0x0000000083d00000, 0x0000000083e00000, 0x0000000083e00000|100%|HS|  |TAMS 0x0000000083e00000, 0x0000000083e00000| Complete 
|  62|0x0000000083e00000, 0x0000000083f00000, 0x0000000083f00000|100%|HC|  |TAMS 0x0000000083f00000, 0x0000000083f00000| Complete 
|  63|0x0000000083f00000, 0x0000000084000000, 0x0000000084000000|100%| O|  |TAMS 0x0000000084000000, 0x0000000084000000| Untracked 
|  64|0x0000000084000000, 0x0000000084100000, 0x0000000084100000|100%| O|  |TAMS 0x0000000084100000, 0x0000000084100000| Untracked 
|  65|0x0000000084100000, 0x0000000084200000, 0x0000000084200000|100%|HS|  |TAMS 0x0000000084200000, 0x0000000084200000| Complete 
|  66|0x0000000084200000, 0x0000000084300000, 0x0000000084300000|100%|HC|  |TAMS 0x0000000084300000, 0x0000000084300000| Complete 
|  67|0x0000000084300000, 0x0000000084400000, 0x0000000084400000|100%|HC|  |TAMS 0x0000000084400000, 0x0000000084400000| Complete 
|  68|0x0000000084400000, 0x0000000084500000, 0x0000000084500000|100%|HC|  |TAMS 0x0000000084500000, 0x0000000084500000| Complete 
|  69|0x0000000084500000, 0x0000000084600000, 0x0000000084600000|100%|HC|  |TAMS 0x0000000084600000, 0x0000000084600000| Complete 
|  70|0x0000000084600000, 0x0000000084700000, 0x0000000084700000|100%|HC|  |TAMS 0x0000000084700000, 0x0000000084700000| Complete 
|  71|0x0000000084700000, 0x0000000084800000, 0x0000000084800000|100%|HC|  |TAMS 0x0000000084800000, 0x0000000084800000| Complete 
|  72|0x0000000084800000, 0x0000000084900000, 0x0000000084900000|100%|HC|  |TAMS 0x0000000084900000, 0x0000000084900000| Complete 
|  73|0x0000000084900000, 0x0000000084a00000, 0x0000000084a00000|100%|HC|  |TAMS 0x0000000084a00000, 0x0000000084a00000| Complete 
|  74|0x0000000084a00000, 0x0000000084b00000, 0x0000000084b00000|100%|HC|  |TAMS 0x0000000084b00000, 0x0000000084b00000| Complete 
|  75|0x0000000084b00000, 0x0000000084c00000, 0x0000000084c00000|100%|HS|  |TAMS 0x0000000084c00000, 0x0000000084c00000| Complete 
|  76|0x0000000084c00000, 0x0000000084d00000, 0x0000000084d00000|100%|HC|  |TAMS 0x0000000084d00000, 0x0000000084d00000| Complete 
|  77|0x0000000084d00000, 0x0000000084e00000, 0x0000000084e00000|100%| O|  |TAMS 0x0000000084e00000, 0x0000000084e00000| Untracked 
|  78|0x0000000084e00000, 0x0000000084f00000, 0x0000000084f00000|100%| O|  |TAMS 0x0000000084f00000, 0x0000000084f00000| Untracked 
|  79|0x0000000084f00000, 0x0000000085000000, 0x0000000085000000|100%| O|  |TAMS 0x0000000085000000, 0x0000000085000000| Untracked 
|  80|0x0000000085000000, 0x0000000085100000, 0x0000000085100000|100%| O|  |TAMS 0x0000000085100000, 0x0000000085100000| Untracked 
|  81|0x0000000085100000, 0x0000000085200000, 0x0000000085200000|100%| O|  |TAMS 0x0000000085200000, 0x0000000085200000| Untracked 
|  82|0x0000000085200000, 0x0000000085300000, 0x0000000085300000|100%| O|  |TAMS 0x0000000085300000, 0x0000000085300000| Untracked 
|  83|0x0000000085300000, 0x0000000085400000, 0x0000000085400000|100%|HS|  |TAMS 0x0000000085400000, 0x0000000085400000| Complete 
|  84|0x0000000085400000, 0x0000000085500000, 0x0000000085500000|100%|HC|  |TAMS 0x0000000085500000, 0x0000000085500000| Complete 
|  85|0x0000000085500000, 0x0000000085600000, 0x0000000085600000|100%|HC|  |TAMS 0x0000000085600000, 0x0000000085600000| Complete 
|  86|0x0000000085600000, 0x0000000085700000, 0x0000000085700000|100%|HC|  |TAMS 0x0000000085700000, 0x0000000085700000| Complete 
|  87|0x0000000085700000, 0x0000000085800000, 0x0000000085800000|100%|HC|  |TAMS 0x0000000085800000, 0x0000000085800000| Complete 
|  88|0x0000000085800000, 0x0000000085900000, 0x0000000085900000|100%| O|  |TAMS 0x0000000085900000, 0x0000000085900000| Untracked 
|  89|0x0000000085900000, 0x0000000085a00000, 0x0000000085a00000|100%| O|  |TAMS 0x0000000085a00000, 0x0000000085a00000| Untracked 
|  90|0x0000000085a00000, 0x0000000085b00000, 0x0000000085b00000|100%| O|  |TAMS 0x0000000085b00000, 0x0000000085b00000| Untracked 
|  91|0x0000000085b00000, 0x0000000085c00000, 0x0000000085c00000|100%| O|  |TAMS 0x0000000085c00000, 0x0000000085c00000| Untracked 
|  92|0x0000000085c00000, 0x0000000085d00000, 0x0000000085d00000|100%| O|  |TAMS 0x0000000085d00000, 0x0000000085d00000| Untracked 
|  93|0x0000000085d00000, 0x0000000085e00000, 0x0000000085e00000|100%| O|  |TAMS 0x0000000085e00000, 0x0000000085e00000| Untracked 
|  94|0x0000000085e00000, 0x0000000085f00000, 0x0000000085f00000|100%| O|  |TAMS 0x0000000085f00000, 0x0000000085f00000| Untracked 
|  95|0x0000000085f00000, 0x0000000086000000, 0x0000000086000000|100%| O|  |TAMS 0x0000000086000000, 0x0000000086000000| Untracked 
|  96|0x0000000086000000, 0x0000000086100000, 0x0000000086100000|100%|HS|  |TAMS 0x0000000086100000, 0x0000000086100000| Complete 
|  97|0x0000000086100000, 0x0000000086200000, 0x0000000086200000|100%| O|  |TAMS 0x0000000086200000, 0x0000000086200000| Untracked 
|  98|0x0000000086200000, 0x0000000086300000, 0x0000000086300000|100%| O|  |TAMS 0x0000000086300000, 0x0000000086300000| Untracked 
|  99|0x0000000086300000, 0x0000000086400000, 0x0000000086400000|100%|HS|  |TAMS 0x0000000086400000, 0x0000000086400000| Complete 
| 100|0x0000000086400000, 0x0000000086500000, 0x0000000086500000|100%| O|  |TAMS 0x0000000086500000, 0x0000000086500000| Untracked 
| 101|0x0000000086500000, 0x0000000086600000, 0x0000000086600000|100%| O|  |TAMS 0x0000000086600000, 0x0000000086600000| Untracked 
| 102|0x0000000086600000, 0x0000000086700000, 0x0000000086700000|100%| O|  |TAMS 0x0000000086700000, 0x0000000086700000| Untracked 
| 103|0x0000000086700000, 0x0000000086800000, 0x0000000086800000|100%| O|  |TAMS 0x0000000086800000, 0x0000000086800000| Untracked 
| 104|0x0000000086800000, 0x0000000086900000, 0x0000000086900000|100%| O|  |TAMS 0x0000000086900000, 0x0000000086900000| Untracked 
| 105|0x0000000086900000, 0x0000000086a00000, 0x0000000086a00000|100%| O|  |TAMS 0x0000000086a00000, 0x0000000086a00000| Untracked 
| 106|0x0000000086a00000, 0x0000000086b00000, 0x0000000086b00000|100%| O|  |TAMS 0x0000000086b00000, 0x0000000086b00000| Untracked 
| 107|0x0000000086b00000, 0x0000000086c00000, 0x0000000086c00000|100%| O|  |TAMS 0x0000000086c00000, 0x0000000086c00000| Untracked 
| 108|0x0000000086c00000, 0x0000000086d00000, 0x0000000086d00000|100%| O|  |TAMS 0x0000000086d00000, 0x0000000086d00000| Untracked 
| 109|0x0000000086d00000, 0x0000000086e00000, 0x0000000086e00000|100%| O|  |TAMS 0x0000000086e00000, 0x0000000086e00000| Untracked 
| 110|0x0000000086e00000, 0x0000000086f00000, 0x0000000086f00000|100%| O|  |TAMS 0x0000000086f00000, 0x0000000086f00000| Untracked 
| 111|0x0000000086f00000, 0x0000000087000000, 0x0000000087000000|100%| O|  |TAMS 0x0000000087000000, 0x0000000087000000| Untracked 
| 112|0x0000000087000000, 0x0000000087100000, 0x0000000087100000|100%| O|  |TAMS 0x0000000087100000, 0x0000000087100000| Untracked 
| 113|0x0000000087100000, 0x0000000087200000, 0x0000000087200000|100%| O|  |TAMS 0x0000000087200000, 0x0000000087200000| Untracked 
| 114|0x0000000087200000, 0x0000000087300000, 0x0000000087300000|100%| O|  |TAMS 0x0000000087300000, 0x0000000087300000| Untracked 
| 115|0x0000000087300000, 0x0000000087400000, 0x0000000087400000|100%| O|  |TAMS 0x0000000087400000, 0x0000000087400000| Untracked 
| 116|0x0000000087400000, 0x0000000087500000, 0x0000000087500000|100%| O|  |TAMS 0x0000000087482a00, 0x0000000087500000| Untracked 
| 117|0x0000000087500000, 0x0000000087600000, 0x0000000087600000|100%| O|  |TAMS 0x0000000087500000, 0x0000000087600000| Untracked 
| 118|0x0000000087600000, 0x000000008765e400, 0x0000000087700000| 36%| O|  |TAMS 0x0000000087600000, 0x000000008765e400| Untracked 
| 119|0x0000000087700000, 0x0000000087700000, 0x0000000087800000|  0%| F|  |TAMS 0x0000000087700000, 0x0000000087700000| Untracked 
| 120|0x0000000087800000, 0x0000000087800000, 0x0000000087900000|  0%| F|  |TAMS 0x0000000087800000, 0x0000000087800000| Untracked 
| 121|0x0000000087900000, 0x0000000087900000, 0x0000000087a00000|  0%| F|  |TAMS 0x0000000087900000, 0x0000000087900000| Untracked 
| 122|0x0000000087a00000, 0x0000000087a00000, 0x0000000087b00000|  0%| F|  |TAMS 0x0000000087a00000, 0x0000000087a00000| Untracked 
| 123|0x0000000087b00000, 0x0000000087b00000, 0x0000000087c00000|  0%| F|  |TAMS 0x0000000087b00000, 0x0000000087b00000| Untracked 
| 124|0x0000000087c00000, 0x0000000087c00000, 0x0000000087d00000|  0%| F|  |TAMS 0x0000000087c00000, 0x0000000087c00000| Untracked 
| 125|0x0000000087d00000, 0x0000000087d00000, 0x0000000087e00000|  0%| F|  |TAMS 0x0000000087d00000, 0x0000000087d00000| Untracked 
| 126|0x0000000087e00000, 0x0000000087e00000, 0x0000000087f00000|  0%| F|  |TAMS 0x0000000087e00000, 0x0000000087e00000| Untracked 
| 127|0x0000000087f00000, 0x0000000087f00000, 0x0000000088000000|  0%| F|  |TAMS 0x0000000087f00000, 0x0000000087f00000| Untracked 
| 128|0x0000000088000000, 0x0000000088000000, 0x0000000088100000|  0%| F|  |TAMS 0x0000000088000000, 0x0000000088000000| Untracked 
| 129|0x0000000088100000, 0x0000000088100000, 0x0000000088200000|  0%| F|  |TAMS 0x0000000088100000, 0x0000000088100000| Untracked 
| 130|0x0000000088200000, 0x0000000088200000, 0x0000000088300000|  0%| F|  |TAMS 0x0000000088200000, 0x0000000088200000| Untracked 
| 131|0x0000000088300000, 0x0000000088300000, 0x0000000088400000|  0%| F|  |TAMS 0x0000000088300000, 0x0000000088300000| Untracked 
| 132|0x0000000088400000, 0x0000000088400000, 0x0000000088500000|  0%| F|  |TAMS 0x0000000088400000, 0x0000000088400000| Untracked 
| 133|0x0000000088500000, 0x0000000088500000, 0x0000000088600000|  0%| F|  |TAMS 0x0000000088500000, 0x0000000088500000| Untracked 
| 134|0x0000000088600000, 0x0000000088600000, 0x0000000088700000|  0%| F|  |TAMS 0x0000000088600000, 0x0000000088600000| Untracked 
| 135|0x0000000088700000, 0x0000000088700000, 0x0000000088800000|  0%| F|  |TAMS 0x0000000088700000, 0x0000000088700000| Untracked 
| 136|0x0000000088800000, 0x0000000088800000, 0x0000000088900000|  0%| F|  |TAMS 0x0000000088800000, 0x0000000088800000| Untracked 
| 137|0x0000000088900000, 0x00000000889b9310, 0x0000000088a00000| 72%| S|CS|TAMS 0x0000000088900000, 0x0000000088900000| Complete 
| 138|0x0000000088a00000, 0x0000000088b00000, 0x0000000088b00000|100%| S|CS|TAMS 0x0000000088a00000, 0x0000000088a00000| Complete 
| 139|0x0000000088b00000, 0x0000000088b00000, 0x0000000088c00000|  0%| F|  |TAMS 0x0000000088b00000, 0x0000000088b00000| Untracked 
| 140|0x0000000088c00000, 0x0000000088c00000, 0x0000000088d00000|  0%| F|  |TAMS 0x0000000088c00000, 0x0000000088c00000| Untracked 
| 141|0x0000000088d00000, 0x0000000088d00000, 0x0000000088e00000|  0%| F|  |TAMS 0x0000000088d00000, 0x0000000088d00000| Untracked 
| 142|0x0000000088e00000, 0x0000000088e00000, 0x0000000088f00000|  0%| F|  |TAMS 0x0000000088e00000, 0x0000000088e00000| Untracked 
| 143|0x0000000088f00000, 0x0000000088f00000, 0x0000000089000000|  0%| F|  |TAMS 0x0000000088f00000, 0x0000000088f00000| Untracked 
| 144|0x0000000089000000, 0x0000000089000000, 0x0000000089100000|  0%| F|  |TAMS 0x0000000089000000, 0x0000000089000000| Untracked 
| 145|0x0000000089100000, 0x0000000089100000, 0x0000000089200000|  0%| F|  |TAMS 0x0000000089100000, 0x0000000089100000| Untracked 
| 146|0x0000000089200000, 0x0000000089200000, 0x0000000089300000|  0%| F|  |TAMS 0x0000000089200000, 0x0000000089200000| Untracked 
| 147|0x0000000089300000, 0x0000000089300000, 0x0000000089400000|  0%| F|  |TAMS 0x0000000089300000, 0x0000000089300000| Untracked 
| 148|0x0000000089400000, 0x0000000089400000, 0x0000000089500000|  0%| F|  |TAMS 0x0000000089400000, 0x0000000089400000| Untracked 
| 149|0x0000000089500000, 0x0000000089500000, 0x0000000089600000|  0%| F|  |TAMS 0x0000000089500000, 0x0000000089500000| Untracked 
| 150|0x0000000089600000, 0x0000000089600000, 0x0000000089700000|  0%| F|  |TAMS 0x0000000089600000, 0x0000000089600000| Untracked 
| 151|0x0000000089700000, 0x0000000089700000, 0x0000000089800000|  0%| F|  |TAMS 0x0000000089700000, 0x0000000089700000| Untracked 

Card table byte_map: [0x000001be1d770000,0x000001be1db70000] _byte_map_base: 0x000001be1d370000

Marking Bits (Prev, Next): (CMBitMap*) 0x000001be0a559820, (CMBitMap*) 0x000001be0a5597e8
 Prev Bits: [0x000001be1ff70000, 0x000001be21f70000)
 Next Bits: [0x000001be1df70000, 0x000001be1ff70000)

Polling page: 0x000001be09cf0000

Metaspace:

Usage:
  Non-class:     72.02 MB capacity,    70.82 MB ( 98%) used,  1016.19 KB (  1%) free+waste,   219.06 KB ( <1%) overhead. 
      Class:     11.46 MB capacity,    10.66 MB ( 93%) used,   716.25 KB (  6%) free+waste,   103.38 KB ( <1%) overhead. 
       Both:     83.48 MB capacity,    81.48 MB ( 98%) used,     1.69 MB (  2%) free+waste,   322.44 KB ( <1%) overhead. 

Virtual space:
  Non-class space:       74.00 MB reserved,      72.12 MB ( 97%) committed 
      Class space:        1.00 GB reserved,      11.50 MB (  1%) committed 
             Both:        1.07 GB reserved,      83.62 MB (  8%) committed 

Chunk freelists:
   Non-Class:  35.00 KB
       Class:  10.00 KB
        Both:  45.00 KB

MaxMetaspaceSize: 17179869184.00 GB
CompressedClassSpaceSize: 1.00 GB
Initial GC threshold: 20.80 MB
Current GC threshold: 135.41 MB
CDS: off

CodeHeap 'non-profiled nmethods': size=120000Kb used=4209Kb max_used=4209Kb free=115790Kb
 bounds [0x000001be15b10000, 0x000001be15f30000, 0x000001be1d040000]
CodeHeap 'profiled nmethods': size=120000Kb used=16749Kb max_used=16749Kb free=103250Kb
 bounds [0x000001be0e5e0000, 0x000001be0f640000, 0x000001be15b10000]
CodeHeap 'non-nmethods': size=5760Kb used=2392Kb max_used=2432Kb free=3367Kb
 bounds [0x000001be0e040000, 0x000001be0e2b0000, 0x000001be0e5e0000]
 total_blobs=8957 nmethods=8036 adapters=833
 compilation: enabled
              stopped_count=0, restarted_count=0
 full_count=0

Compilation events (20 events):
Event: 19.004 Thread 0x000001be25353800 8185       1       org.gradle.internal.reflect.annotations.impl.DefaultPropertyAnnotationMetadata::getAnnotations (5 bytes)
Event: 19.005 Thread 0x000001be25353800 nmethod 8185 0x000001be15f20b10 code [0x000001be15f20cc0, 0x000001be15f20d78]
Event: 19.005 Thread 0x000001be25353800 8186       1       org.gradle.internal.reflect.annotations.impl.DefaultPropertyAnnotationMetadata::getPropertyName (5 bytes)
Event: 19.005 Thread 0x000001be25353800 nmethod 8186 0x000001be15f20e10 code [0x000001be15f20fc0, 0x000001be15f21078]
Event: 19.008 Thread 0x000001be25353800 8187       1       com.android.build.gradle.internal.publishing.AndroidArtifacts$ArtifactType::getType (5 bytes)
Event: 19.008 Thread 0x000001be25353800 nmethod 8187 0x000001be15f21110 code [0x000001be15f212c0, 0x000001be15f21378]
Event: 19.011 Thread 0x000001be25353800 8188       2       com.google.common.collect.Sets$ImprovedAbstractSet::<init> (5 bytes)
Event: 19.011 Thread 0x000001be25353800 nmethod 8188 0x000001be0f639c90 code [0x000001be0f639e40, 0x000001be0f639f38]
Event: 19.011 Thread 0x000001be25353800 8189       1       com.google.common.collect.Maps$KeySet::map (5 bytes)
Event: 19.011 Thread 0x000001be25353800 nmethod 8189 0x000001be15f21410 code [0x000001be15f215c0, 0x000001be15f21678]
Event: 19.015 Thread 0x000001be25353800 8190       2       org.gradle.model.internal.asm.ClassVisitorScope::addMethod (11 bytes)
Event: 19.015 Thread 0x000001be25353800 nmethod 8190 0x000001be0f63a010 code [0x000001be0f63a200, 0x000001be0f63a3f8]
Event: 19.016 Thread 0x000001be25353800 8191       2       org.gradle.api.internal.provider.AbstractCollectionProperty$CollectingSupplier::<init> (15 bytes)
Event: 19.016 Thread 0x000001be25353800 nmethod 8191 0x000001be0f63a590 code [0x000001be0f63a740, 0x000001be0f63a8d8]
Event: 19.017 Thread 0x000001be25353800 8192       2       sun.reflect.annotation.AnnotationInvocationHandler::cloneArray (143 bytes)
Event: 19.020 Thread 0x000001be25353800 nmethod 8192 0x000001be0f63a990 code [0x000001be0f63ac00, 0x000001be0f63b148]
Event: 19.021 Thread 0x000001be25349800 nmethod 8003 0x000001be15f21710 code [0x000001be15f21c00, 0x000001be15f28af8]
Event: 19.021 Thread 0x000001be25349800 8121   !   4       jdk.internal.loader.Resource::getBytes (242 bytes)
Event: 19.023 Thread 0x000001be25353800 8193       2       org.gradle.internal.instantiation.generator.AbstractClassGenerator::access$1600 (6 bytes)
Event: 19.024 Thread 0x000001be25353800 nmethod 8193 0x000001be0f63b390 code [0x000001be0f63b540, 0x000001be0f63b648]

GC Heap History (20 events):
Event: 17.595 GC heap after
{Heap after GC invocations=48 (full 0):
 garbage-first heap   total 155648K, used 114161K [0x0000000080000000, 0x0000000100000000)
  region size 1024K, 3 young (3072K), 3 survivors (3072K)
 Metaspace       used 72997K, capacity 74915K, committed 75132K, reserved 1114112K
  class space    used 9388K, capacity 10136K, committed 10240K, reserved 1048576K
}
Event: 17.750 GC heap before
{Heap before GC invocations=48 (full 0):
 garbage-first heap   total 155648K, used 131569K [0x0000000080000000, 0x0000000100000000)
  region size 1024K, 20 young (20480K), 3 survivors (3072K)
 Metaspace       used 74679K, capacity 76584K, committed 76796K, reserved 1116160K
  class space    used 9576K, capacity 10366K, committed 10368K, reserved 1048576K
}
Event: 17.754 GC heap after
{Heap after GC invocations=49 (full 0):
 garbage-first heap   total 155648K, used 115458K [0x0000000080000000, 0x0000000100000000)
  region size 1024K, 2 young (2048K), 2 survivors (2048K)
 Metaspace       used 74679K, capacity 76584K, committed 76796K, reserved 1116160K
  class space    used 9576K, capacity 10366K, committed 10368K, reserved 1048576K
}
Event: 17.904 GC heap before
{Heap before GC invocations=50 (full 0):
 garbage-first heap   total 155648K, used 131842K [0x0000000080000000, 0x0000000100000000)
  region size 1024K, 18 young (18432K), 2 survivors (2048K)
 Metaspace       used 75752K, capacity 77673K, committed 77948K, reserved 1116160K
  class space    used 9700K, capacity 10470K, committed 10496K, reserved 1048576K
}
Event: 17.906 GC heap after
{Heap after GC invocations=51 (full 0):
 garbage-first heap   total 155648K, used 116194K [0x0000000080000000, 0x0000000100000000)
  region size 1024K, 3 young (3072K), 3 survivors (3072K)
 Metaspace       used 75752K, capacity 77673K, committed 77948K, reserved 1116160K
  class space    used 9700K, capacity 10470K, committed 10496K, reserved 1048576K
}
Event: 17.961 GC heap before
{Heap before GC invocations=51 (full 0):
 garbage-first heap   total 155648K, used 123362K [0x0000000080000000, 0x0000000100000000)
  region size 1024K, 11 young (11264K), 3 survivors (3072K)
 Metaspace       used 76323K, capacity 78291K, committed 78588K, reserved 1118208K
  class space    used 9795K, capacity 10568K, committed 10624K, reserved 1048576K
}
Event: 17.963 GC heap after
{Heap after GC invocations=52 (full 0):
 garbage-first heap   total 155648K, used 116977K [0x0000000080000000, 0x0000000100000000)
  region size 1024K, 2 young (2048K), 2 survivors (2048K)
 Metaspace       used 76323K, capacity 78291K, committed 78588K, reserved 1118208K
  class space    used 9795K, capacity 10568K, committed 10624K, reserved 1048576K
}
Event: 18.338 GC heap before
{Heap before GC invocations=53 (full 0):
 garbage-first heap   total 155648K, used 134385K [0x0000000080000000, 0x0000000100000000)
  region size 1024K, 18 young (18432K), 2 survivors (2048K)
 Metaspace       used 77420K, capacity 79453K, committed 79612K, reserved 1118208K
  class space    used 9947K, capacity 10776K, committed 10880K, reserved 1048576K
}
Event: 18.340 GC heap after
{Heap after GC invocations=54 (full 0):
 garbage-first heap   total 155648K, used 117253K [0x0000000080000000, 0x0000000100000000)
  region size 1024K, 2 young (2048K), 2 survivors (2048K)
 Metaspace       used 77420K, capacity 79453K, committed 79612K, reserved 1118208K
  class space    used 9947K, capacity 10776K, committed 10880K, reserved 1048576K
}
Event: 18.400 GC heap before
{Heap before GC invocations=54 (full 0):
 garbage-first heap   total 155648K, used 133637K [0x0000000080000000, 0x0000000100000000)
  region size 1024K, 18 young (18432K), 2 survivors (2048K)
 Metaspace       used 77529K, capacity 79523K, committed 79868K, reserved 1118208K
  class space    used 9965K, capacity 10778K, committed 10880K, reserved 1048576K
}
Event: 18.403 GC heap after
{Heap after GC invocations=55 (full 0):
 garbage-first heap   total 155648K, used 118332K [0x0000000080000000, 0x0000000100000000)
  region size 1024K, 3 young (3072K), 3 survivors (3072K)
 Metaspace       used 77529K, capacity 79523K, committed 79868K, reserved 1118208K
  class space    used 9965K, capacity 10778K, committed 10880K, reserved 1048576K
}
Event: 18.460 GC heap before
{Heap before GC invocations=55 (full 0):
 garbage-first heap   total 155648K, used 133692K [0x0000000080000000, 0x0000000100000000)
  region size 1024K, 18 young (18432K), 3 survivors (3072K)
 Metaspace       used 77564K, capacity 79685K, committed 79868K, reserved 1118208K
  class space    used 9970K, capacity 10812K, committed 10880K, reserved 1048576K
}
Event: 18.463 GC heap after
{Heap after GC invocations=56 (full 0):
 garbage-first heap   total 155648K, used 119304K [0x0000000080000000, 0x0000000100000000)
  region size 1024K, 3 young (3072K), 3 survivors (3072K)
 Metaspace       used 77564K, capacity 79685K, committed 79868K, reserved 1118208K
  class space    used 9970K, capacity 10812K, committed 10880K, reserved 1048576K
}
Event: 18.569 GC heap before
{Heap before GC invocations=57 (full 0):
 garbage-first heap   total 155648K, used 134664K [0x0000000080000000, 0x0000000100000000)
  region size 1024K, 18 young (18432K), 3 survivors (3072K)
 Metaspace       used 78736K, capacity 80872K, committed 81020K, reserved 1120256K
  class space    used 10118K, capacity 10973K, committed 11008K, reserved 1048576K
}
Event: 18.572 GC heap after
{Heap after GC invocations=58 (full 0):
 garbage-first heap   total 155648K, used 120753K [0x0000000080000000, 0x0000000100000000)
  region size 1024K, 3 young (3072K), 3 survivors (3072K)
 Metaspace       used 78736K, capacity 80872K, committed 81020K, reserved 1120256K
  class space    used 10118K, capacity 10973K, committed 11008K, reserved 1048576K
}
Event: 18.692 GC heap before
{Heap before GC invocations=58 (full 0):
 garbage-first heap   total 155648K, used 135089K [0x0000000080000000, 0x0000000100000000)
  region size 1024K, 17 young (17408K), 3 survivors (3072K)
 Metaspace       used 80329K, capacity 82410K, committed 82556K, reserved 1120256K
  class space    used 10389K, capacity 11230K, committed 11264K, reserved 1048576K
}
Event: 18.695 GC heap after
{Heap after GC invocations=59 (full 0):
 garbage-first heap   total 155648K, used 121269K [0x0000000080000000, 0x0000000100000000)
  region size 1024K, 2 young (2048K), 2 survivors (2048K)
 Metaspace       used 80329K, capacity 82410K, committed 82556K, reserved 1120256K
  class space    used 10389K, capacity 11230K, committed 11264K, reserved 1048576K
}
Event: 18.884 GC heap before
{Heap before GC invocations=60 (full 0):
 garbage-first heap   total 155648K, used 135605K [0x0000000080000000, 0x0000000100000000)
  region size 1024K, 16 young (16384K), 2 survivors (2048K)
 Metaspace       used 82186K, capacity 84247K, committed 84476K, reserved 1122304K
  class space    used 10749K, capacity 11563K, committed 11648K, reserved 1048576K
}
Event: 18.887 GC heap after
{Heap after GC invocations=61 (full 0):
 garbage-first heap   total 155648K, used 122235K [0x0000000080000000, 0x0000000100000000)
  region size 1024K, 2 young (2048K), 2 survivors (2048K)
 Metaspace       used 82186K, capacity 84247K, committed 84476K, reserved 1122304K
  class space    used 10749K, capacity 11563K, committed 11648K, reserved 1048576K
}
Event: 19.033 GC heap before
{Heap before GC invocations=61 (full 0):
 garbage-first heap   total 155648K, used 135547K [0x0000000080000000, 0x0000000100000000)
  region size 1024K, 15 young (15360K), 2 survivors (2048K)
 Metaspace       used 83432K, capacity 85487K, committed 85628K, reserved 1124352K
  class space    used 10914K, capacity 11734K, committed 11776K, reserved 1048576K
}

Deoptimization events (20 events):
Event: 18.092 Thread 0x000001be254a1800 Uncommon trap: trap_request=0xffffffde fr.pc=0x000001be15b384e4 relative=0x00000000000001c4
Event: 18.092 Thread 0x000001be254a1800 Uncommon trap: reason=class_check action=maybe_recompile pc=0x000001be15b384e4 method=java.lang.String.equals(Ljava/lang/Object;)Z @ 8 c2
Event: 18.092 Thread 0x000001be254a1800 DEOPT PACKING pc=0x000001be15b384e4 sp=0x000000a9bbff7210
Event: 18.092 Thread 0x000001be254a1800 DEOPT UNPACKING pc=0x000001be0e08a1af sp=0x000000a9bbff71b8 mode 2
Event: 18.395 Thread 0x000001be254a1800 Uncommon trap: trap_request=0xffffff4d fr.pc=0x000001be15d45140 relative=0x0000000000001ee0
Event: 18.395 Thread 0x000001be254a1800 Uncommon trap: reason=unstable_if action=reinterpret pc=0x000001be15d45140 method=java.lang.ClassValue.match(Ljava/lang/ClassValue$Entry;)Z @ 12 c2
Event: 18.395 Thread 0x000001be254a1800 DEOPT PACKING pc=0x000001be15d45140 sp=0x000000a9bbff4740
Event: 18.395 Thread 0x000001be254a1800 DEOPT UNPACKING pc=0x000001be0e08a1af sp=0x000000a9bbff4578 mode 2
Event: 18.780 Thread 0x000001be254a1800 DEOPT PACKING pc=0x000001be0f085a98 sp=0x000000a9bbff75d0
Event: 18.780 Thread 0x000001be254a1800 DEOPT UNPACKING pc=0x000001be0e08a95e sp=0x000000a9bbff6ad0 mode 0
Event: 18.991 Thread 0x000001be254a1800 DEOPT PACKING pc=0x000001be0f085a77 sp=0x000000a9bbff70a0
Event: 18.991 Thread 0x000001be254a1800 DEOPT UNPACKING pc=0x000001be0e08a95e sp=0x000000a9bbff65a0 mode 0
Event: 18.997 Thread 0x000001be254a1800 Uncommon trap: trap_request=0xffffffde fr.pc=0x000001be15f0f0dc relative=0x0000000000000ddc
Event: 18.997 Thread 0x000001be254a1800 Uncommon trap: reason=class_check action=maybe_recompile pc=0x000001be15f0f0dc method=org.gradle.internal.instantiation.generator.AbstractClassGenerator$InjectionAnnotationValidator.validateMethod(Ljava/lang/reflect/Method;Lorg/gradle/internal/reflect/Pro
Event: 18.997 Thread 0x000001be254a1800 DEOPT PACKING pc=0x000001be15f0f0dc sp=0x000000a9bbff7900
Event: 18.997 Thread 0x000001be254a1800 DEOPT UNPACKING pc=0x000001be0e08a1af sp=0x000000a9bbff78a8 mode 2
Event: 19.017 Thread 0x000001be254a1800 Uncommon trap: trap_request=0xffffffde fr.pc=0x000001be15f0f0dc relative=0x0000000000000ddc
Event: 19.017 Thread 0x000001be254a1800 Uncommon trap: reason=class_check action=maybe_recompile pc=0x000001be15f0f0dc method=org.gradle.internal.instantiation.generator.AbstractClassGenerator$InjectionAnnotationValidator.validateMethod(Ljava/lang/reflect/Method;Lorg/gradle/internal/reflect/Pro
Event: 19.017 Thread 0x000001be254a1800 DEOPT PACKING pc=0x000001be15f0f0dc sp=0x000000a9bbff78e0
Event: 19.017 Thread 0x000001be254a1800 DEOPT UNPACKING pc=0x000001be0e08a1af sp=0x000000a9bbff7888 mode 2

Classes redefined (0 events):
No events

Internal exceptions (20 events):
Event: 18.460 Thread 0x000001be254a1800 Exception <a 'java/lang/ClassNotFoundException'{0x00000000889d8280}: com/android/build/gradle/internal/dsl/BuildType$AgpDecorated_DecoratedBeanInfo> (0x00000000889d8280) thrown at [src/hotspot/share/classfile/systemDictionary.cpp, line 230]
Event: 18.460 Thread 0x000001be254a1800 Exception <a 'java/lang/ClassNotFoundException'{0x00000000889f7db8}: com/android/build/gradle/internal/dsl/BuildType$AgpDecoratedBeanInfo> (0x00000000889f7db8) thrown at [src/hotspot/share/classfile/systemDictionary.cpp, line 230]
Event: 18.464 Thread 0x000001be254a1800 Exception <a 'java/lang/ClassNotFoundException'{0x00000000897156c8}: com/android/build/gradle/internal/dsl/BuildTypeBeanInfo> (0x00000000897156c8) thrown at [src/hotspot/share/classfile/systemDictionary.cpp, line 230]
Event: 18.464 Thread 0x000001be254a1800 Exception <a 'java/lang/ClassNotFoundException'{0x0000000089731f28}: com/android/builder/core/AbstractBuildTypeBeanInfo> (0x0000000089731f28) thrown at [src/hotspot/share/classfile/systemDictionary.cpp, line 230]
Event: 18.465 Thread 0x000001be254a1800 Exception <a 'java/lang/ClassNotFoundException'{0x000000008974eeb8}: com/android/builder/core/AbstractBuildTypeCustomizer> (0x000000008974eeb8) thrown at [src/hotspot/share/classfile/systemDictionary.cpp, line 230]
Event: 18.465 Thread 0x000001be254a1800 Exception <a 'java/lang/ClassNotFoundException'{0x0000000089788848}: com/android/build/gradle/internal/dsl/BuildTypeCustomizer> (0x0000000089788848) thrown at [src/hotspot/share/classfile/systemDictionary.cpp, line 230]
Event: 18.468 Thread 0x000001be254a1800 Exception <a 'java/lang/ClassNotFoundException'{0x0000000089620758}: com/android/build/gradle/internal/dsl/BuildType$AgpDecoratedCustomizer> (0x0000000089620758) thrown at [src/hotspot/share/classfile/systemDictionary.cpp, line 230]
Event: 18.469 Thread 0x000001be254a1800 Exception <a 'java/lang/ClassNotFoundException'{0x0000000089683160}: com/android/build/gradle/internal/dsl/BuildType$AgpDecorated_DecoratedCustomizer> (0x0000000089683160) thrown at [src/hotspot/share/classfile/systemDictionary.cpp, line 230]
Event: 18.473 Thread 0x000001be254a1800 Exception <a 'java/lang/ClassNotFoundException'{0x000000008955dfe0}: build_2nw79towr7vmybf8jcmolv94v$_run_closure1$_closure4BeanInfo> (0x000000008955dfe0) thrown at [src/hotspot/share/classfile/systemDictionary.cpp, line 230]
Event: 18.474 Thread 0x000001be254a1800 Exception <a 'java/lang/ClassNotFoundException'{0x00000000895715a8}: build_2nw79towr7vmybf8jcmolv94v$_run_closure1$_closure4Customizer> (0x00000000895715a8) thrown at [src/hotspot/share/classfile/systemDictionary.cpp, line 230]
Event: 18.475 Thread 0x000001be254a1800 Exception <a 'java/lang/ClassNotFoundException'{0x000000008959baf8}: build_2nw79towr7vmybf8jcmolv94v$_run_closure1BeanInfo> (0x000000008959baf8) thrown at [src/hotspot/share/classfile/systemDictionary.cpp, line 230]
Event: 18.475 Thread 0x000001be254a1800 Exception <a 'java/lang/ClassNotFoundException'{0x00000000895ae5f0}: build_2nw79towr7vmybf8jcmolv94v$_run_closure1Customizer> (0x00000000895ae5f0) thrown at [src/hotspot/share/classfile/systemDictionary.cpp, line 230]
Event: 18.478 Thread 0x000001be254a1800 Exception <a 'java/lang/ClassNotFoundException'{0x0000000089418e78}: org/gradle/api/JavaVersionBeanInfo> (0x0000000089418e78) thrown at [src/hotspot/share/classfile/systemDictionary.cpp, line 230]
Event: 18.479 Thread 0x000001be254a1800 Exception <a 'java/lang/ClassNotFoundException'{0x000000008944a9c8}: org/gradle/api/JavaVersionCustomizer> (0x000000008944a9c8) thrown at [src/hotspot/share/classfile/systemDictionary.cpp, line 230]
Event: 18.480 Thread 0x000001be254a1800 Exception <a 'java/lang/ClassNotFoundException'{0x00000000894b70d8}: com/android/build/gradle/internal/CompileOptions$AgpDecorated_DecoratedBeanInfo> (0x00000000894b70d8) thrown at [src/hotspot/share/classfile/systemDictionary.cpp, line 230]
Event: 18.480 Thread 0x000001be254a1800 Exception <a 'java/lang/ClassNotFoundException'{0x00000000894d5818}: com/android/build/gradle/internal/CompileOptions$AgpDecoratedBeanInfo> (0x00000000894d5818) thrown at [src/hotspot/share/classfile/systemDictionary.cpp, line 230]
Event: 18.481 Thread 0x000001be254a1800 Exception <a 'java/lang/ClassNotFoundException'{0x00000000894f1ec0}: com/android/build/gradle/internal/CompileOptionsBeanInfo> (0x00000000894f1ec0) thrown at [src/hotspot/share/classfile/systemDictionary.cpp, line 230]
Event: 18.481 Thread 0x000001be254a1800 Exception <a 'java/lang/ClassNotFoundException'{0x000000008930eca0}: com/android/build/gradle/internal/CompileOptionsCustomizer> (0x000000008930eca0) thrown at [src/hotspot/share/classfile/systemDictionary.cpp, line 230]
Event: 18.481 Thread 0x000001be254a1800 Exception <a 'java/lang/ClassNotFoundException'{0x0000000089339848}: com/android/build/gradle/internal/CompileOptions$AgpDecoratedCustomizer> (0x0000000089339848) thrown at [src/hotspot/share/classfile/systemDictionary.cpp, line 230]
Event: 18.482 Thread 0x000001be254a1800 Exception <a 'java/lang/ClassNotFoundException'{0x0000000089367f48}: com/android/build/gradle/internal/CompileOptions$AgpDecorated_DecoratedCustomizer> (0x0000000089367f48) thrown at [src/hotspot/share/classfile/systemDictionary.cpp, line 230]

Events (20 events):
Event: 19.028 loading class com/android/build/gradle/internal/dsl/VariantOutputFactory done
Event: 19.029 loading class com/android/build/api/variant/FilterConfiguration
Event: 19.029 loading class com/android/build/api/variant/FilterConfiguration done
Event: 19.029 loading class com/android/build/gradle/internal/ide/FilterDataImpl
Event: 19.029 loading class com/android/build/gradle/internal/ide/FilterDataImpl done
Event: 19.029 loading class com/android/build/gradle/internal/scope/GradleAwareFilterData
Event: 19.029 loading class com/android/build/gradle/internal/scope/GradleAwareFilterData done
Event: 19.029 loading class com/android/build/FilterData
Event: 19.029 loading class com/android/build/FilterData done
Event: 19.029 loading class org/gradle/model/Managed
Event: 19.029 loading class org/gradle/model/Managed done
Event: 19.029 loading class org/gradle/model/Managed
Event: 19.029 loading class org/gradle/model/Managed done
Event: 19.031 loading class groovy/runtime/metaclass/com/android/build/gradle/internal/api/ApkVariantOutputImpl_DecoratedMetaClass
Event: 19.031 loading class groovy/runtime/metaclass/com/android/build/gradle/internal/api/ApkVariantOutputImpl_DecoratedMetaClass done
Event: 19.032 loading class com/android/build/gradle/internal/api/ApkVariantOutputImpl_DecoratedBeanInfo
Event: 19.032 loading class com/android/build/gradle/internal/api/ApkVariantOutputImpl_DecoratedBeanInfo done
Event: 19.033 loading class com/android/build/gradle/internal/api/ApkVariantOutputImpl_DecoratedBeanInfo
Event: 19.033 loading class com/android/build/gradle/internal/api/ApkVariantOutputImpl_DecoratedBeanInfo done
Event: 19.033 Executing VM operation: G1CollectForAllocation


Dynamic libraries:
0x00007ff726ca0000 - 0x00007ff726caa000 	F:\Android\jbr\bin\java.exe
0x00007ffd33960000 - 0x00007ffd33b69000 	C:\WINDOWS\SYSTEM32\ntdll.dll
0x00007ffd32cd0000 - 0x00007ffd32d8e000 	C:\WINDOWS\System32\KERNEL32.DLL
0x00007ffd31130000 - 0x00007ffd314ac000 	C:\WINDOWS\System32\KERNELBASE.dll
0x00007ffd31560000 - 0x00007ffd31671000 	C:\WINDOWS\System32\ucrtbase.dll
0x00007ffd2c100000 - 0x00007ffd2c117000 	F:\Android\jbr\bin\jli.dll
0x00007ffd20ce0000 - 0x00007ffd20cfb000 	F:\Android\jbr\bin\VCRUNTIME140.dll
0x00007ffd33170000 - 0x00007ffd3331d000 	C:\WINDOWS\System32\USER32.dll
0x00007ffd314b0000 - 0x00007ffd314d6000 	C:\WINDOWS\System32\win32u.dll
0x00007ffd334f0000 - 0x00007ffd33519000 	C:\WINDOWS\System32\GDI32.dll
0x00007ffd1adb0000 - 0x00007ffd1b055000 	C:\WINDOWS\WinSxS\amd64_microsoft.windows.common-controls_6595b64144ccf1df_6.0.22000.120_none_9d947278b86cc467\COMCTL32.dll
0x00007ffd31010000 - 0x00007ffd31128000 	C:\WINDOWS\System32\gdi32full.dll
0x00007ffd31680000 - 0x00007ffd3171d000 	C:\WINDOWS\System32\msvcp_win.dll
0x00007ffd33620000 - 0x00007ffd336c3000 	C:\WINDOWS\System32\msvcrt.dll
0x00007ffd329b0000 - 0x00007ffd329e1000 	C:\WINDOWS\System32\IMM32.DLL
0x00007ffd2d450000 - 0x00007ffd2d45c000 	F:\Android\jbr\bin\vcruntime140_1.dll
0x00007ffce4f80000 - 0x00007ffce500d000 	F:\Android\jbr\bin\msvcp140.dll
0x00007ffce51a0000 - 0x00007ffce5d5c000 	F:\Android\jbr\bin\server\jvm.dll
0x00007ffd330a0000 - 0x00007ffd3314e000 	C:\WINDOWS\System32\ADVAPI32.dll
0x00007ffd32ea0000 - 0x00007ffd32f3e000 	C:\WINDOWS\System32\sechost.dll
0x00007ffd329f0000 - 0x00007ffd32b10000 	C:\WINDOWS\System32\RPCRT4.dll
0x00007ffd33160000 - 0x00007ffd33168000 	C:\WINDOWS\System32\PSAPI.DLL
0x00007ffd2d740000 - 0x00007ffd2d749000 	C:\WINDOWS\SYSTEM32\WSOCK32.dll
0x00007ffd2c080000 - 0x00007ffd2c0b3000 	C:\WINDOWS\SYSTEM32\WINMM.dll
0x00007ffd29040000 - 0x00007ffd2904a000 	C:\WINDOWS\SYSTEM32\VERSION.dll
0x00007ffd328e0000 - 0x00007ffd3294f000 	C:\WINDOWS\System32\WS2_32.dll
0x00007ffd2ffa0000 - 0x00007ffd2ffb8000 	C:\WINDOWS\SYSTEM32\kernel.appcore.dll
0x00007ffd2d6b0000 - 0x00007ffd2d6c0000 	F:\Android\jbr\bin\verify.dll
0x00007ffd22f60000 - 0x00007ffd23181000 	C:\WINDOWS\SYSTEM32\DBGHELP.DLL
0x00007ffd22f20000 - 0x00007ffd22f51000 	C:\WINDOWS\SYSTEM32\dbgcore.DLL
0x00007ffd314e0000 - 0x00007ffd3155f000 	C:\WINDOWS\System32\bcryptPrimitives.dll
0x00007ffd21ed0000 - 0x00007ffd21ef8000 	F:\Android\jbr\bin\java.dll
0x00007ffd2d6a0000 - 0x00007ffd2d6aa000 	F:\Android\jbr\bin\jimage.dll
0x00007ffd2c140000 - 0x00007ffd2c158000 	F:\Android\jbr\bin\zip.dll
0x00007ffd31b60000 - 0x00007ffd32325000 	C:\WINDOWS\System32\SHELL32.dll
0x00007ffd2ef30000 - 0x00007ffd2f795000 	C:\WINDOWS\SYSTEM32\windows.storage.dll
0x00007ffd317e0000 - 0x00007ffd31b56000 	C:\WINDOWS\System32\combase.dll
0x00007ffd2edc0000 - 0x00007ffd2ef26000 	C:\WINDOWS\SYSTEM32\wintypes.dll
0x00007ffd32f40000 - 0x00007ffd3302a000 	C:\WINDOWS\System32\SHCORE.dll
0x00007ffd335b0000 - 0x00007ffd3360d000 	C:\WINDOWS\System32\shlwapi.dll
0x00007ffd30d60000 - 0x00007ffd30d81000 	C:\WINDOWS\SYSTEM32\profapi.dll
0x00007ffd28eb0000 - 0x00007ffd28ec9000 	F:\Android\jbr\bin\net.dll
0x00007ffd2b080000 - 0x00007ffd2b192000 	C:\WINDOWS\SYSTEM32\WINHTTP.dll
0x00007ffd30440000 - 0x00007ffd304a7000 	C:\WINDOWS\system32\mswsock.dll
0x00007ffd1f390000 - 0x00007ffd1f3a3000 	F:\Android\jbr\bin\nio.dll
0x00007ffd16130000 - 0x00007ffd16157000 	C:\Users\Efendi\.gradle\native\e1d6ef7f7dcc3fd88c89a11ec53ec762bb8ba0a96d01ffa2cd45eb1d1d8dd5c5\windows-amd64\native-platform.dll
0x00007ffce4e30000 - 0x00007ffce4f74000 	C:\Users\Efendi\.gradle\native\0d407fdbe67a94daf76414ababcb853783967236a71b16ec16e742cd7a986fd3\windows-amd64\native-platform-file-events.dll
0x00007ffd231f0000 - 0x00007ffd231fa000 	F:\Android\jbr\bin\management.dll
0x00007ffd208e0000 - 0x00007ffd208eb000 	F:\Android\jbr\bin\management_ext.dll
0x00007ffd30680000 - 0x00007ffd30698000 	C:\WINDOWS\SYSTEM32\CRYPTSP.dll
0x00007ffd2ff00000 - 0x00007ffd2ff35000 	C:\WINDOWS\system32\rsaenh.dll
0x00007ffd30530000 - 0x00007ffd30559000 	C:\WINDOWS\SYSTEM32\USERENV.dll
0x00007ffd30810000 - 0x00007ffd30837000 	C:\WINDOWS\SYSTEM32\bcrypt.dll
0x00007ffd306a0000 - 0x00007ffd306ac000 	C:\WINDOWS\SYSTEM32\CRYPTBASE.dll
0x00007ffd2fa50000 - 0x00007ffd2fa7d000 	C:\WINDOWS\SYSTEM32\IPHLPAPI.DLL
0x00007ffd33150000 - 0x00007ffd33159000 	C:\WINDOWS\System32\NSI.dll
0x00007ffd2b2d0000 - 0x00007ffd2b2e9000 	C:\WINDOWS\SYSTEM32\dhcpcsvc6.DLL
0x00007ffd2b4f0000 - 0x00007ffd2b50e000 	C:\WINDOWS\SYSTEM32\dhcpcsvc.DLL
0x00007ffd2fa80000 - 0x00007ffd2fb68000 	C:\WINDOWS\SYSTEM32\DNSAPI.dll
0x00007ffd0aa40000 - 0x00007ffd0aa67000 	F:\Android\jbr\bin\sunec.dll
0x00007ffd2a8a0000 - 0x00007ffd2a8aa000 	C:\Windows\System32\rasadhlp.dll
0x00007ffd28f80000 - 0x00007ffd29001000 	C:\WINDOWS\System32\fwpuclnt.dll

dbghelp: loaded successfully - version: 4.0.5 - missing functions: none
symbol engine: initialized successfully - sym options: 0x614 - pdb path: .;F:\Android\jbr\bin;C:\WINDOWS\SYSTEM32;C:\WINDOWS\WinSxS\amd64_microsoft.windows.common-controls_6595b64144ccf1df_6.0.22000.120_none_9d947278b86cc467;F:\Android\jbr\bin\server;C:\Users\Efendi\.gradle\native\e1d6ef7f7dcc3fd88c89a11ec53ec762bb8ba0a96d01ffa2cd45eb1d1d8dd5c5\windows-amd64;C:\Users\Efendi\.gradle\native\0d407fdbe67a94daf76414ababcb853783967236a71b16ec16e742cd7a986fd3\windows-amd64

VM Arguments:
jvm_args: --add-opens=java.base/java.util=ALL-UNNAMED --add-opens=java.base/java.lang=ALL-UNNAMED --add-opens=java.base/java.lang.invoke=ALL-UNNAMED --add-opens=java.base/java.util=ALL-UNNAMED --add-opens=java.prefs/java.util.prefs=ALL-UNNAMED --add-opens=java.prefs/java.util.prefs=ALL-UNNAMED --add-opens=java.base/java.nio.charset=ALL-UNNAMED --add-opens=java.base/java.net=ALL-UNNAMED --add-opens=java.base/java.util.concurrent.atomic=ALL-UNNAMED -Xmx2048m -Dfile.encoding=UTF-8 -Duser.country=US -Duser.language=en -Duser.variant 
java_command: org.gradle.launcher.daemon.bootstrap.GradleDaemon 7.5
java_class_path (initial): C:\Users\Efendi\.gradle\wrapper\dists\gradle-7.5-bin\f1w0cc9nuo0eivz97x2xlu9sv\gradle-7.5\lib\gradle-launcher-7.5.jar
Launcher Type: SUN_STANDARD

[Global flags]
     intx CICompilerCount                          = 4                                         {product} {ergonomic}
     uint ConcGCThreads                            = 2                                         {product} {ergonomic}
     uint G1ConcRefinementThreads                  = 8                                         {product} {ergonomic}
   size_t G1HeapRegionSize                         = 1048576                                   {product} {ergonomic}
    uintx GCDrainStackTargetSize                   = 64                                        {product} {ergonomic}
   size_t InitialHeapSize                          = 132120576                                 {product} {ergonomic}
   size_t MarkStackSize                            = 4194304                                   {product} {ergonomic}
   size_t MaxHeapSize                              = 2147483648                                {product} {command line}
   size_t MaxNewSize                               = 1287651328                                {product} {ergonomic}
   size_t MinHeapDeltaBytes                        = 1048576                                   {product} {ergonomic}
    uintx NonNMethodCodeHeapSize                   = 5836300                                {pd product} {ergonomic}
    uintx NonProfiledCodeHeapSize                  = 122910970                              {pd product} {ergonomic}
    uintx ProfiledCodeHeapSize                     = 122910970                              {pd product} {ergonomic}
    uintx ReservedCodeCacheSize                    = 251658240                              {pd product} {ergonomic}
     bool SegmentedCodeCache                       = true                                      {product} {ergonomic}
     bool UseCompressedClassPointers               = true                                 {lp64_product} {ergonomic}
     bool UseCompressedOops                        = true                                 {lp64_product} {ergonomic}
     bool UseG1GC                                  = true                                      {product} {ergonomic}
     bool UseLargePagesIndividualAllocation        = false                                  {pd product} {ergonomic}

Logging:
Log output configuration:
 #0: stdout all=warning uptime,level,tags
 #1: stderr all=off uptime,level,tags

Environment Variables:
PATH=C:\Program Files\Common Files\Oracle\Java\javapath;C:\Program Files (x86)\Common Files\Oracle\Java\javapath;C:\Windows\system32;C:\Windows;C:\Windows\System32\Wbem;C:\Windows\System32\WindowsPowerShell\v1.0\;C:\Windows\System32\OpenSSH\;C:\Program Files (x86)\NVIDIA Corporation\PhysX\Common;C:\Program Files\NVIDIA Corporation\NVIDIA NvDLISR;C:\Users\Efendi\AppData\Roaming\Python\Python39\Scripts;C:\WINDOWS\system32;C:\WINDOWS;C:\WINDOWS\System32\Wbem;C:\WINDOWS\System32\WindowsPowerShell\v1.0\;C:\WINDOWS\System32\OpenSSH\;C:\Program Files\Microsoft SQL Server\130\Tools\Binn\;C:\Program Files\dotnet\;C:\Program Files (x86)\dotnet\;C:\Program Files (x86)\Microsoft SQL Server\150\DTS\Binn\;C:\Program Files\Azure Data Studio\bin;D:\NodeJS\;D:\Laragon\bin\php\php-8.1.10-Win32-vs16-x64;D:\ComposerSetup;C:\Program Files\MySQL\MySQL Shell 8.0\bin\;C:\Users\Efendi\AppData\Local\Programs\Python\Python39\Scripts\;C:\Users\Efendi\AppData\Local\Programs\Python\Python39\;C:\Users\Efendi\AppData\Local\Microsoft\WindowsApps;D:\Microsoft VS Code\bin;C:\Users\Efendi\.dotnet\tools;C:\Program Files\Azure Data Studio\bin;C:\Users\Efendi\AppData\Roaming\npm;C:\ProgramData\Efendi\GitHubDesktop\bin;C:\Users\Efendi\AppData\Local\GitHubDesktop\bin;C:\Users\Efendi\AppData\Roaming\Composer\vendor\bin;D:\Laragon\bin\php\php-8.1.10-Win32-vs16-x64;
USERNAME=Efendi
OS=Windows_NT
PROCESSOR_IDENTIFIER=Intel64 Family 6 Model 158 Stepping 13, GenuineIntel



---------------  S Y S T E M  ---------------

OS: Windows 11 , 64 bit Build 22000 (10.0.22000.1516)
OS uptime: 0 days 10:14 hours

CPU:total 8 (initial active 8) (4 cores per cpu, 2 threads per core) family 6 model 158 stepping 13 microcode 0xde, cmov, cx8, fxsr, mmx, sse, sse2, sse3, ssse3, sse4.1, sse4.2, popcnt, avx, avx2, aes, clmul, erms, 3dnowpref, lzcnt, ht, tsc, tscinvbit, bmi1, bmi2, adx, fma

Memory: 4k page, system-wide physical 8036M (286M free)
TotalPageFile size 12132M (AvailPageFile size 30M)
current process WorkingSet (physical memory assigned to process): 380M, peak: 383M
current process commit charge ("private bytes"): 420M, peak: 451M

vm_info: OpenJDK 64-Bit Server VM (11.0.15+0-b2043.56-9505619) for windows-amd64 JRE (11.0.15+0-b2043.56-9505619), built on Jan 19 2023 02:48:00 by "builduser" with unknown MS VC++:1929

END.
