#
# There is insufficient memory for the Java Runtime Environment to continue.
# Native memory allocation (malloc) failed to allocate 1799856 bytes for Chunk::new
# Possible reasons:
#   The system is out of physical RAM or swap space
#   The process is running with CompressedOops enabled, and the Java Heap may be blocking the growth of the native heap
# Possible solutions:
#   Reduce memory load on the system
#   Increase physical memory or swap space
#   Check if swap backing store is full
#   Decrease Java heap size (-Xmx/-Xms)
#   Decrease number of Java threads
#   Decrease Java thread stack sizes (-Xss)
#   Set larger code cache with -XX:ReservedCodeCacheSize=
#   JVM is running with Unscaled Compressed Oops mode in which the Java heap is
#     placed in the first 4GB address space. The Java Heap base address is the
#     maximum limit for the native heap growth. Please use -XX:HeapBaseMinAddress
#     to set the Java Heap base and to place the Java Heap above 4GB virtual address.
# This output file may be truncated or incomplete.
#
#  Out of Memory Error (src/hotspot/share/memory/arena.cpp:197), pid=40404, tid=31236
#
# JRE version: OpenJDK Runtime Environment (11.0.15) (build 11.0.15+0-b2043.56-9505619)
# Java VM: OpenJDK 64-Bit Server VM (11.0.15+0-b2043.56-9505619, mixed mode, tiered, compressed oops, g1 gc, windows-amd64)
# No core dump will be written. Minidumps are not enabled by default on client versions of Windows
#

---------------  S U M M A R Y ------------

Command Line: --add-opens=java.base/java.util=ALL-UNNAMED --add-opens=java.base/java.lang=ALL-UNNAMED --add-opens=java.base/java.lang.invoke=ALL-UNNAMED --add-opens=java.base/java.util=ALL-UNNAMED --add-opens=java.prefs/java.util.prefs=ALL-UNNAMED --add-opens=java.prefs/java.util.prefs=ALL-UNNAMED --add-opens=java.base/java.nio.charset=ALL-UNNAMED --add-opens=java.base/java.net=ALL-UNNAMED --add-opens=java.base/java.util.concurrent.atomic=ALL-UNNAMED -Xmx2048m -Dfile.encoding=UTF-8 -Duser.country=US -Duser.language=en -Duser.variant org.gradle.launcher.daemon.bootstrap.GradleDaemon 7.5

Host: Intel(R) Core(TM) i5-9300H CPU @ 2.40GHz, 8 cores, 7G,  Windows 11 , 64 bit Build 22000 (10.0.22000.1516)
Time: Wed May  3 10:28:54 2023 SE Asia Standard Time elapsed time: 2.582431 seconds (0d 0h 0m 2s)

---------------  T H R E A D  ---------------

Current thread (0x000001c33b84a800):  JavaThread "C2 CompilerThread0" daemon [_thread_in_native, id=31236, stack(0x0000002bf3b00000,0x0000002bf3c00000)]


Current CompileTask:
C2:   2582 2164       4       java.net.URLClassLoader$1::run (5 bytes)

Stack: [0x0000002bf3b00000,0x0000002bf3c00000]
Native frames: (J=compiled Java code, j=interpreted, Vv=VM code, C=native code)
V  [jvm.dll+0x64135a]
V  [jvm.dll+0x7d39f9]
V  [jvm.dll+0x7d51b9]
V  [jvm.dll+0x7d58a3]
V  [jvm.dll+0x2691c5]
V  [jvm.dll+0xc1a5c]
V  [jvm.dll+0xc200c]
V  [jvm.dll+0x3774a7]
V  [jvm.dll+0x342495]
V  [jvm.dll+0x34186a]
V  [jvm.dll+0x2214bd]
V  [jvm.dll+0x220498]
V  [jvm.dll+0x19e851]
V  [jvm.dll+0x230479]
V  [jvm.dll+0x22e5ef]
V  [jvm.dll+0x794de1]
V  [jvm.dll+0x78dc24]
V  [jvm.dll+0x6400f6]
C  [ucrtbase.dll+0x26c0c]
C  [KERNEL32.DLL+0x155a0]
C  [ntdll.dll+0x485b]


---------------  P R O C E S S  ---------------

Threads class SMR info:
_java_thread_list=0x000001c33e393290, length=25, elements={
0x000001c320a27800, 0x000001c33aecd000, 0x000001c33aed6800, 0x000001c33b844800,
0x000001c33b846000, 0x000001c33b849800, 0x000001c33b84a800, 0x000001c33b852000,
0x000001c33aee9000, 0x000001c33b99b000, 0x000001c33d864000, 0x000001c33baed800,
0x000001c33d114800, 0x000001c33e7d9000, 0x000001c33d398000, 0x000001c33d2f9800,
0x000001c33d2fa000, 0x000001c33cb84000, 0x000001c33da00800, 0x000001c33da01800,
0x000001c33e7a5000, 0x000001c33e7a6000, 0x000001c33e7a1000, 0x000001c33e7a0800,
0x000001c33e7a4800
}

Java Threads: ( => current thread )
  0x000001c320a27800 JavaThread "main" [_thread_blocked, id=42648, stack(0x0000002bf2f00000,0x0000002bf3000000)]
  0x000001c33aecd000 JavaThread "Reference Handler" daemon [_thread_blocked, id=37084, stack(0x0000002bf3600000,0x0000002bf3700000)]
  0x000001c33aed6800 JavaThread "Finalizer" daemon [_thread_blocked, id=42560, stack(0x0000002bf3700000,0x0000002bf3800000)]
  0x000001c33b844800 JavaThread "Signal Dispatcher" daemon [_thread_blocked, id=25900, stack(0x0000002bf3800000,0x0000002bf3900000)]
  0x000001c33b846000 JavaThread "Attach Listener" daemon [_thread_blocked, id=39628, stack(0x0000002bf3900000,0x0000002bf3a00000)]
  0x000001c33b849800 JavaThread "Service Thread" daemon [_thread_blocked, id=42152, stack(0x0000002bf3a00000,0x0000002bf3b00000)]
=>0x000001c33b84a800 JavaThread "C2 CompilerThread0" daemon [_thread_in_native, id=31236, stack(0x0000002bf3b00000,0x0000002bf3c00000)]
  0x000001c33b852000 JavaThread "C1 CompilerThread0" daemon [_thread_blocked, id=37244, stack(0x0000002bf3c00000,0x0000002bf3d00000)]
  0x000001c33aee9000 JavaThread "Sweeper thread" daemon [_thread_blocked, id=37576, stack(0x0000002bf3d00000,0x0000002bf3e00000)]
  0x000001c33b99b000 JavaThread "Common-Cleaner" daemon [_thread_blocked, id=8248, stack(0x0000002bf3e00000,0x0000002bf3f00000)]
  0x000001c33d864000 JavaThread "Daemon health stats" [_thread_blocked, id=39028, stack(0x0000002bf4300000,0x0000002bf4400000)]
  0x000001c33baed800 JavaThread "Incoming local TCP Connector on port 63132" [_thread_in_native, id=27256, stack(0x0000002bf4000000,0x0000002bf4100000)]
  0x000001c33d114800 JavaThread "Daemon periodic checks" [_thread_blocked, id=12020, stack(0x0000002bf4400000,0x0000002bf4500000)]
  0x000001c33e7d9000 JavaThread "Daemon" [_thread_blocked, id=35224, stack(0x0000002bf4500000,0x0000002bf4600000)]
  0x000001c33d398000 JavaThread "Handler for socket connection from /127.0.0.1:63132 to /127.0.0.1:63133" [_thread_in_native, id=35728, stack(0x0000002bf4600000,0x0000002bf4700000)]
  0x000001c33d2f9800 JavaThread "Cancel handler" [_thread_blocked, id=14356, stack(0x0000002bf4700000,0x0000002bf4800000)]
  0x000001c33d2fa000 JavaThread "Daemon worker" [_thread_in_native, id=41852, stack(0x0000002bf4800000,0x0000002bf4900000)]
  0x000001c33cb84000 JavaThread "Asynchronous log dispatcher for DefaultDaemonConnection: socket connection from /127.0.0.1:63132 to /127.0.0.1:63133" [_thread_blocked, id=30524, stack(0x0000002bf4900000,0x0000002bf4a00000)]
  0x000001c33da00800 JavaThread "Stdin handler" [_thread_blocked, id=38668, stack(0x0000002bf4a00000,0x0000002bf4b00000)]
  0x000001c33da01800 JavaThread "Daemon client event forwarder" [_thread_blocked, id=40292, stack(0x0000002bf4b00000,0x0000002bf4c00000)]
  0x000001c33e7a5000 JavaThread "Cache worker for journal cache (C:\Users\Efendi\.gradle\caches\journal-1)" [_thread_blocked, id=42032, stack(0x0000002bf5100000,0x0000002bf5200000)]
  0x000001c33e7a6000 JavaThread "File lock request listener" [_thread_in_native, id=29672, stack(0x0000002bf5200000,0x0000002bf5300000)]
  0x000001c33e7a1000 JavaThread "Cache worker for file hash cache (C:\Users\Efendi\.gradle\caches\7.5\fileHashes)" [_thread_blocked, id=42000, stack(0x0000002bf5400000,0x0000002bf5500000)]
  0x000001c33e7a0800 JavaThread "File watcher server" daemon [_thread_in_native, id=29504, stack(0x0000002bf5500000,0x0000002bf5600000)]
  0x000001c33e7a4800 JavaThread "File watcher consumer" daemon [_thread_blocked, id=40200, stack(0x0000002bf5600000,0x0000002bf5700000)]

Other Threads:
  0x000001c33aec6800 VMThread "VM Thread" [stack: 0x0000002bf3500000,0x0000002bf3600000] [id=40172]
  0x000001c33b9b1000 WatcherThread [stack: 0x0000002bf3f00000,0x0000002bf4000000] [id=38572]
  0x000001c320a41800 GCTaskThread "GC Thread#0" [stack: 0x0000002bf3000000,0x0000002bf3100000] [id=40056]
  0x000001c33c6b0800 GCTaskThread "GC Thread#1" [stack: 0x0000002bf4100000,0x0000002bf4200000] [id=18104]
  0x000001c33c43f800 GCTaskThread "GC Thread#2" [stack: 0x0000002bf4200000,0x0000002bf4300000] [id=41744]
  0x000001c33d9d3000 GCTaskThread "GC Thread#3" [stack: 0x0000002bf4c00000,0x0000002bf4d00000] [id=33396]
  0x000001c33ec36800 GCTaskThread "GC Thread#4" [stack: 0x0000002bf4d00000,0x0000002bf4e00000] [id=38480]
  0x000001c33e7c2000 GCTaskThread "GC Thread#5" [stack: 0x0000002bf4e00000,0x0000002bf4f00000] [id=42464]
  0x000001c33d3a5000 GCTaskThread "GC Thread#6" [stack: 0x0000002bf4f00000,0x0000002bf5000000] [id=42680]
  0x000001c33d3a5800 GCTaskThread "GC Thread#7" [stack: 0x0000002bf5000000,0x0000002bf5100000] [id=25064]
  0x000001c320a72800 ConcurrentGCThread "G1 Main Marker" [stack: 0x0000002bf3100000,0x0000002bf3200000] [id=16520]
  0x000001c320a74800 ConcurrentGCThread "G1 Conc#0" [stack: 0x0000002bf3200000,0x0000002bf3300000] [id=37876]
  0x000001c33e426800 ConcurrentGCThread "G1 Conc#1" [stack: 0x0000002bf5300000,0x0000002bf5400000] [id=42896]
  0x000001c320afe000 ConcurrentGCThread "G1 Refine#0" [stack: 0x0000002bf3300000,0x0000002bf3400000] [id=30724]
  0x000001c33ad19800 ConcurrentGCThread "G1 Young RemSet Sampling" [stack: 0x0000002bf3400000,0x0000002bf3500000] [id=42012]

Threads with active compile tasks:
C2 CompilerThread0     2600 2164       4       java.net.URLClassLoader$1::run (5 bytes)

VM state:not at safepoint (normal execution)

VM Mutex/Monitor currently owned by a thread: None

Heap address: 0x0000000080000000, size: 2048 MB, Compressed Oops mode: 32-bit
Narrow klass base: 0x0000000000000000, Narrow klass shift: 3
Compressed class space size: 1073741824 Address: 0x0000000100000000

Heap:
 garbage-first heap   total 129024K, used 28009K [0x0000000080000000, 0x0000000100000000)
  region size 1024K, 13 young (13312K), 3 survivors (3072K)
 Metaspace       used 26799K, capacity 27466K, committed 27568K, reserved 1073152K
  class space    used 3497K, capacity 3739K, committed 3840K, reserved 1048576K
Heap Regions: E=young(eden), S=young(survivor), O=old, HS=humongous(starts), HC=humongous(continues), CS=collection set, F=free, A=archive, TAMS=top-at-mark-start (previous, next)
|   0|0x0000000080000000, 0x0000000080100000, 0x0000000080100000|100%| O|  |TAMS 0x0000000080100000, 0x0000000080000000| Untracked 
|   1|0x0000000080100000, 0x0000000080200000, 0x0000000080200000|100%| O|  |TAMS 0x0000000080200000, 0x0000000080100000| Untracked 
|   2|0x0000000080200000, 0x0000000080300000, 0x0000000080300000|100%| O|  |TAMS 0x0000000080300000, 0x0000000080200000| Untracked 
|   3|0x0000000080300000, 0x0000000080400000, 0x0000000080400000|100%|HS|  |TAMS 0x0000000080400000, 0x0000000080300000| Complete 
|   4|0x0000000080400000, 0x0000000080500000, 0x0000000080500000|100%|HC|  |TAMS 0x0000000080500000, 0x0000000080400000| Complete 
|   5|0x0000000080500000, 0x0000000080600000, 0x0000000080600000|100%|HC|  |TAMS 0x0000000080600000, 0x0000000080500000| Complete 
|   6|0x0000000080600000, 0x0000000080700000, 0x0000000080700000|100%| O|  |TAMS 0x0000000080700000, 0x0000000080600000| Untracked 
|   7|0x0000000080700000, 0x0000000080800000, 0x0000000080800000|100%| O|  |TAMS 0x0000000080800000, 0x0000000080700000| Untracked 
|   8|0x0000000080800000, 0x0000000080900000, 0x0000000080900000|100%| O|  |TAMS 0x0000000080900000, 0x0000000080800000| Untracked 
|   9|0x0000000080900000, 0x0000000080a00000, 0x0000000080a00000|100%| O|  |TAMS 0x0000000080a00000, 0x0000000080900000| Untracked 
|  10|0x0000000080a00000, 0x0000000080b00000, 0x0000000080b00000|100%| O|  |TAMS 0x0000000080b00000, 0x0000000080a00000| Untracked 
|  11|0x0000000080b00000, 0x0000000080c00000, 0x0000000080c00000|100%| O|  |TAMS 0x0000000080c00000, 0x0000000080b00000| Untracked 
|  12|0x0000000080c00000, 0x0000000080d00000, 0x0000000080d00000|100%| O|  |TAMS 0x0000000080d00000, 0x0000000080c00000| Untracked 
|  13|0x0000000080d00000, 0x0000000080e00000, 0x0000000080e00000|100%| O|  |TAMS 0x0000000080e00000, 0x0000000080d00000| Untracked 
|  14|0x0000000080e00000, 0x0000000080f00000, 0x0000000080f00000|100%| O|  |TAMS 0x0000000080f00000, 0x0000000080e00000| Untracked 
|  15|0x0000000080f00000, 0x0000000080fd5400, 0x0000000081000000| 83%| O|  |TAMS 0x0000000080fd5400, 0x0000000080f00000| Untracked 
|  16|0x0000000081000000, 0x0000000081000000, 0x0000000081100000|  0%| F|  |TAMS 0x0000000081000000, 0x0000000081000000| Untracked 
|  17|0x0000000081100000, 0x0000000081100000, 0x0000000081200000|  0%| F|  |TAMS 0x0000000081100000, 0x0000000081100000| Untracked 
|  18|0x0000000081200000, 0x0000000081200000, 0x0000000081300000|  0%| F|  |TAMS 0x0000000081200000, 0x0000000081200000| Untracked 
|  19|0x0000000081300000, 0x0000000081300000, 0x0000000081400000|  0%| F|  |TAMS 0x0000000081300000, 0x0000000081300000| Untracked 
|  20|0x0000000081400000, 0x0000000081400000, 0x0000000081500000|  0%| F|  |TAMS 0x0000000081400000, 0x0000000081400000| Untracked 
|  21|0x0000000081500000, 0x0000000081500000, 0x0000000081600000|  0%| F|  |TAMS 0x0000000081500000, 0x0000000081500000| Untracked 
|  22|0x0000000081600000, 0x0000000081600000, 0x0000000081700000|  0%| F|  |TAMS 0x0000000081600000, 0x0000000081600000| Untracked 
|  23|0x0000000081700000, 0x0000000081700000, 0x0000000081800000|  0%| F|  |TAMS 0x0000000081700000, 0x0000000081700000| Untracked 
|  24|0x0000000081800000, 0x0000000081800000, 0x0000000081900000|  0%| F|  |TAMS 0x0000000081800000, 0x0000000081800000| Untracked 
|  25|0x0000000081900000, 0x0000000081900000, 0x0000000081a00000|  0%| F|  |TAMS 0x0000000081900000, 0x0000000081900000| Untracked 
|  26|0x0000000081a00000, 0x0000000081a00000, 0x0000000081b00000|  0%| F|  |TAMS 0x0000000081a00000, 0x0000000081a00000| Untracked 
|  27|0x0000000081b00000, 0x0000000081b00000, 0x0000000081c00000|  0%| F|  |TAMS 0x0000000081b00000, 0x0000000081b00000| Untracked 
|  28|0x0000000081c00000, 0x0000000081c00000, 0x0000000081d00000|  0%| F|  |TAMS 0x0000000081c00000, 0x0000000081c00000| Untracked 
|  29|0x0000000081d00000, 0x0000000081d00000, 0x0000000081e00000|  0%| F|  |TAMS 0x0000000081d00000, 0x0000000081d00000| Untracked 
|  30|0x0000000081e00000, 0x0000000081e00000, 0x0000000081f00000|  0%| F|  |TAMS 0x0000000081e00000, 0x0000000081e00000| Untracked 
|  31|0x0000000081f00000, 0x0000000081f00000, 0x0000000082000000|  0%| F|  |TAMS 0x0000000081f00000, 0x0000000081f00000| Untracked 
|  32|0x0000000082000000, 0x0000000082000000, 0x0000000082100000|  0%| F|  |TAMS 0x0000000082000000, 0x0000000082000000| Untracked 
|  33|0x0000000082100000, 0x0000000082100000, 0x0000000082200000|  0%| F|  |TAMS 0x0000000082100000, 0x0000000082100000| Untracked 
|  34|0x0000000082200000, 0x0000000082200000, 0x0000000082300000|  0%| F|  |TAMS 0x0000000082200000, 0x0000000082200000| Untracked 
|  35|0x0000000082300000, 0x0000000082300000, 0x0000000082400000|  0%| F|  |TAMS 0x0000000082300000, 0x0000000082300000| Untracked 
|  36|0x0000000082400000, 0x0000000082400000, 0x0000000082500000|  0%| F|  |TAMS 0x0000000082400000, 0x0000000082400000| Untracked 
|  37|0x0000000082500000, 0x0000000082500000, 0x0000000082600000|  0%| F|  |TAMS 0x0000000082500000, 0x0000000082500000| Untracked 
|  38|0x0000000082600000, 0x0000000082600000, 0x0000000082700000|  0%| F|  |TAMS 0x0000000082600000, 0x0000000082600000| Untracked 
|  39|0x0000000082700000, 0x0000000082700000, 0x0000000082800000|  0%| F|  |TAMS 0x0000000082700000, 0x0000000082700000| Untracked 
|  40|0x0000000082800000, 0x0000000082800000, 0x0000000082900000|  0%| F|  |TAMS 0x0000000082800000, 0x0000000082800000| Untracked 
|  41|0x0000000082900000, 0x0000000082900000, 0x0000000082a00000|  0%| F|  |TAMS 0x0000000082900000, 0x0000000082900000| Untracked 
|  42|0x0000000082a00000, 0x0000000082a00000, 0x0000000082b00000|  0%| F|  |TAMS 0x0000000082a00000, 0x0000000082a00000| Untracked 
|  43|0x0000000082b00000, 0x0000000082b00000, 0x0000000082c00000|  0%| F|  |TAMS 0x0000000082b00000, 0x0000000082b00000| Untracked 
|  44|0x0000000082c00000, 0x0000000082c00000, 0x0000000082d00000|  0%| F|  |TAMS 0x0000000082c00000, 0x0000000082c00000| Untracked 
|  45|0x0000000082d00000, 0x0000000082d00000, 0x0000000082e00000|  0%| F|  |TAMS 0x0000000082d00000, 0x0000000082d00000| Untracked 
|  46|0x0000000082e00000, 0x0000000082e00000, 0x0000000082f00000|  0%| F|  |TAMS 0x0000000082e00000, 0x0000000082e00000| Untracked 
|  47|0x0000000082f00000, 0x0000000082f00000, 0x0000000083000000|  0%| F|  |TAMS 0x0000000082f00000, 0x0000000082f00000| Untracked 
|  48|0x0000000083000000, 0x0000000083000000, 0x0000000083100000|  0%| F|  |TAMS 0x0000000083000000, 0x0000000083000000| Untracked 
|  49|0x0000000083100000, 0x0000000083100000, 0x0000000083200000|  0%| F|  |TAMS 0x0000000083100000, 0x0000000083100000| Untracked 
|  50|0x0000000083200000, 0x0000000083200000, 0x0000000083300000|  0%| F|  |TAMS 0x0000000083200000, 0x0000000083200000| Untracked 
|  51|0x0000000083300000, 0x0000000083300000, 0x0000000083400000|  0%| F|  |TAMS 0x0000000083300000, 0x0000000083300000| Untracked 
|  52|0x0000000083400000, 0x0000000083400000, 0x0000000083500000|  0%| F|  |TAMS 0x0000000083400000, 0x0000000083400000| Untracked 
|  53|0x0000000083500000, 0x0000000083500000, 0x0000000083600000|  0%| F|  |TAMS 0x0000000083500000, 0x0000000083500000| Untracked 
|  54|0x0000000083600000, 0x0000000083600000, 0x0000000083700000|  0%| F|  |TAMS 0x0000000083600000, 0x0000000083600000| Untracked 
|  55|0x0000000083700000, 0x0000000083700000, 0x0000000083800000|  0%| F|  |TAMS 0x0000000083700000, 0x0000000083700000| Untracked 
|  56|0x0000000083800000, 0x0000000083800000, 0x0000000083900000|  0%| F|  |TAMS 0x0000000083800000, 0x0000000083800000| Untracked 
|  57|0x0000000083900000, 0x0000000083900000, 0x0000000083a00000|  0%| F|  |TAMS 0x0000000083900000, 0x0000000083900000| Untracked 
|  58|0x0000000083a00000, 0x0000000083a00000, 0x0000000083b00000|  0%| F|  |TAMS 0x0000000083a00000, 0x0000000083a00000| Untracked 
|  59|0x0000000083b00000, 0x0000000083b00000, 0x0000000083c00000|  0%| F|  |TAMS 0x0000000083b00000, 0x0000000083b00000| Untracked 
|  60|0x0000000083c00000, 0x0000000083c00000, 0x0000000083d00000|  0%| F|  |TAMS 0x0000000083c00000, 0x0000000083c00000| Untracked 
|  61|0x0000000083d00000, 0x0000000083d00000, 0x0000000083e00000|  0%| F|  |TAMS 0x0000000083d00000, 0x0000000083d00000| Untracked 
|  62|0x0000000083e00000, 0x0000000083e00000, 0x0000000083f00000|  0%| F|  |TAMS 0x0000000083e00000, 0x0000000083e00000| Untracked 
|  63|0x0000000083f00000, 0x0000000083f00000, 0x0000000084000000|  0%| F|  |TAMS 0x0000000083f00000, 0x0000000083f00000| Untracked 
|  64|0x0000000084000000, 0x0000000084000000, 0x0000000084100000|  0%| F|  |TAMS 0x0000000084000000, 0x0000000084000000| Untracked 
|  65|0x0000000084100000, 0x0000000084100000, 0x0000000084200000|  0%| F|  |TAMS 0x0000000084100000, 0x0000000084100000| Untracked 
|  66|0x0000000084200000, 0x0000000084200000, 0x0000000084300000|  0%| F|  |TAMS 0x0000000084200000, 0x0000000084200000| Untracked 
|  67|0x0000000084300000, 0x0000000084300000, 0x0000000084400000|  0%| F|  |TAMS 0x0000000084300000, 0x0000000084300000| Untracked 
|  68|0x0000000084400000, 0x0000000084400000, 0x0000000084500000|  0%| F|  |TAMS 0x0000000084400000, 0x0000000084400000| Untracked 
|  69|0x0000000084500000, 0x0000000084500000, 0x0000000084600000|  0%| F|  |TAMS 0x0000000084500000, 0x0000000084500000| Untracked 
|  70|0x0000000084600000, 0x0000000084600000, 0x0000000084700000|  0%| F|  |TAMS 0x0000000084600000, 0x0000000084600000| Untracked 
|  71|0x0000000084700000, 0x0000000084700000, 0x0000000084800000|  0%| F|  |TAMS 0x0000000084700000, 0x0000000084700000| Untracked 
|  72|0x0000000084800000, 0x0000000084800000, 0x0000000084900000|  0%| F|  |TAMS 0x0000000084800000, 0x0000000084800000| Untracked 
|  73|0x0000000084900000, 0x0000000084900000, 0x0000000084a00000|  0%| F|  |TAMS 0x0000000084900000, 0x0000000084900000| Untracked 
|  74|0x0000000084a00000, 0x0000000084a00000, 0x0000000084b00000|  0%| F|  |TAMS 0x0000000084a00000, 0x0000000084a00000| Untracked 
|  75|0x0000000084b00000, 0x0000000084b00000, 0x0000000084c00000|  0%| F|  |TAMS 0x0000000084b00000, 0x0000000084b00000| Untracked 
|  76|0x0000000084c00000, 0x0000000084c85090, 0x0000000084d00000| 51%| S|CS|TAMS 0x0000000084c00000, 0x0000000084c00000| Complete 
|  77|0x0000000084d00000, 0x0000000084e00000, 0x0000000084e00000|100%| S|CS|TAMS 0x0000000084d00000, 0x0000000084d00000| Complete 
|  78|0x0000000084e00000, 0x0000000084f00000, 0x0000000084f00000|100%| S|CS|TAMS 0x0000000084e00000, 0x0000000084e00000| Complete 
|  79|0x0000000084f00000, 0x0000000084f00000, 0x0000000085000000|  0%| F|  |TAMS 0x0000000084f00000, 0x0000000084f00000| Untracked 
|  80|0x0000000085000000, 0x0000000085000000, 0x0000000085100000|  0%| F|  |TAMS 0x0000000085000000, 0x0000000085000000| Untracked 
|  81|0x0000000085100000, 0x0000000085100000, 0x0000000085200000|  0%| F|  |TAMS 0x0000000085100000, 0x0000000085100000| Untracked 
|  82|0x0000000085200000, 0x0000000085200000, 0x0000000085300000|  0%| F|  |TAMS 0x0000000085200000, 0x0000000085200000| Untracked 
|  83|0x0000000085300000, 0x0000000085300000, 0x0000000085400000|  0%| F|  |TAMS 0x0000000085300000, 0x0000000085300000| Untracked 
|  84|0x0000000085400000, 0x0000000085400000, 0x0000000085500000|  0%| F|  |TAMS 0x0000000085400000, 0x0000000085400000| Untracked 
|  85|0x0000000085500000, 0x0000000085500000, 0x0000000085600000|  0%| F|  |TAMS 0x0000000085500000, 0x0000000085500000| Untracked 
|  86|0x0000000085600000, 0x0000000085600000, 0x0000000085700000|  0%| F|  |TAMS 0x0000000085600000, 0x0000000085600000| Untracked 
|  87|0x0000000085700000, 0x0000000085700000, 0x0000000085800000|  0%| F|  |TAMS 0x0000000085700000, 0x0000000085700000| Untracked 
|  88|0x0000000085800000, 0x0000000085800000, 0x0000000085900000|  0%| F|  |TAMS 0x0000000085800000, 0x0000000085800000| Untracked 
|  89|0x0000000085900000, 0x0000000085900000, 0x0000000085a00000|  0%| F|  |TAMS 0x0000000085900000, 0x0000000085900000| Untracked 
|  90|0x0000000085a00000, 0x0000000085a00000, 0x0000000085b00000|  0%| F|  |TAMS 0x0000000085a00000, 0x0000000085a00000| Untracked 
|  91|0x0000000085b00000, 0x0000000085b00000, 0x0000000085c00000|  0%| F|  |TAMS 0x0000000085b00000, 0x0000000085b00000| Untracked 
|  92|0x0000000085c00000, 0x0000000085c00000, 0x0000000085d00000|  0%| F|  |TAMS 0x0000000085c00000, 0x0000000085c00000| Untracked 
|  93|0x0000000085d00000, 0x0000000085d00000, 0x0000000085e00000|  0%| F|  |TAMS 0x0000000085d00000, 0x0000000085d00000| Untracked 
|  94|0x0000000085e00000, 0x0000000085e00000, 0x0000000085f00000|  0%| F|  |TAMS 0x0000000085e00000, 0x0000000085e00000| Untracked 
|  95|0x0000000085f00000, 0x0000000085f00000, 0x0000000086000000|  0%| F|  |TAMS 0x0000000085f00000, 0x0000000085f00000| Untracked 
|  96|0x0000000086000000, 0x0000000086000000, 0x0000000086100000|  0%| F|  |TAMS 0x0000000086000000, 0x0000000086000000| Untracked 
|  97|0x0000000086100000, 0x0000000086100000, 0x0000000086200000|  0%| F|  |TAMS 0x0000000086100000, 0x0000000086100000| Untracked 
|  98|0x0000000086200000, 0x0000000086200000, 0x0000000086300000|  0%| F|  |TAMS 0x0000000086200000, 0x0000000086200000| Untracked 
|  99|0x0000000086300000, 0x0000000086300000, 0x0000000086400000|  0%| F|  |TAMS 0x0000000086300000, 0x0000000086300000| Untracked 
| 100|0x0000000086400000, 0x0000000086400000, 0x0000000086500000|  0%| F|  |TAMS 0x0000000086400000, 0x0000000086400000| Untracked 
| 101|0x0000000086500000, 0x0000000086500000, 0x0000000086600000|  0%| F|  |TAMS 0x0000000086500000, 0x0000000086500000| Untracked 
| 102|0x0000000086600000, 0x0000000086600000, 0x0000000086700000|  0%| F|  |TAMS 0x0000000086600000, 0x0000000086600000| Untracked 
| 103|0x0000000086700000, 0x0000000086700000, 0x0000000086800000|  0%| F|  |TAMS 0x0000000086700000, 0x0000000086700000| Untracked 
| 104|0x0000000086800000, 0x0000000086800000, 0x0000000086900000|  0%| F|  |TAMS 0x0000000086800000, 0x0000000086800000| Untracked 
| 105|0x0000000086900000, 0x0000000086900000, 0x0000000086a00000|  0%| F|  |TAMS 0x0000000086900000, 0x0000000086900000| Untracked 
| 106|0x0000000086a00000, 0x0000000086a00000, 0x0000000086b00000|  0%| F|  |TAMS 0x0000000086a00000, 0x0000000086a00000| Untracked 
| 107|0x0000000086b00000, 0x0000000086b00000, 0x0000000086c00000|  0%| F|  |TAMS 0x0000000086b00000, 0x0000000086b00000| Untracked 
| 108|0x0000000086c00000, 0x0000000086c00000, 0x0000000086d00000|  0%| F|  |TAMS 0x0000000086c00000, 0x0000000086c00000| Untracked 
| 109|0x0000000086d00000, 0x0000000086d00000, 0x0000000086e00000|  0%| F|  |TAMS 0x0000000086d00000, 0x0000000086d00000| Untracked 
| 110|0x0000000086e00000, 0x0000000086e00000, 0x0000000086f00000|  0%| F|  |TAMS 0x0000000086e00000, 0x0000000086e00000| Untracked 
| 111|0x0000000086f00000, 0x0000000086f00000, 0x0000000087000000|  0%| F|  |TAMS 0x0000000086f00000, 0x0000000086f00000| Untracked 
| 112|0x0000000087000000, 0x0000000087000000, 0x0000000087100000|  0%| F|  |TAMS 0x0000000087000000, 0x0000000087000000| Untracked 
| 113|0x0000000087100000, 0x0000000087100000, 0x0000000087200000|  0%| F|  |TAMS 0x0000000087100000, 0x0000000087100000| Untracked 
| 114|0x0000000087200000, 0x0000000087200000, 0x0000000087300000|  0%| F|  |TAMS 0x0000000087200000, 0x0000000087200000| Untracked 
| 115|0x0000000087300000, 0x0000000087300000, 0x0000000087400000|  0%| F|  |TAMS 0x0000000087300000, 0x0000000087300000| Untracked 
| 116|0x0000000087400000, 0x0000000087500000, 0x0000000087500000|100%| E|  |TAMS 0x0000000087400000, 0x0000000087400000| Complete 
| 117|0x0000000087500000, 0x0000000087600000, 0x0000000087600000|100%| E|CS|TAMS 0x0000000087500000, 0x0000000087500000| Complete 
| 118|0x0000000087600000, 0x0000000087700000, 0x0000000087700000|100%| E|CS|TAMS 0x0000000087600000, 0x0000000087600000| Complete 
| 119|0x0000000087700000, 0x0000000087800000, 0x0000000087800000|100%| E|CS|TAMS 0x0000000087700000, 0x0000000087700000| Complete 
| 120|0x0000000087800000, 0x0000000087900000, 0x0000000087900000|100%| E|CS|TAMS 0x0000000087800000, 0x0000000087800000| Complete 
| 121|0x0000000087900000, 0x0000000087a00000, 0x0000000087a00000|100%| E|CS|TAMS 0x0000000087900000, 0x0000000087900000| Complete 
| 122|0x0000000087a00000, 0x0000000087b00000, 0x0000000087b00000|100%| E|CS|TAMS 0x0000000087a00000, 0x0000000087a00000| Complete 
| 123|0x0000000087b00000, 0x0000000087c00000, 0x0000000087c00000|100%| E|CS|TAMS 0x0000000087b00000, 0x0000000087b00000| Complete 
| 124|0x0000000087c00000, 0x0000000087d00000, 0x0000000087d00000|100%| E|CS|TAMS 0x0000000087c00000, 0x0000000087c00000| Complete 
| 125|0x0000000087d00000, 0x0000000087e00000, 0x0000000087e00000|100%| E|CS|TAMS 0x0000000087d00000, 0x0000000087d00000| Complete 

Card table byte_map: [0x000001c333c80000,0x000001c334080000] _byte_map_base: 0x000001c333880000

Marking Bits (Prev, Next): (CMBitMap*) 0x000001c320a69dd0, (CMBitMap*) 0x000001c320a69d98
 Prev Bits: [0x000001c336480000, 0x000001c338480000)
 Next Bits: [0x000001c334480000, 0x000001c336480000)

Polling page: 0x000001c31ea10000

Metaspace:

Usage:
  Non-class:     23.17 MB capacity,    22.76 MB ( 98%) used,   369.45 KB (  2%) free+waste,    55.31 KB ( <1%) overhead. 
      Class:      3.65 MB capacity,     3.42 MB ( 94%) used,   213.26 KB (  6%) free+waste,    28.25 KB ( <1%) overhead. 
       Both:     26.82 MB capacity,    26.17 MB ( 98%) used,   582.70 KB (  2%) free+waste,    83.56 KB ( <1%) overhead. 

Virtual space:
  Non-class space:       24.00 MB reserved,      23.17 MB ( 97%) committed 
      Class space:        1.00 GB reserved,       3.75 MB ( <1%) committed 
             Both:        1.02 GB reserved,      26.92 MB (  3%) committed 

Chunk freelists:
   Non-Class:  1.00 KB
       Class:  5.00 KB
        Both:  6.00 KB

MaxMetaspaceSize: 17179869184.00 GB
CompressedClassSpaceSize: 1.00 GB
Initial GC threshold: 20.80 MB
Current GC threshold: 34.87 MB
CDS: off

CodeHeap 'non-profiled nmethods': size=120000Kb used=1150Kb max_used=1150Kb free=118849Kb
 bounds [0x000001c32c020000, 0x000001c32c290000, 0x000001c333550000]
CodeHeap 'profiled nmethods': size=120000Kb used=4790Kb max_used=4790Kb free=115209Kb
 bounds [0x000001c324af0000, 0x000001c324fa0000, 0x000001c32c020000]
CodeHeap 'non-nmethods': size=5760Kb used=1231Kb max_used=1265Kb free=4529Kb
 bounds [0x000001c324550000, 0x000001c3247c0000, 0x000001c324af0000]
 total_blobs=2793 nmethods=2284 adapters=421
 compilation: enabled
              stopped_count=0, restarted_count=0
 full_count=0

Compilation events (20 events):
Event: 2.529 Thread 0x000001c33b852000 2268       3       java.lang.invoke.MethodHandles$Lookup::linkMethodHandleConstant (220 bytes)
Event: 2.530 Thread 0x000001c33b852000 nmethod 2268 0x000001c324f92990 code [0x000001c324f92d80, 0x000001c324f94918]
Event: 2.530 Thread 0x000001c33b852000 2269       3       java.util.LinkedHashMap::values (25 bytes)
Event: 2.531 Thread 0x000001c33b852000 nmethod 2269 0x000001c324f95190 code [0x000001c324f95360, 0x000001c324f956d8]
Event: 2.531 Thread 0x000001c33b852000 2270       3       java.util.LinkedHashMap$LinkedValues::iterator (12 bytes)
Event: 2.531 Thread 0x000001c33b852000 nmethod 2270 0x000001c324f95810 code [0x000001c324f959e0, 0x000001c324f95d78]
Event: 2.535 Thread 0x000001c33b852000 2272       3       java.lang.invoke.DirectMethodHandle$Holder::invokeStatic (15 bytes)
Event: 2.535 Thread 0x000001c33b852000 nmethod 2272 0x000001c324f95e90 code [0x000001c324f96060, 0x000001c324f964f8]
Event: 2.556 Thread 0x000001c33b852000 2274       3       com.google.common.base.CharMatcher$IsEither::matches (22 bytes)
Event: 2.556 Thread 0x000001c33b852000 nmethod 2274 0x000001c324f96610 code [0x000001c324f967c0, 0x000001c324f96958]
Event: 2.558 Thread 0x000001c33b852000 2275       3       java.util.Collections$UnmodifiableCollection::size (10 bytes)
Event: 2.559 Thread 0x000001c33b852000 nmethod 2275 0x000001c324f96a10 code [0x000001c324f96bc0, 0x000001c324f96d88]
Event: 2.559 Thread 0x000001c33b852000 2276       3       java.util.Collections$UnmodifiableList::get (11 bytes)
Event: 2.559 Thread 0x000001c33b852000 nmethod 2276 0x000001c324f96e90 code [0x000001c324f97040, 0x000001c324f97208]
Event: 2.559 Thread 0x000001c33b852000 2277       1       org.gradle.api.internal.file.pattern.EndOfPathMatcher::getMaxSegments (2 bytes)
Event: 2.559 Thread 0x000001c33b852000 nmethod 2277 0x000001c32c13e210 code [0x000001c32c13e3c0, 0x000001c32c13e478]
Event: 2.559 Thread 0x000001c33b852000 2278       3       org.gradle.api.internal.file.pattern.PatternMatcherFactory::compile (117 bytes)
Event: 2.559 Thread 0x000001c33b852000 nmethod 2278 0x000001c324f97310 code [0x000001c324f975c0, 0x000001c324f98258]
Event: 2.579 Thread 0x000001c33b852000 2281       3       java.lang.invoke.ConstantCallSite::getTarget (20 bytes)
Event: 2.579 Thread 0x000001c33b852000 nmethod 2281 0x000001c324f98610 code [0x000001c324f987e0, 0x000001c324f989e8]

GC Heap History (8 events):
Event: 0.571 GC heap before
{Heap before GC invocations=0 (full 0):
 garbage-first heap   total 129024K, used 29696K [0x0000000080000000, 0x0000000100000000)
  region size 1024K, 24 young (24576K), 0 survivors (0K)
 Metaspace       used 9745K, capacity 9956K, committed 10112K, reserved 1058816K
  class space    used 995K, capacity 1069K, committed 1152K, reserved 1048576K
}
Event: 0.576 GC heap after
{Heap after GC invocations=1 (full 0):
 garbage-first heap   total 129024K, used 9068K [0x0000000080000000, 0x0000000100000000)
  region size 1024K, 3 young (3072K), 3 survivors (3072K)
 Metaspace       used 9745K, capacity 9956K, committed 10112K, reserved 1058816K
  class space    used 995K, capacity 1069K, committed 1152K, reserved 1048576K
}
Event: 1.920 GC heap before
{Heap before GC invocations=1 (full 0):
 garbage-first heap   total 129024K, used 83820K [0x0000000080000000, 0x0000000100000000)
  region size 1024K, 75 young (76800K), 3 survivors (3072K)
 Metaspace       used 18295K, capacity 18662K, committed 18944K, reserved 1067008K
  class space    used 2139K, capacity 2259K, committed 2304K, reserved 1048576K
}
Event: 1.927 GC heap after
{Heap after GC invocations=2 (full 0):
 garbage-first heap   total 129024K, used 16517K [0x0000000080000000, 0x0000000100000000)
  region size 1024K, 10 young (10240K), 10 survivors (10240K)
 Metaspace       used 18295K, capacity 18662K, committed 18944K, reserved 1067008K
  class space    used 2139K, capacity 2259K, committed 2304K, reserved 1048576K
}
Event: 2.115 GC heap before
{Heap before GC invocations=2 (full 0):
 garbage-first heap   total 129024K, used 36997K [0x0000000080000000, 0x0000000100000000)
  region size 1024K, 31 young (31744K), 10 survivors (10240K)
 Metaspace       used 20760K, capacity 21218K, committed 21296K, reserved 1069056K
  class space    used 2508K, capacity 2665K, committed 2688K, reserved 1048576K
}
Event: 2.123 GC heap after
{Heap after GC invocations=3 (full 0):
 garbage-first heap   total 129024K, used 17237K [0x0000000080000000, 0x0000000100000000)
  region size 1024K, 1 young (1024K), 1 survivors (1024K)
 Metaspace       used 20760K, capacity 21218K, committed 21296K, reserved 1069056K
  class space    used 2508K, capacity 2665K, committed 2688K, reserved 1048576K
}
Event: 2.463 GC heap before
{Heap before GC invocations=4 (full 0):
 garbage-first heap   total 129024K, used 64341K [0x0000000080000000, 0x0000000100000000)
  region size 1024K, 47 young (48128K), 1 survivors (1024K)
 Metaspace       used 25385K, capacity 25984K, committed 26288K, reserved 1073152K
  class space    used 3266K, capacity 3495K, committed 3584K, reserved 1048576K
}
Event: 2.465 GC heap after
{Heap after GC invocations=5 (full 0):
 garbage-first heap   total 129024K, used 18793K [0x0000000080000000, 0x0000000100000000)
  region size 1024K, 3 young (3072K), 3 survivors (3072K)
 Metaspace       used 25385K, capacity 25984K, committed 26288K, reserved 1073152K
  class space    used 3266K, capacity 3495K, committed 3584K, reserved 1048576K
}

Deoptimization events (20 events):
Event: 2.016 Thread 0x000001c33d2fa000 Uncommon trap: trap_request=0xffffff4d fr.pc=0x000001c32c095134 relative=0x0000000000000474
Event: 2.016 Thread 0x000001c33d2fa000 Uncommon trap: reason=unstable_if action=reinterpret pc=0x000001c32c095134 method=java.lang.String.substring(I)Ljava/lang/String; @ 34 c2
Event: 2.016 Thread 0x000001c33d2fa000 DEOPT PACKING pc=0x000001c32c095134 sp=0x0000002bf48fcb50
Event: 2.016 Thread 0x000001c33d2fa000 DEOPT UNPACKING pc=0x000001c32459a1af sp=0x0000002bf48fcb28 mode 2
Event: 2.194 Thread 0x000001c33d2fa000 Uncommon trap: trap_request=0xffffff4d fr.pc=0x000001c32c103718 relative=0x0000000000000398
Event: 2.194 Thread 0x000001c33d2fa000 Uncommon trap: reason=unstable_if action=reinterpret pc=0x000001c32c103718 method=jdk.internal.org.objectweb.asm.Type.getArgumentsAndReturnSizes(Ljava/lang/String;)I @ 88 c2
Event: 2.194 Thread 0x000001c33d2fa000 DEOPT PACKING pc=0x000001c32c103718 sp=0x0000002bf48f96c0
Event: 2.194 Thread 0x000001c33d2fa000 DEOPT UNPACKING pc=0x000001c32459a1af sp=0x0000002bf48f9648 mode 2
Event: 2.199 Thread 0x000001c33d2fa000 Uncommon trap: trap_request=0xffffffcc fr.pc=0x000001c32c11cbf8 relative=0x00000000000002b8
Event: 2.199 Thread 0x000001c33d2fa000 Uncommon trap: reason=intrinsic_or_type_checked_inlining action=make_not_entrant pc=0x000001c32c11cbf8 method=java.util.Arrays.copyOf([Ljava/lang/Object;ILjava/lang/Class;)[Ljava/lang/Object; @ 35 c2
Event: 2.199 Thread 0x000001c33d2fa000 DEOPT PACKING pc=0x000001c32c11cbf8 sp=0x0000002bf48fba00
Event: 2.199 Thread 0x000001c33d2fa000 DEOPT UNPACKING pc=0x000001c32459a1af sp=0x0000002bf48fb990 mode 2
Event: 2.314 Thread 0x000001c33d2fa000 Uncommon trap: trap_request=0xffffff4d fr.pc=0x000001c32c0881b8 relative=0x0000000000000278
Event: 2.314 Thread 0x000001c33d2fa000 Uncommon trap: reason=unstable_if action=reinterpret pc=0x000001c32c0881b8 method=java.util.concurrent.ConcurrentHashMap.get(Ljava/lang/Object;)Ljava/lang/Object; @ 152 c2
Event: 2.314 Thread 0x000001c33d2fa000 DEOPT PACKING pc=0x000001c32c0881b8 sp=0x0000002bf48f88c0
Event: 2.314 Thread 0x000001c33d2fa000 DEOPT UNPACKING pc=0x000001c32459a1af sp=0x0000002bf48f8828 mode 2
Event: 2.540 Thread 0x000001c33d2fa000 Uncommon trap: trap_request=0xffffff7e fr.pc=0x000001c32c13a29c relative=0x000000000000015c
Event: 2.541 Thread 0x000001c33d2fa000 Uncommon trap: reason=predicate action=maybe_recompile pc=0x000001c32c13a29c method=com.google.common.base.CharMatcher.indexIn(Ljava/lang/CharSequence;I)I @ 19 c2
Event: 2.541 Thread 0x000001c33d2fa000 DEOPT PACKING pc=0x000001c32c13a29c sp=0x0000002bf48fb630
Event: 2.541 Thread 0x000001c33d2fa000 DEOPT UNPACKING pc=0x000001c32459a1af sp=0x0000002bf48fb5c0 mode 2

Classes redefined (0 events):
No events

Internal exceptions (20 events):
Event: 1.937 Thread 0x000001c33d2fa000 Exception <a 'java/lang/NoSuchMethodError'{0x0000000087c0bea8}: 'java.lang.Object java.lang.invoke.Invokers$Holder.linkToTargetMethod(java.lang.Object, java.lang.Object, int, java.lang.Object)'> (0x0000000087c0bea8) thrown at [src/hotspot/share/interpreter/linkResolver.cpp, line 773]
Event: 2.046 Thread 0x000001c33d2fa000 Exception <a 'java/lang/NoSuchMethodError'{0x00000000873134d8}: 'java.lang.Object java.lang.invoke.Invokers$Holder.linkToTargetMethod(java.lang.Object, java.lang.Object, java.lang.Object, java.lang.Object, java.lang.Object, java.lang.Object)'> (0x00000000873134d8) thrown at [src/hotspot/share/interpreter/linkResolver.cpp, line 773]
Event: 2.163 Thread 0x000001c33d2fa000 Exception <a 'java/lang/NoSuchMethodError'{0x00000000879df998}: 'int java.lang.invoke.DirectMethodHandle$Holder.invokeSpecialIFC(java.lang.Object, java.lang.Object, java.lang.Object, java.lang.Object)'> (0x00000000879df998) thrown at [src/hotspot/share/interpreter/linkResolver.cpp, line 773]
Event: 2.164 Thread 0x000001c33d2fa000 Exception <a 'java/lang/NoSuchMethodError'{0x00000000879ed950}: 'java.lang.Object java.lang.invoke.DirectMethodHandle$Holder.invokeInterface(java.lang.Object, java.lang.Object, java.lang.Object)'> (0x00000000879ed950) thrown at [src/hotspot/share/interpreter/linkResolver.cpp, line 773]
Event: 2.164 Thread 0x000001c33d2fa000 Exception <a 'java/lang/IncompatibleClassChangeError'{0x00000000879f0e28}: Found class java.lang.Object, but interface was expected> (0x00000000879f0e28) thrown at [src/hotspot/share/interpreter/linkResolver.cpp, line 839]
Event: 2.222 Thread 0x000001c33d2fa000 Exception <a 'java/lang/NoSuchMethodError'{0x000000008713ce88}: 'void java.lang.invoke.DirectMethodHandle$Holder.invokeSpecial(java.lang.Object, java.lang.Object, java.lang.Object, java.lang.Object, java.lang.Object)'> (0x000000008713ce88) thrown at [src/hotspot/share/interpreter/linkResolver.cpp, line 773]
Event: 2.236 Thread 0x000001c33d2fa000 Exception <a 'java/lang/NoSuchMethodError'{0x0000000086f762b8}: 'java.lang.Object java.lang.invoke.DirectMethodHandle$Holder.invokeSpecial(java.lang.Object, java.lang.Object, java.lang.Object, java.lang.Object, java.lang.Object, java.lang.Object, java.lang.Object, java.lang.Object, java.lang.Object)'> (0x0000000086f762b8) thrown at [src/hotspot/share/interpreter/linkResolver.cpp, line 773]
Event: 2.281 Thread 0x000001c33d2fa000 Exception <a 'java/lang/NoSuchMethodError'{0x0000000086473b68}: 'java.lang.Object java.lang.invoke.DirectMethodHandle$Holder.invokeVirtual(java.lang.Object, java.lang.Object, java.lang.Object, java.lang.Object)'> (0x0000000086473b68) thrown at [src/hotspot/share/interpreter/linkResolver.cpp, line 773]
Event: 2.341 Thread 0x000001c33d2fa000 Exception <a 'java/lang/NoSuchMethodError'{0x0000000085d0ce68}: 'void java.lang.invoke.DirectMethodHandle$Holder.invokeSpecial(java.lang.Object, java.lang.Object, java.lang.Object, java.lang.Object, java.lang.Object, java.lang.Object)'> (0x0000000085d0ce68) thrown at [src/hotspot/share/interpreter/linkResolver.cpp, line 773]
Event: 2.344 Thread 0x000001c33d2fa000 Exception <a 'java/lang/NoSuchMethodError'{0x0000000085d3b440}: 'java.lang.Object java.lang.invoke.DirectMethodHandle$Holder.invokeSpecial(java.lang.Object, java.lang.Object, java.lang.Object, java.lang.Object, java.lang.Object, java.lang.Object, java.lang.Object, java.lang.Object, int, int)'> (0x0000000085d3b440) thrown at [src/hotspot/share/interpreter/linkResolver.cpp, line 773]
Event: 2.345 Thread 0x000001c33d2fa000 Exception <a 'java/lang/NoSuchMethodError'{0x0000000085d57d50}: 'java.lang.Object java.lang.invoke.Invokers$Holder.linkToTargetMethod(java.lang.Object, java.lang.Object, java.lang.Object, java.lang.Object, java.lang.Object, java.lang.Object, java.lang.Object)'> (0x0000000085d57d50) thrown at [src/hotspot/share/interpreter/linkResolver.cpp, line 773]
Event: 2.355 Thread 0x000001c33d2fa000 Exception <a 'java/lang/NoSuchMethodError'{0x0000000085c6aa80}: 'void java.lang.invoke.DirectMethodHandle$Holder.invokeSpecial(java.lang.Object, java.lang.Object, java.lang.Object, java.lang.Object, java.lang.Object, java.lang.Object, java.lang.Object)'> (0x0000000085c6aa80) thrown at [src/hotspot/share/interpreter/linkResolver.cpp, line 773]
Event: 2.358 Thread 0x000001c33d2fa000 Exception <a 'java/lang/NoSuchMethodError'{0x0000000085cae128}: 'java.lang.Object java.lang.invoke.DirectMethodHandle$Holder.invokeStatic(java.lang.Object, java.lang.Object, java.lang.Object, int, java.lang.Object, java.lang.Object)'> (0x0000000085cae128) thrown at [src/hotspot/share/interpreter/linkResolver.cpp, line 773]
Event: 2.359 Thread 0x000001c33d2fa000 Exception <a 'java/lang/NoSuchMethodError'{0x0000000085cb89c8}: 'java.lang.Object java.lang.invoke.Invokers$Holder.linkToTargetMethod(java.lang.Object, java.lang.Object, int, java.lang.Object, java.lang.Object, java.lang.Object)'> (0x0000000085cb89c8) thrown at [src/hotspot/share/interpreter/linkResolver.cpp, line 773]
Event: 2.391 Thread 0x000001c33d2fa000 Exception <a 'java/lang/NoSuchMethodError'{0x0000000085a6ae98}: 'java.lang.Object java.lang.invoke.DirectMethodHandle$Holder.invokeVirtual(java.lang.Object, java.lang.Object, java.lang.Object, java.lang.Object, java.lang.Object, java.lang.Object, java.lang.Object, java.lang.Object, java.lang.Object, java.lang.Object, java.lang.Object, java.lang.Object, java.lang.Object, java.lang.Object, java.lang.Object, java.lang.Object, java.lang.Object, java.lang.Object, java.lang.Object, java.lang.Object, java.lang.Ob
Event: 2.428 Thread 0x000001c33d2fa000 Exception <a 'java/lang/NoSuchMethodError'{0x00000000852accf0}: 'int java.lang.invoke.DirectMethodHandle$Holder.invokeStaticInit(java.lang.Object, java.lang.Object, java.lang.Object)'> (0x00000000852accf0) thrown at [src/hotspot/share/interpreter/linkResolver.cpp, line 773]
Event: 2.479 Thread 0x000001c33d2fa000 Exception <a 'java/lang/NoSuchMethodError'{0x0000000087c7c1c0}: 'void java.lang.invoke.DirectMethodHandle$Holder.invokeStaticInit(java.lang.Object, java.lang.Object)'> (0x0000000087c7c1c0) thrown at [src/hotspot/share/interpreter/linkResolver.cpp, line 773]
Event: 2.577 Thread 0x000001c33d2fa000 Exception <a 'java/lang/NoSuchMethodError'{0x00000000876e0448}: 'void java.lang.invoke.DirectMethodHandle$Holder.invokeStatic(java.lang.Object, java.lang.Object, java.lang.Object, java.lang.Object)'> (0x00000000876e0448) thrown at [src/hotspot/share/interpreter/linkResolver.cpp, line 773]
Event: 2.579 Thread 0x000001c33d2fa000 Exception <a 'java/lang/NoSuchMethodError'{0x00000000876ff940}: 'int java.lang.invoke.DirectMethodHandle$Holder.invokeVirtual(java.lang.Object, java.lang.Object)'> (0x00000000876ff940) thrown at [src/hotspot/share/interpreter/linkResolver.cpp, line 773]
Event: 2.580 Thread 0x000001c33d2fa000 Exception <a 'java/lang/NoSuchMethodError'{0x00000000875190f8}: 'java.lang.Object java.lang.invoke.DirectMethodHandle$Holder.invokeVirtual(java.lang.Object, java.lang.Object, java.lang.Object)'> (0x00000000875190f8) thrown at [src/hotspot/share/interpreter/linkResolver.cpp, line 773]

Events (20 events):
Event: 2.579 Executing VM operation: RevokeBias
Event: 2.579 Executing VM operation: RevokeBias done
Event: 2.579 loading class org/gradle/internal/watch/registry/impl/DefaultFileWatcherProbeRegistry$WatchProbe
Event: 2.579 loading class org/gradle/internal/watch/registry/impl/DefaultFileWatcherProbeRegistry$WatchProbe done
Event: 2.579 loading class org/gradle/internal/watch/registry/impl/DefaultFileWatcherProbeRegistry$WatchProbe
Event: 2.579 loading class org/gradle/internal/watch/registry/impl/DefaultFileWatcherProbeRegistry$WatchProbe done
Event: 2.579 loading class org/gradle/internal/watch/registry/WatchMode
Event: 2.579 loading class org/gradle/internal/watch/registry/WatchMode done
Event: 2.579 loading class org/gradle/internal/snapshot/SnapshotHierarchy
Event: 2.579 loading class org/gradle/internal/snapshot/SnapshotHierarchy done
Event: 2.579 loading class org/gradle/internal/watch/registry/impl/WatchableHierarchies
Event: 2.579 loading class org/gradle/internal/watch/registry/impl/WatchableHierarchies done
Event: 2.579 loading class org/gradle/internal/watch/registry/impl/Combiners
Event: 2.579 loading class org/gradle/internal/watch/registry/impl/Combiners done
Event: 2.580 loading class org/gradle/internal/file/FileHierarchySet
Event: 2.580 loading class org/gradle/internal/file/FileHierarchySet done
Event: 2.580 loading class org/gradle/internal/watch/registry/impl/WatchableHierarchies$InvalidatingRootVisitor
Event: 2.580 loading class org/gradle/internal/watch/registry/impl/WatchableHierarchies$InvalidatingRootVisitor done
Event: 2.580 loading class org/gradle/internal/file/FileHierarchySet$PrefixFileSet$2
Event: 2.580 loading class org/gradle/internal/file/FileHierarchySet$PrefixFileSet$2 done


Dynamic libraries:
0x00007ff643ff0000 - 0x00007ff643ffa000 	F:\Android\jbr\bin\java.exe
0x00007ffd33960000 - 0x00007ffd33b69000 	C:\WINDOWS\SYSTEM32\ntdll.dll
0x00007ffd32cd0000 - 0x00007ffd32d8e000 	C:\WINDOWS\System32\KERNEL32.DLL
0x00007ffd31130000 - 0x00007ffd314ac000 	C:\WINDOWS\System32\KERNELBASE.dll
0x00007ffd31560000 - 0x00007ffd31671000 	C:\WINDOWS\System32\ucrtbase.dll
0x00007ffd20ce0000 - 0x00007ffd20cf7000 	F:\Android\jbr\bin\jli.dll
0x00007ffd16420000 - 0x00007ffd1643b000 	F:\Android\jbr\bin\VCRUNTIME140.dll
0x00007ffd33170000 - 0x00007ffd3331d000 	C:\WINDOWS\System32\USER32.dll
0x00007ffd314b0000 - 0x00007ffd314d6000 	C:\WINDOWS\System32\win32u.dll
0x00007ffd1adb0000 - 0x00007ffd1b055000 	C:\WINDOWS\WinSxS\amd64_microsoft.windows.common-controls_6595b64144ccf1df_6.0.22000.120_none_9d947278b86cc467\COMCTL32.dll
0x00007ffd334f0000 - 0x00007ffd33519000 	C:\WINDOWS\System32\GDI32.dll
0x00007ffd31010000 - 0x00007ffd31128000 	C:\WINDOWS\System32\gdi32full.dll
0x00007ffd33620000 - 0x00007ffd336c3000 	C:\WINDOWS\System32\msvcrt.dll
0x00007ffd31680000 - 0x00007ffd3171d000 	C:\WINDOWS\System32\msvcp_win.dll
0x00007ffd329b0000 - 0x00007ffd329e1000 	C:\WINDOWS\System32\IMM32.DLL
0x00007ffd2c100000 - 0x00007ffd2c10c000 	F:\Android\jbr\bin\vcruntime140_1.dll
0x00007ffd02bf0000 - 0x00007ffd02c7d000 	F:\Android\jbr\bin\msvcp140.dll
0x00007ffce51a0000 - 0x00007ffce5d5c000 	F:\Android\jbr\bin\server\jvm.dll
0x00007ffd330a0000 - 0x00007ffd3314e000 	C:\WINDOWS\System32\ADVAPI32.dll
0x00007ffd32ea0000 - 0x00007ffd32f3e000 	C:\WINDOWS\System32\sechost.dll
0x00007ffd329f0000 - 0x00007ffd32b10000 	C:\WINDOWS\System32\RPCRT4.dll
0x00007ffd33160000 - 0x00007ffd33168000 	C:\WINDOWS\System32\PSAPI.DLL
0x00007ffd2d740000 - 0x00007ffd2d749000 	C:\WINDOWS\SYSTEM32\WSOCK32.dll
0x00007ffd2c080000 - 0x00007ffd2c0b3000 	C:\WINDOWS\SYSTEM32\WINMM.dll
0x00007ffd29040000 - 0x00007ffd2904a000 	C:\WINDOWS\SYSTEM32\VERSION.dll
0x00007ffd328e0000 - 0x00007ffd3294f000 	C:\WINDOWS\System32\WS2_32.dll
0x00007ffd2ffa0000 - 0x00007ffd2ffb8000 	C:\WINDOWS\SYSTEM32\kernel.appcore.dll
0x00007ffd2d6b0000 - 0x00007ffd2d6c0000 	F:\Android\jbr\bin\verify.dll
0x00007ffd22f60000 - 0x00007ffd23181000 	C:\WINDOWS\SYSTEM32\DBGHELP.DLL
0x00007ffd22f20000 - 0x00007ffd22f51000 	C:\WINDOWS\SYSTEM32\dbgcore.DLL
0x00007ffd314e0000 - 0x00007ffd3155f000 	C:\WINDOWS\System32\bcryptPrimitives.dll
0x00007ffd21ed0000 - 0x00007ffd21ef8000 	F:\Android\jbr\bin\java.dll
0x00007ffd2d6a0000 - 0x00007ffd2d6aa000 	F:\Android\jbr\bin\jimage.dll
0x00007ffd2c140000 - 0x00007ffd2c158000 	F:\Android\jbr\bin\zip.dll
0x00007ffd31b60000 - 0x00007ffd32325000 	C:\WINDOWS\System32\SHELL32.dll
0x00007ffd2ef30000 - 0x00007ffd2f795000 	C:\WINDOWS\SYSTEM32\windows.storage.dll
0x00007ffd317e0000 - 0x00007ffd31b56000 	C:\WINDOWS\System32\combase.dll
0x00007ffd2edc0000 - 0x00007ffd2ef26000 	C:\WINDOWS\SYSTEM32\wintypes.dll
0x00007ffd32f40000 - 0x00007ffd3302a000 	C:\WINDOWS\System32\SHCORE.dll
0x00007ffd335b0000 - 0x00007ffd3360d000 	C:\WINDOWS\System32\shlwapi.dll
0x00007ffd30d60000 - 0x00007ffd30d81000 	C:\WINDOWS\SYSTEM32\profapi.dll
0x00007ffd28eb0000 - 0x00007ffd28ec9000 	F:\Android\jbr\bin\net.dll
0x00007ffd2b080000 - 0x00007ffd2b192000 	C:\WINDOWS\SYSTEM32\WINHTTP.dll
0x00007ffd30440000 - 0x00007ffd304a7000 	C:\WINDOWS\system32\mswsock.dll
0x00007ffd1f390000 - 0x00007ffd1f3a3000 	F:\Android\jbr\bin\nio.dll
0x00007ffd16130000 - 0x00007ffd16157000 	C:\Users\Efendi\.gradle\native\e1d6ef7f7dcc3fd88c89a11ec53ec762bb8ba0a96d01ffa2cd45eb1d1d8dd5c5\windows-amd64\native-platform.dll
0x00007ffce4ec0000 - 0x00007ffce5004000 	C:\Users\Efendi\.gradle\native\0d407fdbe67a94daf76414ababcb853783967236a71b16ec16e742cd7a986fd3\windows-amd64\native-platform-file-events.dll
0x00007ffd231f0000 - 0x00007ffd231fa000 	F:\Android\jbr\bin\management.dll
0x00007ffd208e0000 - 0x00007ffd208eb000 	F:\Android\jbr\bin\management_ext.dll
0x00007ffd30680000 - 0x00007ffd30698000 	C:\WINDOWS\SYSTEM32\CRYPTSP.dll
0x00007ffd2ff00000 - 0x00007ffd2ff35000 	C:\WINDOWS\system32\rsaenh.dll
0x00007ffd30530000 - 0x00007ffd30559000 	C:\WINDOWS\SYSTEM32\USERENV.dll
0x00007ffd30810000 - 0x00007ffd30837000 	C:\WINDOWS\SYSTEM32\bcrypt.dll
0x00007ffd306a0000 - 0x00007ffd306ac000 	C:\WINDOWS\SYSTEM32\CRYPTBASE.dll
0x00007ffd2fa50000 - 0x00007ffd2fa7d000 	C:\WINDOWS\SYSTEM32\IPHLPAPI.DLL
0x00007ffd33150000 - 0x00007ffd33159000 	C:\WINDOWS\System32\NSI.dll
0x00007ffd2b2d0000 - 0x00007ffd2b2e9000 	C:\WINDOWS\SYSTEM32\dhcpcsvc6.DLL
0x00007ffd2b4f0000 - 0x00007ffd2b50e000 	C:\WINDOWS\SYSTEM32\dhcpcsvc.DLL
0x00007ffd2fa80000 - 0x00007ffd2fb68000 	C:\WINDOWS\SYSTEM32\DNSAPI.dll

dbghelp: loaded successfully - version: 4.0.5 - missing functions: none
symbol engine: initialized successfully - sym options: 0x614 - pdb path: .;F:\Android\jbr\bin;C:\WINDOWS\SYSTEM32;C:\WINDOWS\WinSxS\amd64_microsoft.windows.common-controls_6595b64144ccf1df_6.0.22000.120_none_9d947278b86cc467;F:\Android\jbr\bin\server;C:\Users\Efendi\.gradle\native\e1d6ef7f7dcc3fd88c89a11ec53ec762bb8ba0a96d01ffa2cd45eb1d1d8dd5c5\windows-amd64;C:\Users\Efendi\.gradle\native\0d407fdbe67a94daf76414ababcb853783967236a71b16ec16e742cd7a986fd3\windows-amd64

VM Arguments:
jvm_args: --add-opens=java.base/java.util=ALL-UNNAMED --add-opens=java.base/java.lang=ALL-UNNAMED --add-opens=java.base/java.lang.invoke=ALL-UNNAMED --add-opens=java.base/java.util=ALL-UNNAMED --add-opens=java.prefs/java.util.prefs=ALL-UNNAMED --add-opens=java.prefs/java.util.prefs=ALL-UNNAMED --add-opens=java.base/java.nio.charset=ALL-UNNAMED --add-opens=java.base/java.net=ALL-UNNAMED --add-opens=java.base/java.util.concurrent.atomic=ALL-UNNAMED -Xmx2048m -Dfile.encoding=UTF-8 -Duser.country=US -Duser.language=en -Duser.variant 
java_command: org.gradle.launcher.daemon.bootstrap.GradleDaemon 7.5
java_class_path (initial): C:\Users\Efendi\.gradle\wrapper\dists\gradle-7.5-bin\f1w0cc9nuo0eivz97x2xlu9sv\gradle-7.5\lib\gradle-launcher-7.5.jar
Launcher Type: SUN_STANDARD

[Global flags]
     intx CICompilerCount                          = 4                                         {product} {ergonomic}
     uint ConcGCThreads                            = 2                                         {product} {ergonomic}
     uint G1ConcRefinementThreads                  = 8                                         {product} {ergonomic}
   size_t G1HeapRegionSize                         = 1048576                                   {product} {ergonomic}
    uintx GCDrainStackTargetSize                   = 64                                        {product} {ergonomic}
   size_t InitialHeapSize                          = 132120576                                 {product} {ergonomic}
   size_t MarkStackSize                            = 4194304                                   {product} {ergonomic}
   size_t MaxHeapSize                              = 2147483648                                {product} {command line}
   size_t MaxNewSize                               = 1287651328                                {product} {ergonomic}
   size_t MinHeapDeltaBytes                        = 1048576                                   {product} {ergonomic}
    uintx NonNMethodCodeHeapSize                   = 5836300                                {pd product} {ergonomic}
    uintx NonProfiledCodeHeapSize                  = 122910970                              {pd product} {ergonomic}
    uintx ProfiledCodeHeapSize                     = 122910970                              {pd product} {ergonomic}
    uintx ReservedCodeCacheSize                    = 251658240                              {pd product} {ergonomic}
     bool SegmentedCodeCache                       = true                                      {product} {ergonomic}
     bool UseCompressedClassPointers               = true                                 {lp64_product} {ergonomic}
     bool UseCompressedOops                        = true                                 {lp64_product} {ergonomic}
     bool UseG1GC                                  = true                                      {product} {ergonomic}
     bool UseLargePagesIndividualAllocation        = false                                  {pd product} {ergonomic}

Logging:
Log output configuration:
 #0: stdout all=warning uptime,level,tags
 #1: stderr all=off uptime,level,tags

Environment Variables:
PATH=C:\Program Files\Common Files\Oracle\Java\javapath;C:\Program Files (x86)\Common Files\Oracle\Java\javapath;C:\Windows\system32;C:\Windows;C:\Windows\System32\Wbem;C:\Windows\System32\WindowsPowerShell\v1.0\;C:\Windows\System32\OpenSSH\;C:\Program Files (x86)\NVIDIA Corporation\PhysX\Common;C:\Program Files\NVIDIA Corporation\NVIDIA NvDLISR;C:\Users\Efendi\AppData\Roaming\Python\Python39\Scripts;C:\WINDOWS\system32;C:\WINDOWS;C:\WINDOWS\System32\Wbem;C:\WINDOWS\System32\WindowsPowerShell\v1.0\;C:\WINDOWS\System32\OpenSSH\;C:\Program Files\Microsoft SQL Server\130\Tools\Binn\;C:\Program Files\dotnet\;C:\Program Files (x86)\dotnet\;C:\Program Files (x86)\Microsoft SQL Server\150\DTS\Binn\;C:\Program Files\Azure Data Studio\bin;D:\NodeJS\;D:\Laragon\bin\php\php-8.1.10-Win32-vs16-x64;D:\ComposerSetup;C:\Program Files\MySQL\MySQL Shell 8.0\bin\;C:\Users\Efendi\AppData\Local\Programs\Python\Python39\Scripts\;C:\Users\Efendi\AppData\Local\Programs\Python\Python39\;C:\Users\Efendi\AppData\Local\Microsoft\WindowsApps;D:\Microsoft VS Code\bin;C:\Users\Efendi\.dotnet\tools;C:\Program Files\Azure Data Studio\bin;C:\Users\Efendi\AppData\Roaming\npm;C:\ProgramData\Efendi\GitHubDesktop\bin;C:\Users\Efendi\AppData\Local\GitHubDesktop\bin;C:\Users\Efendi\AppData\Roaming\Composer\vendor\bin;D:\Laragon\bin\php\php-8.1.10-Win32-vs16-x64;
USERNAME=Efendi
OS=Windows_NT
PROCESSOR_IDENTIFIER=Intel64 Family 6 Model 158 Stepping 13, GenuineIntel



---------------  S Y S T E M  ---------------

OS: Windows 11 , 64 bit Build 22000 (10.0.22000.1516)
OS uptime: 0 days 10:15 hours

CPU:total 8 (initial active 8) (4 cores per cpu, 2 threads per core) family 6 model 158 stepping 13 microcode 0xde, cmov, cx8, fxsr, mmx, sse, sse2, sse3, ssse3, sse4.1, sse4.2, popcnt, avx, avx2, aes, clmul, erms, 3dnowpref, lzcnt, ht, tsc, tscinvbit, bmi1, bmi2, adx, fma

Memory: 4k page, system-wide physical 8036M (344M free)
TotalPageFile size 12132M (AvailPageFile size 6M)
current process WorkingSet (physical memory assigned to process): 218M, peak: 218M
current process commit charge ("private bytes"): 285M, peak: 287M

vm_info: OpenJDK 64-Bit Server VM (11.0.15+0-b2043.56-9505619) for windows-amd64 JRE (11.0.15+0-b2043.56-9505619), built on Jan 19 2023 02:48:00 by "builduser" with unknown MS VC++:1929

END.
