#
# There is insufficient memory for the Java Runtime Environment to continue.
# Native memory allocation (malloc) failed to allocate 32744 bytes for ChunkPool::allocate
# Possible reasons:
#   The system is out of physical RAM or swap space
#   The process is running with CompressedOops enabled, and the Java Heap may be blocking the growth of the native heap
# Possible solutions:
#   Reduce memory load on the system
#   Increase physical memory or swap space
#   Check if swap backing store is full
#   Decrease Java heap size (-Xmx/-Xms)
#   Decrease number of Java threads
#   Decrease Java thread stack sizes (-Xss)
#   Set larger code cache with -XX:ReservedCodeCacheSize=
#   JVM is running with Unscaled Compressed Oops mode in which the Java heap is
#     placed in the first 4GB address space. The Java Heap base address is the
#     maximum limit for the native heap growth. Please use -XX:HeapBaseMinAddress
#     to set the Java Heap base and to place the Java Heap above 4GB virtual address.
# This output file may be truncated or incomplete.
#
#  Out of Memory Error (src/hotspot/share/memory/arena.cpp:81), pid=5300, tid=10652
#
# JRE version: OpenJDK Runtime Environment (11.0.15) (build 11.0.15+0-b2043.56-9505619)
# Java VM: OpenJDK 64-Bit Server VM (11.0.15+0-b2043.56-9505619, mixed mode, tiered, compressed oops, g1 gc, windows-amd64)
# No core dump will be written. Minidumps are not enabled by default on client versions of Windows
#

---------------  S U M M A R Y ------------

Command Line: --add-opens=java.base/java.util=ALL-UNNAMED --add-opens=java.base/java.lang=ALL-UNNAMED --add-opens=java.base/java.lang.invoke=ALL-UNNAMED --add-opens=java.base/java.util=ALL-UNNAMED --add-opens=java.prefs/java.util.prefs=ALL-UNNAMED --add-opens=java.prefs/java.util.prefs=ALL-UNNAMED --add-opens=java.base/java.nio.charset=ALL-UNNAMED --add-opens=java.base/java.net=ALL-UNNAMED --add-opens=java.base/java.util.concurrent.atomic=ALL-UNNAMED -Xmx2048m -Dfile.encoding=UTF-8 -Duser.country=US -Duser.language=en -Duser.variant org.gradle.launcher.daemon.bootstrap.GradleDaemon 7.5

Host: Intel(R) Core(TM) i5-9300H CPU @ 2.40GHz, 8 cores, 7G,  Windows 11 , 64 bit Build 22000 (10.0.22000.1516)
Time: Thu May  4 19:11:51 2023 SE Asia Standard Time elapsed time: 135.511710 seconds (0d 0h 2m 15s)

---------------  T H R E A D  ---------------

Current thread (0x000001cbba641800):  JavaThread "C2 CompilerThread0" daemon [_thread_in_native, id=10652, stack(0x0000003af6800000,0x0000003af6900000)]


Current CompileTask:
C2: 135511 11929       4       java.lang.reflect.AccessibleObject::checkCanSetAccessible (386 bytes)

Stack: [0x0000003af6800000,0x0000003af6900000]
Native frames: (J=compiled Java code, j=interpreted, Vv=VM code, C=native code)
V  [jvm.dll+0x64135a]
V  [jvm.dll+0x7d39f9]
V  [jvm.dll+0x7d51b9]
V  [jvm.dll+0x7d58a3]
V  [jvm.dll+0x2691c5]
V  [jvm.dll+0xc1cbf]
V  [jvm.dll+0xc200c]
V  [jvm.dll+0x35e809]
V  [jvm.dll+0x659ce6]
V  [jvm.dll+0x65b579]
V  [jvm.dll+0x65f30f]
V  [jvm.dll+0x656cbb]
V  [jvm.dll+0x656309]
V  [jvm.dll+0x6540ed]
V  [jvm.dll+0x1a130c]
V  [jvm.dll+0x2d926f]
V  [jvm.dll+0x65f336]
V  [jvm.dll+0x656cbb]
V  [jvm.dll+0x656309]
V  [jvm.dll+0x6540ed]
V  [jvm.dll+0x1a130c]
V  [jvm.dll+0x2d926f]
V  [jvm.dll+0x65f336]
V  [jvm.dll+0x656cbb]
V  [jvm.dll+0x656309]
V  [jvm.dll+0x6540ed]
V  [jvm.dll+0x1a130c]
V  [jvm.dll+0x1a1eb7]
V  [jvm.dll+0x2d926f]
V  [jvm.dll+0x65f336]
V  [jvm.dll+0x656cbb]
V  [jvm.dll+0x656309]
V  [jvm.dll+0x6540ed]
V  [jvm.dll+0x1a130c]
V  [jvm.dll+0x2d926f]
V  [jvm.dll+0x65f336]
V  [jvm.dll+0x656cbb]
V  [jvm.dll+0x656309]
V  [jvm.dll+0x6540ed]
V  [jvm.dll+0x1a130c]
V  [jvm.dll+0x2d926f]
V  [jvm.dll+0x65f336]
V  [jvm.dll+0x656cbb]
V  [jvm.dll+0x656309]
V  [jvm.dll+0x6540ed]
V  [jvm.dll+0x1a130c]
V  [jvm.dll+0x2d926f]
V  [jvm.dll+0x65f336]
V  [jvm.dll+0x656cbb]
V  [jvm.dll+0x656309]
V  [jvm.dll+0x6540ed]
V  [jvm.dll+0x1a130c]
V  [jvm.dll+0x2200ef]
V  [jvm.dll+0x19e851]
V  [jvm.dll+0x230479]
V  [jvm.dll+0x22e5ef]
V  [jvm.dll+0x794de1]
V  [jvm.dll+0x78dc24]
V  [jvm.dll+0x6400f6]
C  [ucrtbase.dll+0x26c0c]
C  [KERNEL32.DLL+0x155a0]
C  [ntdll.dll+0x485b]


---------------  P R O C E S S  ---------------

Threads class SMR info:
_java_thread_list=0x000001cbc113a500, length=37, elements={
0x000001cb9f776800, 0x000001cbb9cbc800, 0x000001cbb9cbd800, 0x000001cbba633800,
0x000001cbba634800, 0x000001cbba637800, 0x000001cbba641800, 0x000001cbb9cdd000,
0x000001cbb9ce3800, 0x000001cbba7a2800, 0x000001cbbbf8f000, 0x000001cbbb69b800,
0x000001cbbc6fc800, 0x000001cbbb573000, 0x000001cbbc705000, 0x000001cbbb56f000,
0x000001cbbb570000, 0x000001cbbb571000, 0x000001cbbb571800, 0x000001cbbc475000,
0x000001cbbc476000, 0x000001cbbc477000, 0x000001cbbc471000, 0x000001cbbc472000,
0x000001cbbc478800, 0x000001cbbc474800, 0x000001cbbc477800, 0x000001cbbc472800,
0x000001cbbc47f000, 0x000001cbbc47a000, 0x000001cbbf270800, 0x000001cbbf26e000,
0x000001cbbf273000, 0x000001cbbf272000, 0x000001cbbf26d000, 0x000001cbbf271000,
0x000001cbbf274800
}

Java Threads: ( => current thread )
  0x000001cb9f776800 JavaThread "main" [_thread_blocked, id=8000, stack(0x0000003af5c00000,0x0000003af5d00000)]
  0x000001cbb9cbc800 JavaThread "Reference Handler" daemon [_thread_blocked, id=31384, stack(0x0000003af6300000,0x0000003af6400000)]
  0x000001cbb9cbd800 JavaThread "Finalizer" daemon [_thread_blocked, id=11888, stack(0x0000003af6400000,0x0000003af6500000)]
  0x000001cbba633800 JavaThread "Signal Dispatcher" daemon [_thread_blocked, id=13364, stack(0x0000003af6500000,0x0000003af6600000)]
  0x000001cbba634800 JavaThread "Attach Listener" daemon [_thread_blocked, id=1124, stack(0x0000003af6600000,0x0000003af6700000)]
  0x000001cbba637800 JavaThread "Service Thread" daemon [_thread_blocked, id=15556, stack(0x0000003af6700000,0x0000003af6800000)]
=>0x000001cbba641800 JavaThread "C2 CompilerThread0" daemon [_thread_in_native, id=10652, stack(0x0000003af6800000,0x0000003af6900000)]
  0x000001cbb9cdd000 JavaThread "C1 CompilerThread0" daemon [_thread_blocked, id=3976, stack(0x0000003af6900000,0x0000003af6a00000)]
  0x000001cbb9ce3800 JavaThread "Sweeper thread" daemon [_thread_blocked, id=31924, stack(0x0000003af6a00000,0x0000003af6b00000)]
  0x000001cbba7a2800 JavaThread "Common-Cleaner" daemon [_thread_blocked, id=19264, stack(0x0000003af6b00000,0x0000003af6c00000)]
  0x000001cbbbf8f000 JavaThread "Daemon health stats" [_thread_blocked, id=30564, stack(0x0000003af6f00000,0x0000003af7000000)]
  0x000001cbbb69b800 JavaThread "Incoming local TCP Connector on port 58775" [_thread_in_native, id=27308, stack(0x0000003af7000000,0x0000003af7100000)]
  0x000001cbbc6fc800 JavaThread "Daemon periodic checks" [_thread_blocked, id=26944, stack(0x0000003af7100000,0x0000003af7200000)]
  0x000001cbbb573000 JavaThread "Daemon" [_thread_blocked, id=28972, stack(0x0000003af7200000,0x0000003af7300000)]
  0x000001cbbc705000 JavaThread "Daemon worker" [_thread_in_native, id=32604, stack(0x0000003af7500000,0x0000003af7600000)]
  0x000001cbbb56f000 JavaThread "Cache worker for journal cache (C:\Users\Efendi\.gradle\caches\journal-1)" [_thread_blocked, id=31396, stack(0x0000003af7e00000,0x0000003af7f00000)]
  0x000001cbbb570000 JavaThread "File lock request listener" [_thread_in_native, id=14824, stack(0x0000003af7f00000,0x0000003af8000000)]
  0x000001cbbb571000 JavaThread "Cache worker for file hash cache (C:\Users\Efendi\.gradle\caches\7.5\fileHashes)" [_thread_blocked, id=16828, stack(0x0000003af8100000,0x0000003af8200000)]
  0x000001cbbb571800 JavaThread "File watcher server" daemon [_thread_in_native, id=18280, stack(0x0000003af8200000,0x0000003af8300000)]
  0x000001cbbc475000 JavaThread "File watcher consumer" daemon [_thread_blocked, id=31508, stack(0x0000003af8300000,0x0000003af8400000)]
  0x000001cbbc476000 JavaThread "jar transforms" [_thread_blocked, id=17524, stack(0x0000003af8400000,0x0000003af8500000)]
  0x000001cbbc477000 JavaThread "jar transforms Thread 2" [_thread_blocked, id=29840, stack(0x0000003af8500000,0x0000003af8600000)]
  0x000001cbbc471000 JavaThread "jar transforms Thread 3" [_thread_blocked, id=17176, stack(0x0000003af8600000,0x0000003af8700000)]
  0x000001cbbc472000 JavaThread "jar transforms Thread 4" [_thread_blocked, id=16460, stack(0x0000003af8700000,0x0000003af8800000)]
  0x000001cbbc478800 JavaThread "jar transforms Thread 5" [_thread_blocked, id=24968, stack(0x0000003af8800000,0x0000003af8900000)]
  0x000001cbbc474800 JavaThread "jar transforms Thread 6" [_thread_blocked, id=31968, stack(0x0000003af8900000,0x0000003af8a00000)]
  0x000001cbbc477800 JavaThread "jar transforms Thread 7" [_thread_blocked, id=27320, stack(0x0000003af8a00000,0x0000003af8b00000)]
  0x000001cbbc472800 JavaThread "jar transforms Thread 8" [_thread_blocked, id=31232, stack(0x0000003af8b00000,0x0000003af8c00000)]
  0x000001cbbc47f000 JavaThread "Cache worker for file content cache (C:\Users\Efendi\.gradle\caches\7.5\fileContent)" [_thread_blocked, id=29352, stack(0x0000003af8e00000,0x0000003af8f00000)]
  0x000001cbbc47a000 JavaThread "Cache worker for execution history cache (C:\Users\Efendi\.gradle\caches\7.5\executionHistory)" [_thread_blocked, id=9948, stack(0x0000003af9100000,0x0000003af9200000)]
  0x000001cbbf270800 JavaThread "Memory manager" [_thread_blocked, id=27704, stack(0x0000003af5900000,0x0000003af5a00000)]
  0x000001cbbf26e000 JavaThread "included builds" [_thread_blocked, id=15016, stack(0x0000003af5a00000,0x0000003af5b00000)]
  0x000001cbbf273000 JavaThread "Handler for socket connection from /127.0.0.1:58775 to /127.0.0.1:58847" [_thread_in_native, id=11348, stack(0x0000003af5b00000,0x0000003af5c00000)]
  0x000001cbbf272000 JavaThread "Cancel handler" [_thread_blocked, id=13464, stack(0x0000003af7300000,0x0000003af7400000)]
  0x000001cbbf26d000 JavaThread "Asynchronous log dispatcher for DefaultDaemonConnection: socket connection from /127.0.0.1:58775 to /127.0.0.1:58847" [_thread_blocked, id=22932, stack(0x0000003af7400000,0x0000003af7500000)]
  0x000001cbbf271000 JavaThread "Stdin handler" [_thread_blocked, id=31168, stack(0x0000003af7600000,0x0000003af7700000)]
  0x000001cbbf274800 JavaThread "Daemon client event forwarder" [_thread_blocked, id=23764, stack(0x0000003af7700000,0x0000003af7800000)]

Other Threads:
  0x000001cbb9cb8800 VMThread "VM Thread" [stack: 0x0000003af6200000,0x0000003af6300000] [id=19804]
  0x000001cbba7ad000 WatcherThread [stack: 0x0000003af6c00000,0x0000003af6d00000] [id=1524]
  0x000001cb9f791000 GCTaskThread "GC Thread#0" [stack: 0x0000003af5d00000,0x0000003af5e00000] [id=9744]
  0x000001cbbad3a800 GCTaskThread "GC Thread#1" [stack: 0x0000003af6d00000,0x0000003af6e00000] [id=29064]
  0x000001cbbb0fb000 GCTaskThread "GC Thread#2" [stack: 0x0000003af6e00000,0x0000003af6f00000] [id=29544]
  0x000001cbbc199000 GCTaskThread "GC Thread#3" [stack: 0x0000003af7900000,0x0000003af7a00000] [id=25392]
  0x000001cbbaf74000 GCTaskThread "GC Thread#4" [stack: 0x0000003af7a00000,0x0000003af7b00000] [id=28456]
  0x000001cbbbc31800 GCTaskThread "GC Thread#5" [stack: 0x0000003af7b00000,0x0000003af7c00000] [id=29168]
  0x000001cbbbc32000 GCTaskThread "GC Thread#6" [stack: 0x0000003af7c00000,0x0000003af7d00000] [id=31980]
  0x000001cbba95d000 GCTaskThread "GC Thread#7" [stack: 0x0000003af7d00000,0x0000003af7e00000] [id=29144]
  0x000001cb9f7c2800 ConcurrentGCThread "G1 Main Marker" [stack: 0x0000003af5e00000,0x0000003af5f00000] [id=28492]
  0x000001cb9f7c4800 ConcurrentGCThread "G1 Conc#0" [stack: 0x0000003af5f00000,0x0000003af6000000] [id=12552]
  0x000001cbbc196000 ConcurrentGCThread "G1 Conc#1" [stack: 0x0000003af8000000,0x0000003af8100000] [id=16456]
  0x000001cb9f847000 ConcurrentGCThread "G1 Refine#0" [stack: 0x0000003af6000000,0x0000003af6100000] [id=5200]
  0x000001cbb9b12800 ConcurrentGCThread "G1 Young RemSet Sampling" [stack: 0x0000003af6100000,0x0000003af6200000] [id=18948]

Threads with active compile tasks:
C2 CompilerThread0   135789 11929       4       java.lang.reflect.AccessibleObject::checkCanSetAccessible (386 bytes)

VM state:not at safepoint (normal execution)

VM Mutex/Monitor currently owned by a thread: None

Heap address: 0x0000000080000000, size: 2048 MB, Compressed Oops mode: 32-bit
Narrow klass base: 0x0000000000000000, Narrow klass shift: 3
Compressed class space size: 1073741824 Address: 0x0000000100000000

Heap:
 garbage-first heap   total 241664K, used 188073K [0x0000000080000000, 0x0000000100000000)
  region size 1024K, 17 young (17408K), 3 survivors (3072K)
 Metaspace       used 102348K, capacity 105342K, committed 105424K, reserved 1140736K
  class space    used 13101K, capacity 14203K, committed 14208K, reserved 1048576K
Heap Regions: E=young(eden), S=young(survivor), O=old, HS=humongous(starts), HC=humongous(continues), CS=collection set, F=free, A=archive, TAMS=top-at-mark-start (previous, next)
|   0|0x0000000080000000, 0x0000000080100000, 0x0000000080100000|100%| O|  |TAMS 0x0000000080100000, 0x0000000080000000| Untracked 
|   1|0x0000000080100000, 0x0000000080200000, 0x0000000080200000|100%| O|  |TAMS 0x0000000080200000, 0x0000000080100000| Untracked 
|   2|0x0000000080200000, 0x0000000080300000, 0x0000000080300000|100%| O|  |TAMS 0x0000000080300000, 0x0000000080200000| Untracked 
|   3|0x0000000080300000, 0x0000000080400000, 0x0000000080400000|100%|HS|  |TAMS 0x0000000080400000, 0x0000000080300000| Complete 
|   4|0x0000000080400000, 0x0000000080500000, 0x0000000080500000|100%|HC|  |TAMS 0x0000000080500000, 0x0000000080400000| Complete 
|   5|0x0000000080500000, 0x0000000080600000, 0x0000000080600000|100%|HC|  |TAMS 0x0000000080600000, 0x0000000080500000| Complete 
|   6|0x0000000080600000, 0x0000000080700000, 0x0000000080700000|100%| O|  |TAMS 0x0000000080700000, 0x0000000080600000| Untracked 
|   7|0x0000000080700000, 0x0000000080800000, 0x0000000080800000|100%| O|  |TAMS 0x0000000080800000, 0x0000000080700000| Untracked 
|   8|0x0000000080800000, 0x0000000080900000, 0x0000000080900000|100%| O|  |TAMS 0x0000000080900000, 0x0000000080800000| Untracked 
|   9|0x0000000080900000, 0x0000000080a00000, 0x0000000080a00000|100%| O|  |TAMS 0x0000000080a00000, 0x0000000080900000| Untracked 
|  10|0x0000000080a00000, 0x0000000080b00000, 0x0000000080b00000|100%| O|  |TAMS 0x0000000080b00000, 0x0000000080a00000| Untracked 
|  11|0x0000000080b00000, 0x0000000080c00000, 0x0000000080c00000|100%| O|  |TAMS 0x0000000080c00000, 0x0000000080b00000| Untracked 
|  12|0x0000000080c00000, 0x0000000080d00000, 0x0000000080d00000|100%| O|  |TAMS 0x0000000080d00000, 0x0000000080c00000| Untracked 
|  13|0x0000000080d00000, 0x0000000080e00000, 0x0000000080e00000|100%| O|  |TAMS 0x0000000080e00000, 0x0000000080d00000| Untracked 
|  14|0x0000000080e00000, 0x0000000080f00000, 0x0000000080f00000|100%| O|  |TAMS 0x0000000080f00000, 0x0000000080e00000| Untracked 
|  15|0x0000000080f00000, 0x0000000081000000, 0x0000000081000000|100%| O|  |TAMS 0x0000000081000000, 0x0000000080f00000| Untracked 
|  16|0x0000000081000000, 0x0000000081100000, 0x0000000081100000|100%|HS|  |TAMS 0x0000000081100000, 0x0000000081000000| Complete 
|  17|0x0000000081100000, 0x0000000081200000, 0x0000000081200000|100%|HC|  |TAMS 0x0000000081200000, 0x0000000081100000| Complete 
|  18|0x0000000081200000, 0x0000000081300000, 0x0000000081300000|100%|HS|  |TAMS 0x0000000081300000, 0x0000000081200000| Complete 
|  19|0x0000000081300000, 0x0000000081400000, 0x0000000081400000|100%|HC|  |TAMS 0x0000000081400000, 0x0000000081300000| Complete 
|  20|0x0000000081400000, 0x0000000081500000, 0x0000000081500000|100%|HC|  |TAMS 0x0000000081500000, 0x0000000081400000| Complete 
|  21|0x0000000081500000, 0x0000000081600000, 0x0000000081600000|100%|HS|  |TAMS 0x0000000081600000, 0x0000000081500000| Complete 
|  22|0x0000000081600000, 0x0000000081700000, 0x0000000081700000|100%|HC|  |TAMS 0x0000000081700000, 0x0000000081600000| Complete 
|  23|0x0000000081700000, 0x0000000081800000, 0x0000000081800000|100%|HC|  |TAMS 0x0000000081800000, 0x0000000081700000| Complete 
|  24|0x0000000081800000, 0x0000000081900000, 0x0000000081900000|100%|HS|  |TAMS 0x0000000081900000, 0x0000000081800000| Complete 
|  25|0x0000000081900000, 0x0000000081a00000, 0x0000000081a00000|100%|HC|  |TAMS 0x0000000081a00000, 0x0000000081900000| Complete 
|  26|0x0000000081a00000, 0x0000000081b00000, 0x0000000081b00000|100%|HS|  |TAMS 0x0000000081b00000, 0x0000000081a00000| Complete 
|  27|0x0000000081b00000, 0x0000000081c00000, 0x0000000081c00000|100%|HC|  |TAMS 0x0000000081c00000, 0x0000000081b00000| Complete 
|  28|0x0000000081c00000, 0x0000000081d00000, 0x0000000081d00000|100%|HC|  |TAMS 0x0000000081d00000, 0x0000000081c00000| Complete 
|  29|0x0000000081d00000, 0x0000000081e00000, 0x0000000081e00000|100%|HC|  |TAMS 0x0000000081e00000, 0x0000000081d00000| Complete 
|  30|0x0000000081e00000, 0x0000000081f00000, 0x0000000081f00000|100%|HC|  |TAMS 0x0000000081f00000, 0x0000000081e00000| Complete 
|  31|0x0000000081f00000, 0x0000000082000000, 0x0000000082000000|100%|HC|  |TAMS 0x0000000082000000, 0x0000000081f00000| Complete 
|  32|0x0000000082000000, 0x0000000082100000, 0x0000000082100000|100%|HC|  |TAMS 0x0000000082100000, 0x0000000082000000| Complete 
|  33|0x0000000082100000, 0x0000000082200000, 0x0000000082200000|100%|HC|  |TAMS 0x0000000082200000, 0x0000000082100000| Complete 
|  34|0x0000000082200000, 0x0000000082300000, 0x0000000082300000|100%|HC|  |TAMS 0x0000000082300000, 0x0000000082200000| Complete 
|  35|0x0000000082300000, 0x0000000082400000, 0x0000000082400000|100%|HC|  |TAMS 0x0000000082400000, 0x0000000082300000| Complete 
|  36|0x0000000082400000, 0x0000000082500000, 0x0000000082500000|100%|HS|  |TAMS 0x0000000082500000, 0x0000000082400000| Complete 
|  37|0x0000000082500000, 0x0000000082600000, 0x0000000082600000|100%|HC|  |TAMS 0x0000000082600000, 0x0000000082500000| Complete 
|  38|0x0000000082600000, 0x0000000082700000, 0x0000000082700000|100%|HS|  |TAMS 0x0000000082700000, 0x0000000082600000| Complete 
|  39|0x0000000082700000, 0x0000000082800000, 0x0000000082800000|100%|HC|  |TAMS 0x0000000082800000, 0x0000000082700000| Complete 
|  40|0x0000000082800000, 0x0000000082900000, 0x0000000082900000|100%|HC|  |TAMS 0x0000000082900000, 0x0000000082800000| Complete 
|  41|0x0000000082900000, 0x0000000082a00000, 0x0000000082a00000|100%|HC|  |TAMS 0x0000000082a00000, 0x0000000082900000| Complete 
|  42|0x0000000082a00000, 0x0000000082b00000, 0x0000000082b00000|100%|HC|  |TAMS 0x0000000082b00000, 0x0000000082a00000| Complete 
|  43|0x0000000082b00000, 0x0000000082c00000, 0x0000000082c00000|100%| O|  |TAMS 0x0000000082c00000, 0x0000000082b00000| Untracked 
|  44|0x0000000082c00000, 0x0000000082d00000, 0x0000000082d00000|100%| O|  |TAMS 0x0000000082d00000, 0x0000000082c00000| Untracked 
|  45|0x0000000082d00000, 0x0000000082e00000, 0x0000000082e00000|100%| O|  |TAMS 0x0000000082e00000, 0x0000000082d00000| Untracked 
|  46|0x0000000082e00000, 0x0000000082f00000, 0x0000000082f00000|100%| O|  |TAMS 0x0000000082f00000, 0x0000000082e00000| Untracked 
|  47|0x0000000082f00000, 0x0000000083000000, 0x0000000083000000|100%| O|  |TAMS 0x0000000083000000, 0x0000000082f00000| Untracked 
|  48|0x0000000083000000, 0x0000000083100000, 0x0000000083100000|100%| O|  |TAMS 0x0000000083100000, 0x0000000083000000| Untracked 
|  49|0x0000000083100000, 0x0000000083200000, 0x0000000083200000|100%| O|  |TAMS 0x0000000083200000, 0x0000000083100000| Untracked 
|  50|0x0000000083200000, 0x0000000083300000, 0x0000000083300000|100%| O|  |TAMS 0x0000000083300000, 0x0000000083200000| Untracked 
|  51|0x0000000083300000, 0x0000000083400000, 0x0000000083400000|100%| O|  |TAMS 0x0000000083400000, 0x0000000083300000| Untracked 
|  52|0x0000000083400000, 0x0000000083500000, 0x0000000083500000|100%|HS|  |TAMS 0x0000000083500000, 0x0000000083400000| Complete 
|  53|0x0000000083500000, 0x0000000083600000, 0x0000000083600000|100%|HC|  |TAMS 0x0000000083600000, 0x0000000083500000| Complete 
|  54|0x0000000083600000, 0x0000000083700000, 0x0000000083700000|100%|HC|  |TAMS 0x0000000083700000, 0x0000000083600000| Complete 
|  55|0x0000000083700000, 0x0000000083800000, 0x0000000083800000|100%| O|  |TAMS 0x0000000083800000, 0x0000000083700000| Untracked 
|  56|0x0000000083800000, 0x0000000083900000, 0x0000000083900000|100%| O|  |TAMS 0x0000000083900000, 0x0000000083800000| Untracked 
|  57|0x0000000083900000, 0x0000000083a00000, 0x0000000083a00000|100%| O|  |TAMS 0x0000000083a00000, 0x0000000083900000| Untracked 
|  58|0x0000000083a00000, 0x0000000083b00000, 0x0000000083b00000|100%| O|  |TAMS 0x0000000083b00000, 0x0000000083a00000| Untracked 
|  59|0x0000000083b00000, 0x0000000083c00000, 0x0000000083c00000|100%| O|  |TAMS 0x0000000083c00000, 0x0000000083b00000| Untracked 
|  60|0x0000000083c00000, 0x0000000083d00000, 0x0000000083d00000|100%| O|  |TAMS 0x0000000083d00000, 0x0000000083c00000| Untracked 
|  61|0x0000000083d00000, 0x0000000083e00000, 0x0000000083e00000|100%| O|  |TAMS 0x0000000083e00000, 0x0000000083d00000| Untracked 
|  62|0x0000000083e00000, 0x0000000083f00000, 0x0000000083f00000|100%|HS|  |TAMS 0x0000000083f00000, 0x0000000083e00000| Complete 
|  63|0x0000000083f00000, 0x0000000084000000, 0x0000000084000000|100%|HC|  |TAMS 0x0000000084000000, 0x0000000083f00000| Complete 
|  64|0x0000000084000000, 0x0000000084100000, 0x0000000084100000|100%|HC|  |TAMS 0x0000000084100000, 0x0000000084000000| Complete 
|  65|0x0000000084100000, 0x0000000084200000, 0x0000000084200000|100%|HS|  |TAMS 0x0000000084200000, 0x0000000084100000| Complete 
|  66|0x0000000084200000, 0x0000000084300000, 0x0000000084300000|100%|HC|  |TAMS 0x0000000084300000, 0x0000000084200000| Complete 
|  67|0x0000000084300000, 0x0000000084400000, 0x0000000084400000|100%|HS|  |TAMS 0x0000000084400000, 0x0000000084300000| Complete 
|  68|0x0000000084400000, 0x0000000084500000, 0x0000000084500000|100%|HC|  |TAMS 0x0000000084500000, 0x0000000084400000| Complete 
|  69|0x0000000084500000, 0x0000000084600000, 0x0000000084600000|100%|HC|  |TAMS 0x0000000084600000, 0x0000000084500000| Complete 
|  70|0x0000000084600000, 0x0000000084700000, 0x0000000084700000|100%|HC|  |TAMS 0x0000000084700000, 0x0000000084600000| Complete 
|  71|0x0000000084700000, 0x0000000084800000, 0x0000000084800000|100%|HC|  |TAMS 0x0000000084800000, 0x0000000084700000| Complete 
|  72|0x0000000084800000, 0x0000000084900000, 0x0000000084900000|100%|HC|  |TAMS 0x0000000084900000, 0x0000000084800000| Complete 
|  73|0x0000000084900000, 0x0000000084a00000, 0x0000000084a00000|100%|HC|  |TAMS 0x0000000084a00000, 0x0000000084900000| Complete 
|  74|0x0000000084a00000, 0x0000000084b00000, 0x0000000084b00000|100%|HC|  |TAMS 0x0000000084b00000, 0x0000000084a00000| Complete 
|  75|0x0000000084b00000, 0x0000000084c00000, 0x0000000084c00000|100%|HC|  |TAMS 0x0000000084c00000, 0x0000000084b00000| Complete 
|  76|0x0000000084c00000, 0x0000000084d00000, 0x0000000084d00000|100%|HC|  |TAMS 0x0000000084d00000, 0x0000000084c00000| Complete 
|  77|0x0000000084d00000, 0x0000000084e00000, 0x0000000084e00000|100%|HS|  |TAMS 0x0000000084e00000, 0x0000000084d00000| Complete 
|  78|0x0000000084e00000, 0x0000000084f00000, 0x0000000084f00000|100%|HC|  |TAMS 0x0000000084f00000, 0x0000000084e00000| Complete 
|  79|0x0000000084f00000, 0x0000000085000000, 0x0000000085000000|100%| O|  |TAMS 0x0000000085000000, 0x0000000084f00000| Untracked 
|  80|0x0000000085000000, 0x0000000085100000, 0x0000000085100000|100%| O|  |TAMS 0x0000000085100000, 0x0000000085000000| Untracked 
|  81|0x0000000085100000, 0x0000000085200000, 0x0000000085200000|100%| O|  |TAMS 0x0000000085200000, 0x0000000085100000| Untracked 
|  82|0x0000000085200000, 0x0000000085300000, 0x0000000085300000|100%| O|  |TAMS 0x0000000085300000, 0x0000000085200000| Untracked 
|  83|0x0000000085300000, 0x0000000085400000, 0x0000000085400000|100%| O|  |TAMS 0x0000000085400000, 0x0000000085300000| Untracked 
|  84|0x0000000085400000, 0x0000000085500000, 0x0000000085500000|100%|HS|  |TAMS 0x0000000085500000, 0x0000000085400000| Complete 
|  85|0x0000000085500000, 0x0000000085600000, 0x0000000085600000|100%|HC|  |TAMS 0x0000000085600000, 0x0000000085500000| Complete 
|  86|0x0000000085600000, 0x0000000085700000, 0x0000000085700000|100%|HC|  |TAMS 0x0000000085700000, 0x0000000085600000| Complete 
|  87|0x0000000085700000, 0x0000000085800000, 0x0000000085800000|100%|HC|  |TAMS 0x0000000085800000, 0x0000000085700000| Complete 
|  88|0x0000000085800000, 0x0000000085900000, 0x0000000085900000|100%|HC|  |TAMS 0x0000000085900000, 0x0000000085800000| Complete 
|  89|0x0000000085900000, 0x0000000085a00000, 0x0000000085a00000|100%| O|  |TAMS 0x0000000085a00000, 0x0000000085900000| Untracked 
|  90|0x0000000085a00000, 0x0000000085b00000, 0x0000000085b00000|100%| O|  |TAMS 0x0000000085b00000, 0x0000000085a00000| Untracked 
|  91|0x0000000085b00000, 0x0000000085c00000, 0x0000000085c00000|100%| O|  |TAMS 0x0000000085c00000, 0x0000000085b00000| Untracked 
|  92|0x0000000085c00000, 0x0000000085d00000, 0x0000000085d00000|100%| O|  |TAMS 0x0000000085d00000, 0x0000000085c00000| Untracked 
|  93|0x0000000085d00000, 0x0000000085e00000, 0x0000000085e00000|100%| O|  |TAMS 0x0000000085e00000, 0x0000000085d00000| Untracked 
|  94|0x0000000085e00000, 0x0000000085f00000, 0x0000000085f00000|100%| O|  |TAMS 0x0000000085f00000, 0x0000000085e00000| Untracked 
|  95|0x0000000085f00000, 0x0000000086000000, 0x0000000086000000|100%| O|  |TAMS 0x0000000086000000, 0x0000000085f00000| Untracked 
|  96|0x0000000086000000, 0x0000000086100000, 0x0000000086100000|100%|HS|  |TAMS 0x0000000086100000, 0x0000000086000000| Complete 
|  97|0x0000000086100000, 0x0000000086200000, 0x0000000086200000|100%|HS|  |TAMS 0x0000000086200000, 0x0000000086100000| Complete 
|  98|0x0000000086200000, 0x0000000086300000, 0x0000000086300000|100%| O|  |TAMS 0x0000000086300000, 0x0000000086200000| Untracked 
|  99|0x0000000086300000, 0x0000000086400000, 0x0000000086400000|100%| O|  |TAMS 0x0000000086400000, 0x0000000086300000| Untracked 
| 100|0x0000000086400000, 0x0000000086500000, 0x0000000086500000|100%| O|  |TAMS 0x0000000086500000, 0x0000000086400000| Untracked 
| 101|0x0000000086500000, 0x0000000086600000, 0x0000000086600000|100%| O|  |TAMS 0x0000000086600000, 0x0000000086500000| Untracked 
| 102|0x0000000086600000, 0x0000000086700000, 0x0000000086700000|100%| O|  |TAMS 0x0000000086700000, 0x0000000086600000| Untracked 
| 103|0x0000000086700000, 0x0000000086800000, 0x0000000086800000|100%| O|  |TAMS 0x0000000086800000, 0x0000000086700000| Untracked 
| 104|0x0000000086800000, 0x0000000086900000, 0x0000000086900000|100%| O|  |TAMS 0x0000000086900000, 0x0000000086800000| Untracked 
| 105|0x0000000086900000, 0x0000000086a00000, 0x0000000086a00000|100%| O|  |TAMS 0x0000000086a00000, 0x0000000086900000| Untracked 
| 106|0x0000000086a00000, 0x0000000086b00000, 0x0000000086b00000|100%| O|  |TAMS 0x0000000086b00000, 0x0000000086a00000| Untracked 
| 107|0x0000000086b00000, 0x0000000086c00000, 0x0000000086c00000|100%| O|  |TAMS 0x0000000086c00000, 0x0000000086b00000| Untracked 
| 108|0x0000000086c00000, 0x0000000086d00000, 0x0000000086d00000|100%| O|  |TAMS 0x0000000086d00000, 0x0000000086c00000| Untracked 
| 109|0x0000000086d00000, 0x0000000086e00000, 0x0000000086e00000|100%| O|  |TAMS 0x0000000086e00000, 0x0000000086d00000| Untracked 
| 110|0x0000000086e00000, 0x0000000086f00000, 0x0000000086f00000|100%| O|  |TAMS 0x0000000086f00000, 0x0000000086e00000| Untracked 
| 111|0x0000000086f00000, 0x0000000087000000, 0x0000000087000000|100%| O|  |TAMS 0x0000000087000000, 0x0000000086f00000| Untracked 
| 112|0x0000000087000000, 0x0000000087100000, 0x0000000087100000|100%| O|  |TAMS 0x0000000087100000, 0x0000000087000000| Untracked 
| 113|0x0000000087100000, 0x0000000087200000, 0x0000000087200000|100%| O|  |TAMS 0x0000000087200000, 0x0000000087100000| Untracked 
| 114|0x0000000087200000, 0x0000000087300000, 0x0000000087300000|100%| O|  |TAMS 0x0000000087300000, 0x0000000087200000| Untracked 
| 115|0x0000000087300000, 0x0000000087400000, 0x0000000087400000|100%| O|  |TAMS 0x0000000087400000, 0x0000000087300000| Untracked 
| 116|0x0000000087400000, 0x0000000087500000, 0x0000000087500000|100%| O|  |TAMS 0x0000000087500000, 0x0000000087400000| Untracked 
| 117|0x0000000087500000, 0x0000000087600000, 0x0000000087600000|100%| O|  |TAMS 0x0000000087600000, 0x0000000087500000| Untracked 
| 118|0x0000000087600000, 0x0000000087700000, 0x0000000087700000|100%| O|  |TAMS 0x0000000087700000, 0x0000000087600000| Untracked 
| 119|0x0000000087700000, 0x0000000087800000, 0x0000000087800000|100%|HS|  |TAMS 0x0000000087800000, 0x0000000087700000| Complete 
| 120|0x0000000087800000, 0x0000000087900000, 0x0000000087900000|100%|HC|  |TAMS 0x0000000087900000, 0x0000000087800000| Complete 
| 121|0x0000000087900000, 0x0000000087a00000, 0x0000000087a00000|100%|HS|  |TAMS 0x0000000087a00000, 0x0000000087900000| Complete 
| 122|0x0000000087a00000, 0x0000000087b00000, 0x0000000087b00000|100%|HC|  |TAMS 0x0000000087b00000, 0x0000000087a00000| Complete 
| 123|0x0000000087b00000, 0x0000000087c00000, 0x0000000087c00000|100%|HC|  |TAMS 0x0000000087c00000, 0x0000000087b00000| Complete 
| 124|0x0000000087c00000, 0x0000000087d00000, 0x0000000087d00000|100%|HS|  |TAMS 0x0000000087d00000, 0x0000000087c00000| Complete 
| 125|0x0000000087d00000, 0x0000000087e00000, 0x0000000087e00000|100%|HC|  |TAMS 0x0000000087e00000, 0x0000000087d00000| Complete 
| 126|0x0000000087e00000, 0x0000000087f00000, 0x0000000087f00000|100%|HC|  |TAMS 0x0000000087f00000, 0x0000000087e00000| Complete 
| 127|0x0000000087f00000, 0x0000000088000000, 0x0000000088000000|100%|HS|  |TAMS 0x0000000088000000, 0x0000000087f00000| Complete 
| 128|0x0000000088000000, 0x0000000088100000, 0x0000000088100000|100%|HC|  |TAMS 0x0000000088100000, 0x0000000088000000| Complete 
| 129|0x0000000088100000, 0x0000000088200000, 0x0000000088200000|100%|HS|  |TAMS 0x0000000088200000, 0x0000000088100000| Complete 
| 130|0x0000000088200000, 0x0000000088300000, 0x0000000088300000|100%|HC|  |TAMS 0x0000000088300000, 0x0000000088200000| Complete 
| 131|0x0000000088300000, 0x0000000088400000, 0x0000000088400000|100%| O|  |TAMS 0x0000000088400000, 0x0000000088300000| Untracked 
| 132|0x0000000088400000, 0x0000000088500000, 0x0000000088500000|100%| O|  |TAMS 0x0000000088500000, 0x0000000088400000| Untracked 
| 133|0x0000000088500000, 0x0000000088600000, 0x0000000088600000|100%| O|  |TAMS 0x0000000088600000, 0x0000000088500000| Untracked 
| 134|0x0000000088600000, 0x0000000088700000, 0x0000000088700000|100%| O|  |TAMS 0x0000000088700000, 0x0000000088600000| Untracked 
| 135|0x0000000088700000, 0x0000000088800000, 0x0000000088800000|100%| O|  |TAMS 0x0000000088800000, 0x0000000088700000| Untracked 
| 136|0x0000000088800000, 0x0000000088900000, 0x0000000088900000|100%| O|  |TAMS 0x0000000088900000, 0x0000000088800000| Untracked 
| 137|0x0000000088900000, 0x0000000088a00000, 0x0000000088a00000|100%|HS|  |TAMS 0x0000000088a00000, 0x0000000088900000| Complete 
| 138|0x0000000088a00000, 0x0000000088b00000, 0x0000000088b00000|100%|HC|  |TAMS 0x0000000088b00000, 0x0000000088a00000| Complete 
| 139|0x0000000088b00000, 0x0000000088c00000, 0x0000000088c00000|100%|HC|  |TAMS 0x0000000088c00000, 0x0000000088b00000| Complete 
| 140|0x0000000088c00000, 0x0000000088d00000, 0x0000000088d00000|100%|HC|  |TAMS 0x0000000088d00000, 0x0000000088c00000| Complete 
| 141|0x0000000088d00000, 0x0000000088e00000, 0x0000000088e00000|100%|HC|  |TAMS 0x0000000088e00000, 0x0000000088d00000| Complete 
| 142|0x0000000088e00000, 0x0000000088f00000, 0x0000000088f00000|100%|HC|  |TAMS 0x0000000088f00000, 0x0000000088e00000| Complete 
| 143|0x0000000088f00000, 0x0000000089000000, 0x0000000089000000|100%|HC|  |TAMS 0x0000000089000000, 0x0000000088f00000| Complete 
| 144|0x0000000089000000, 0x0000000089100000, 0x0000000089100000|100%|HC|  |TAMS 0x0000000089100000, 0x0000000089000000| Complete 
| 145|0x0000000089100000, 0x0000000089200000, 0x0000000089200000|100%|HC|  |TAMS 0x0000000089200000, 0x0000000089100000| Complete 
| 146|0x0000000089200000, 0x0000000089300000, 0x0000000089300000|100%|HC|  |TAMS 0x0000000089300000, 0x0000000089200000| Complete 
| 147|0x0000000089300000, 0x0000000089400000, 0x0000000089400000|100%| O|  |TAMS 0x0000000089400000, 0x0000000089300000| Untracked 
| 148|0x0000000089400000, 0x0000000089500000, 0x0000000089500000|100%| O|  |TAMS 0x0000000089500000, 0x0000000089400000| Untracked 
| 149|0x0000000089500000, 0x0000000089600000, 0x0000000089600000|100%| O|  |TAMS 0x0000000089600000, 0x0000000089500000| Untracked 
| 150|0x0000000089600000, 0x0000000089700000, 0x0000000089700000|100%| O|  |TAMS 0x0000000089700000, 0x0000000089600000| Untracked 
| 151|0x0000000089700000, 0x0000000089800000, 0x0000000089800000|100%| O|  |TAMS 0x0000000089800000, 0x0000000089700000| Untracked 
| 152|0x0000000089800000, 0x0000000089900000, 0x0000000089900000|100%|HS|  |TAMS 0x0000000089900000, 0x0000000089800000| Complete 
| 153|0x0000000089900000, 0x0000000089a00000, 0x0000000089a00000|100%|HC|  |TAMS 0x0000000089a00000, 0x0000000089900000| Complete 
| 154|0x0000000089a00000, 0x0000000089b00000, 0x0000000089b00000|100%|HC|  |TAMS 0x0000000089b00000, 0x0000000089a00000| Complete 
| 155|0x0000000089b00000, 0x0000000089c00000, 0x0000000089c00000|100%|HC|  |TAMS 0x0000000089c00000, 0x0000000089b00000| Complete 
| 156|0x0000000089c00000, 0x0000000089d00000, 0x0000000089d00000|100%|HC|  |TAMS 0x0000000089d00000, 0x0000000089c00000| Complete 
| 157|0x0000000089d00000, 0x0000000089e00000, 0x0000000089e00000|100%| O|  |TAMS 0x0000000089e00000, 0x0000000089d00000| Untracked 
| 158|0x0000000089e00000, 0x0000000089f00000, 0x0000000089f00000|100%| O|  |TAMS 0x0000000089f00000, 0x0000000089e00000| Untracked 
| 159|0x0000000089f00000, 0x000000008a000000, 0x000000008a000000|100%| O|  |TAMS 0x000000008a000000, 0x0000000089f00000| Untracked 
| 160|0x000000008a000000, 0x000000008a100000, 0x000000008a100000|100%| O|  |TAMS 0x000000008a100000, 0x000000008a000000| Untracked 
| 161|0x000000008a100000, 0x000000008a200000, 0x000000008a200000|100%| O|  |TAMS 0x000000008a200000, 0x000000008a100000| Untracked 
| 162|0x000000008a200000, 0x000000008a300000, 0x000000008a300000|100%| O|  |TAMS 0x000000008a300000, 0x000000008a200000| Untracked 
| 163|0x000000008a300000, 0x000000008a400000, 0x000000008a400000|100%| O|  |TAMS 0x000000008a400000, 0x000000008a300000| Untracked 
| 164|0x000000008a400000, 0x000000008a500000, 0x000000008a500000|100%| O|  |TAMS 0x000000008a500000, 0x000000008a400000| Untracked 
| 165|0x000000008a500000, 0x000000008a600000, 0x000000008a600000|100%| O|  |TAMS 0x000000008a5d1e00, 0x000000008a500000| Untracked 
| 166|0x000000008a600000, 0x000000008a700000, 0x000000008a700000|100%| O|  |TAMS 0x000000008a600000, 0x000000008a600000| Untracked 
| 167|0x000000008a700000, 0x000000008a7b7400, 0x000000008a800000| 71%| O|  |TAMS 0x000000008a700000, 0x000000008a700000| Untracked 
| 168|0x000000008a800000, 0x000000008a800000, 0x000000008a900000|  0%| F|  |TAMS 0x000000008a800000, 0x000000008a800000| Untracked 
| 169|0x000000008a900000, 0x000000008a900000, 0x000000008aa00000|  0%| F|  |TAMS 0x000000008a900000, 0x000000008a900000| Untracked 
| 170|0x000000008aa00000, 0x000000008aa00000, 0x000000008ab00000|  0%| F|  |TAMS 0x000000008aa00000, 0x000000008aa00000| Untracked 
| 171|0x000000008ab00000, 0x000000008ab00000, 0x000000008ac00000|  0%| F|  |TAMS 0x000000008ab00000, 0x000000008ab00000| Untracked 
| 172|0x000000008ac00000, 0x000000008ac00000, 0x000000008ad00000|  0%| F|  |TAMS 0x000000008ac00000, 0x000000008ac00000| Untracked 
| 173|0x000000008ad00000, 0x000000008ad00000, 0x000000008ae00000|  0%| F|  |TAMS 0x000000008ad00000, 0x000000008ad00000| Untracked 
| 174|0x000000008ae00000, 0x000000008ae00000, 0x000000008af00000|  0%| F|  |TAMS 0x000000008ae00000, 0x000000008ae00000| Untracked 
| 175|0x000000008af00000, 0x000000008af00000, 0x000000008b000000|  0%| F|  |TAMS 0x000000008af00000, 0x000000008af00000| Untracked 
| 176|0x000000008b000000, 0x000000008b000000, 0x000000008b100000|  0%| F|  |TAMS 0x000000008b000000, 0x000000008b000000| Untracked 
| 177|0x000000008b100000, 0x000000008b100000, 0x000000008b200000|  0%| F|  |TAMS 0x000000008b100000, 0x000000008b100000| Untracked 
| 178|0x000000008b200000, 0x000000008b200000, 0x000000008b300000|  0%| F|  |TAMS 0x000000008b200000, 0x000000008b200000| Untracked 
| 179|0x000000008b300000, 0x000000008b300000, 0x000000008b400000|  0%| F|  |TAMS 0x000000008b300000, 0x000000008b300000| Untracked 
| 180|0x000000008b400000, 0x000000008b400000, 0x000000008b500000|  0%| F|  |TAMS 0x000000008b400000, 0x000000008b400000| Untracked 
| 181|0x000000008b500000, 0x000000008b500000, 0x000000008b600000|  0%| F|  |TAMS 0x000000008b500000, 0x000000008b500000| Untracked 
| 182|0x000000008b600000, 0x000000008b600000, 0x000000008b700000|  0%| F|  |TAMS 0x000000008b600000, 0x000000008b600000| Untracked 
| 183|0x000000008b700000, 0x000000008b700000, 0x000000008b800000|  0%| F|  |TAMS 0x000000008b700000, 0x000000008b700000| Untracked 
| 184|0x000000008b800000, 0x000000008b800000, 0x000000008b900000|  0%| F|  |TAMS 0x000000008b800000, 0x000000008b800000| Untracked 
| 185|0x000000008b900000, 0x000000008b900000, 0x000000008ba00000|  0%| F|  |TAMS 0x000000008b900000, 0x000000008b900000| Untracked 
| 186|0x000000008ba00000, 0x000000008ba00000, 0x000000008bb00000|  0%| F|  |TAMS 0x000000008ba00000, 0x000000008ba00000| Untracked 
| 187|0x000000008bb00000, 0x000000008bb00000, 0x000000008bc00000|  0%| F|  |TAMS 0x000000008bb00000, 0x000000008bb00000| Untracked 
| 188|0x000000008bc00000, 0x000000008bc00000, 0x000000008bd00000|  0%| F|  |TAMS 0x000000008bc00000, 0x000000008bc00000| Untracked 
| 189|0x000000008bd00000, 0x000000008bd00000, 0x000000008be00000|  0%| F|  |TAMS 0x000000008bd00000, 0x000000008bd00000| Untracked 
| 190|0x000000008be00000, 0x000000008be00000, 0x000000008bf00000|  0%| F|  |TAMS 0x000000008be00000, 0x000000008be00000| Untracked 
| 191|0x000000008bf00000, 0x000000008bf00000, 0x000000008c000000|  0%| F|  |TAMS 0x000000008bf00000, 0x000000008bf00000| Untracked 
| 192|0x000000008c000000, 0x000000008c000000, 0x000000008c100000|  0%| F|  |TAMS 0x000000008c000000, 0x000000008c000000| Untracked 
| 193|0x000000008c100000, 0x000000008c100000, 0x000000008c200000|  0%| F|  |TAMS 0x000000008c100000, 0x000000008c100000| Untracked 
| 194|0x000000008c200000, 0x000000008c200000, 0x000000008c300000|  0%| F|  |TAMS 0x000000008c200000, 0x000000008c200000| Untracked 
| 195|0x000000008c300000, 0x000000008c300000, 0x000000008c400000|  0%| F|  |TAMS 0x000000008c300000, 0x000000008c300000| Untracked 
| 196|0x000000008c400000, 0x000000008c400000, 0x000000008c500000|  0%| F|  |TAMS 0x000000008c400000, 0x000000008c400000| Untracked 
| 197|0x000000008c500000, 0x000000008c500000, 0x000000008c600000|  0%| F|  |TAMS 0x000000008c500000, 0x000000008c500000| Untracked 
| 198|0x000000008c600000, 0x000000008c600000, 0x000000008c700000|  0%| F|  |TAMS 0x000000008c600000, 0x000000008c600000| Untracked 
| 199|0x000000008c700000, 0x000000008c700000, 0x000000008c800000|  0%| F|  |TAMS 0x000000008c700000, 0x000000008c700000| Untracked 
| 200|0x000000008c800000, 0x000000008c800000, 0x000000008c900000|  0%| F|  |TAMS 0x000000008c800000, 0x000000008c800000| Untracked 
| 201|0x000000008c900000, 0x000000008c900000, 0x000000008ca00000|  0%| F|  |TAMS 0x000000008c900000, 0x000000008c900000| Untracked 
| 202|0x000000008ca00000, 0x000000008caf32f0, 0x000000008cb00000| 94%| S|CS|TAMS 0x000000008ca00000, 0x000000008ca00000| Complete 
| 203|0x000000008cb00000, 0x000000008cc00000, 0x000000008cc00000|100%| S|CS|TAMS 0x000000008cb00000, 0x000000008cb00000| Complete 
| 204|0x000000008cc00000, 0x000000008cd00000, 0x000000008cd00000|100%| S|CS|TAMS 0x000000008cc00000, 0x000000008cc00000| Complete 
| 205|0x000000008cd00000, 0x000000008cd00000, 0x000000008ce00000|  0%| F|  |TAMS 0x000000008cd00000, 0x000000008cd00000| Untracked 
| 206|0x000000008ce00000, 0x000000008ce00000, 0x000000008cf00000|  0%| F|  |TAMS 0x000000008ce00000, 0x000000008ce00000| Untracked 
| 207|0x000000008cf00000, 0x000000008cf00000, 0x000000008d000000|  0%| F|  |TAMS 0x000000008cf00000, 0x000000008cf00000| Untracked 
| 208|0x000000008d000000, 0x000000008d000000, 0x000000008d100000|  0%| F|  |TAMS 0x000000008d000000, 0x000000008d000000| Untracked 
| 209|0x000000008d100000, 0x000000008d100000, 0x000000008d200000|  0%| F|  |TAMS 0x000000008d100000, 0x000000008d100000| Untracked 
| 210|0x000000008d200000, 0x000000008d200000, 0x000000008d300000|  0%| F|  |TAMS 0x000000008d200000, 0x000000008d200000| Untracked 
| 211|0x000000008d300000, 0x000000008d300000, 0x000000008d400000|  0%| F|  |TAMS 0x000000008d300000, 0x000000008d300000| Untracked 
| 212|0x000000008d400000, 0x000000008d400000, 0x000000008d500000|  0%| F|  |TAMS 0x000000008d400000, 0x000000008d400000| Untracked 
| 213|0x000000008d500000, 0x000000008d500000, 0x000000008d600000|  0%| F|  |TAMS 0x000000008d500000, 0x000000008d500000| Untracked 
| 214|0x000000008d600000, 0x000000008d600000, 0x000000008d700000|  0%| F|  |TAMS 0x000000008d600000, 0x000000008d600000| Untracked 
| 215|0x000000008d700000, 0x000000008d700000, 0x000000008d800000|  0%| F|  |TAMS 0x000000008d700000, 0x000000008d700000| Untracked 
| 216|0x000000008d800000, 0x000000008d800000, 0x000000008d900000|  0%| F|  |TAMS 0x000000008d800000, 0x000000008d800000| Untracked 
| 217|0x000000008d900000, 0x000000008d900000, 0x000000008da00000|  0%| F|  |TAMS 0x000000008d900000, 0x000000008d900000| Untracked 
| 218|0x000000008da00000, 0x000000008da00000, 0x000000008db00000|  0%| F|  |TAMS 0x000000008da00000, 0x000000008da00000| Untracked 
| 219|0x000000008db00000, 0x000000008db00000, 0x000000008dc00000|  0%| F|  |TAMS 0x000000008db00000, 0x000000008db00000| Untracked 
| 220|0x000000008dc00000, 0x000000008dc00000, 0x000000008dd00000|  0%| F|  |TAMS 0x000000008dc00000, 0x000000008dc00000| Untracked 
| 221|0x000000008dd00000, 0x000000008dd00000, 0x000000008de00000|  0%| F|  |TAMS 0x000000008dd00000, 0x000000008dd00000| Untracked 
| 222|0x000000008de00000, 0x000000008de7c138, 0x000000008df00000| 48%| E|  |TAMS 0x000000008de00000, 0x000000008de00000| Complete 
| 223|0x000000008df00000, 0x000000008e000000, 0x000000008e000000|100%| E|CS|TAMS 0x000000008df00000, 0x000000008df00000| Complete 
| 224|0x000000008e000000, 0x000000008e100000, 0x000000008e100000|100%| E|CS|TAMS 0x000000008e000000, 0x000000008e000000| Complete 
| 225|0x000000008e100000, 0x000000008e200000, 0x000000008e200000|100%| E|CS|TAMS 0x000000008e100000, 0x000000008e100000| Complete 
| 226|0x000000008e200000, 0x000000008e300000, 0x000000008e300000|100%| E|CS|TAMS 0x000000008e200000, 0x000000008e200000| Complete 
| 227|0x000000008e300000, 0x000000008e400000, 0x000000008e400000|100%| E|CS|TAMS 0x000000008e300000, 0x000000008e300000| Complete 
| 228|0x000000008e400000, 0x000000008e500000, 0x000000008e500000|100%| E|CS|TAMS 0x000000008e400000, 0x000000008e400000| Complete 
| 229|0x000000008e500000, 0x000000008e600000, 0x000000008e600000|100%| E|CS|TAMS 0x000000008e500000, 0x000000008e500000| Complete 
| 230|0x000000008e600000, 0x000000008e700000, 0x000000008e700000|100%| E|CS|TAMS 0x000000008e600000, 0x000000008e600000| Complete 
| 231|0x000000008e700000, 0x000000008e800000, 0x000000008e800000|100%| E|CS|TAMS 0x000000008e700000, 0x000000008e700000| Complete 
| 232|0x000000008e800000, 0x000000008e900000, 0x000000008e900000|100%| E|CS|TAMS 0x000000008e800000, 0x000000008e800000| Complete 
| 233|0x000000008e900000, 0x000000008ea00000, 0x000000008ea00000|100%| E|CS|TAMS 0x000000008e900000, 0x000000008e900000| Complete 
| 234|0x000000008ea00000, 0x000000008eb00000, 0x000000008eb00000|100%| E|CS|TAMS 0x000000008ea00000, 0x000000008ea00000| Complete 
| 235|0x000000008eb00000, 0x000000008ec00000, 0x000000008ec00000|100%| E|CS|TAMS 0x000000008eb00000, 0x000000008eb00000| Complete 

Card table byte_map: [0x000001cbb29e0000,0x000001cbb2de0000] _byte_map_base: 0x000001cbb25e0000

Marking Bits (Prev, Next): (CMBitMap*) 0x000001cb9f7b9bb0, (CMBitMap*) 0x000001cb9f7b9b78
 Prev Bits: [0x000001cbb51e0000, 0x000001cbb71e0000)
 Next Bits: [0x000001cbb31e0000, 0x000001cbb51e0000)

Polling page: 0x000001cb9ef50000

Metaspace:

Usage:
  Non-class:     89.00 MB capacity,    87.16 MB ( 98%) used,     1.54 MB (  2%) free+waste,   316.25 KB ( <1%) overhead. 
      Class:     13.87 MB capacity,    12.79 MB ( 92%) used,   957.26 KB (  7%) free+waste,   144.62 KB (  1%) overhead. 
       Both:    102.87 MB capacity,    99.95 MB ( 97%) used,     2.47 MB (  2%) free+waste,   460.88 KB ( <1%) overhead. 

Virtual space:
  Non-class space:       90.00 MB reserved,      89.08 MB ( 99%) committed 
      Class space:        1.00 GB reserved,      13.88 MB (  1%) committed 
             Both:        1.09 GB reserved,     102.95 MB (  9%) committed 

Chunk freelists:
   Non-Class:  13.00 KB
       Class:  5.00 KB
        Both:  18.00 KB

MaxMetaspaceSize: 17179869184.00 GB
CompressedClassSpaceSize: 1.00 GB
Initial GC threshold: 20.80 MB
Current GC threshold: 169.09 MB
CDS: off

CodeHeap 'non-profiled nmethods': size=120000Kb used=5942Kb max_used=5942Kb free=114057Kb
 bounds [0x000001cbaad70000, 0x000001cbab340000, 0x000001cbb22a0000]
CodeHeap 'profiled nmethods': size=120000Kb used=25603Kb max_used=25603Kb free=94396Kb
 bounds [0x000001cba3840000, 0x000001cba5150000, 0x000001cbaad70000]
CodeHeap 'non-nmethods': size=5760Kb used=2430Kb max_used=2476Kb free=3329Kb
 bounds [0x000001cba32a0000, 0x000001cba3520000, 0x000001cba3840000]
 total_blobs=12519 nmethods=11556 adapters=874
 compilation: enabled
              stopped_count=0, restarted_count=0
 full_count=0

Compilation events (20 events):
Event: 132.067 Thread 0x000001cbb9cdd000 nmethod 11919 0x000001cba513a110 code [0x000001cba513a2e0, 0x000001cba513a468]
Event: 135.429 Thread 0x000001cbb9cdd000 11920       3       java.lang.Class::getEnumConstants (21 bytes)
Event: 135.430 Thread 0x000001cbb9cdd000 nmethod 11920 0x000001cba513a510 code [0x000001cba513a6e0, 0x000001cba513aa18]
Event: 135.457 Thread 0x000001cbba641800 11921       4       java.util.Arrays::copyOf (10 bytes)
Event: 135.464 Thread 0x000001cbba641800 nmethod 11921 0x000001cbab33ce10 code [0x000001cbab33cfa0, 0x000001cbab33d198]
Event: 135.464 Thread 0x000001cbba641800 11922       4       java.io.DataOutputStream::writeLong (118 bytes)
Event: 135.467 Thread 0x000001cbb9cdd000 11923       3       org.gradle.internal.logging.text.AbstractStyledTextOutput::style (20 bytes)
Event: 135.468 Thread 0x000001cbb9cdd000 nmethod 11923 0x000001cba513ab10 code [0x000001cba513ace0, 0x000001cba513af48]
Event: 135.469 Thread 0x000001cbba641800 nmethod 11922 0x000001cbab33d290 code [0x000001cbab33d420, 0x000001cbab33d578]
Event: 135.475 Thread 0x000001cbb9cdd000 11924       3       java.util.HashMap$KeySet::contains (9 bytes)
Event: 135.476 Thread 0x000001cbb9cdd000 nmethod 11924 0x000001cba513b010 code [0x000001cba513b1c0, 0x000001cba513b388]
Event: 135.476 Thread 0x000001cbb9cdd000 11926       3       java.lang.ProcessEnvironment::put (16 bytes)
Event: 135.478 Thread 0x000001cbb9cdd000 nmethod 11926 0x000001cba513b490 code [0x000001cba513b6a0, 0x000001cba513bad8]
Event: 135.478 Thread 0x000001cbb9cdd000 11925       1       org.gradle.internal.os.OperatingSystem$Windows::isWindows (2 bytes)
Event: 135.478 Thread 0x000001cbb9cdd000 nmethod 11925 0x000001cbab33d690 code [0x000001cbab33d840, 0x000001cbab33d8f8]
Event: 135.478 Thread 0x000001cbb9cdd000 11927       3       java.lang.reflect.AccessibleObject::logIfOpenedForIllegalAccess (54 bytes)
Event: 135.479 Thread 0x000001cbba641800 11929       4       java.lang.reflect.AccessibleObject::checkCanSetAccessible (386 bytes)
Event: 135.480 Thread 0x000001cbb9cdd000 nmethod 11927 0x000001cba513bc90 code [0x000001cba513bec0, 0x000001cba513c6c8]
Event: 135.480 Thread 0x000001cbb9cdd000 11928       3       java.lang.ProcessEnvironment::put (13 bytes)
Event: 135.482 Thread 0x000001cbb9cdd000 nmethod 11928 0x000001cba513ca10 code [0x000001cba513cc20, 0x000001cba513d278]

GC Heap History (20 events):
Event: 91.497 GC heap before
{Heap before GC invocations=81 (full 0):
 garbage-first heap   total 200704K, used 173146K [0x0000000080000000, 0x0000000100000000)
  region size 1024K, 15 young (15360K), 1 survivors (1024K)
 Metaspace       used 87697K, capacity 90138K, committed 90320K, reserved 1128448K
  class space    used 11376K, capacity 12312K, committed 12416K, reserved 1048576K
}
Event: 91.513 GC heap after
{Heap after GC invocations=82 (full 0):
 garbage-first heap   total 200704K, used 159246K [0x0000000080000000, 0x0000000100000000)
  region size 1024K, 2 young (2048K), 2 survivors (2048K)
 Metaspace       used 87697K, capacity 90138K, committed 90320K, reserved 1128448K
  class space    used 11376K, capacity 12312K, committed 12416K, reserved 1048576K
}
Event: 94.374 GC heap before
{Heap before GC invocations=83 (full 0):
 garbage-first heap   total 200704K, used 173582K [0x0000000080000000, 0x0000000100000000)
  region size 1024K, 16 young (16384K), 2 survivors (2048K)
 Metaspace       used 89051K, capacity 91487K, committed 91728K, reserved 1128448K
  class space    used 11603K, capacity 12519K, committed 12544K, reserved 1048576K
}
Event: 94.391 GC heap after
{Heap after GC invocations=84 (full 0):
 garbage-first heap   total 200704K, used 159996K [0x0000000080000000, 0x0000000100000000)
  region size 1024K, 2 young (2048K), 2 survivors (2048K)
 Metaspace       used 89051K, capacity 91487K, committed 91728K, reserved 1128448K
  class space    used 11603K, capacity 12519K, committed 12544K, reserved 1048576K
}
Event: 96.168 GC heap before
{Heap before GC invocations=84 (full 0):
 garbage-first heap   total 200704K, used 174332K [0x0000000080000000, 0x0000000100000000)
  region size 1024K, 16 young (16384K), 2 survivors (2048K)
 Metaspace       used 91394K, capacity 93986K, committed 94032K, reserved 1130496K
  class space    used 11888K, capacity 12794K, committed 12800K, reserved 1048576K
}
Event: 96.189 GC heap after
{Heap after GC invocations=85 (full 0):
 garbage-first heap   total 241664K, used 160851K [0x0000000080000000, 0x0000000100000000)
  region size 1024K, 2 young (2048K), 2 survivors (2048K)
 Metaspace       used 91394K, capacity 93986K, committed 94032K, reserved 1130496K
  class space    used 11888K, capacity 12794K, committed 12800K, reserved 1048576K
}
Event: 98.135 GC heap before
{Heap before GC invocations=86 (full 0):
 garbage-first heap   total 241664K, used 193619K [0x0000000080000000, 0x0000000100000000)
  region size 1024K, 34 young (34816K), 2 survivors (2048K)
 Metaspace       used 94201K, capacity 96938K, committed 97232K, reserved 1132544K
  class space    used 12323K, capacity 13321K, committed 13440K, reserved 1048576K
}
Event: 98.149 GC heap after
{Heap after GC invocations=87 (full 0):
 garbage-first heap   total 241664K, used 162852K [0x0000000080000000, 0x0000000100000000)
  region size 1024K, 4 young (4096K), 4 survivors (4096K)
 Metaspace       used 94201K, capacity 96938K, committed 97232K, reserved 1132544K
  class space    used 12323K, capacity 13321K, committed 13440K, reserved 1048576K
}
Event: 103.919 GC heap before
{Heap before GC invocations=87 (full 0):
 garbage-first heap   total 241664K, used 194596K [0x0000000080000000, 0x0000000100000000)
  region size 1024K, 36 young (36864K), 4 survivors (4096K)
 Metaspace       used 97494K, capacity 100337K, committed 100560K, reserved 1136640K
  class space    used 12593K, capacity 13603K, committed 13696K, reserved 1048576K
}
Event: 103.948 GC heap after
{Heap after GC invocations=88 (full 0):
 garbage-first heap   total 241664K, used 165841K [0x0000000080000000, 0x0000000100000000)
  region size 1024K, 5 young (5120K), 5 survivors (5120K)
 Metaspace       used 97494K, capacity 100337K, committed 100560K, reserved 1136640K
  class space    used 12593K, capacity 13603K, committed 13696K, reserved 1048576K
}
Event: 105.669 GC heap before
{Heap before GC invocations=89 (full 0):
 garbage-first heap   total 241664K, used 197585K [0x0000000080000000, 0x0000000100000000)
  region size 1024K, 37 young (37888K), 5 survivors (5120K)
 Metaspace       used 97736K, capacity 100504K, committed 100816K, reserved 1136640K
  class space    used 12598K, capacity 13607K, committed 13696K, reserved 1048576K
}
Event: 105.688 GC heap after
{Heap after GC invocations=90 (full 0):
 garbage-first heap   total 241664K, used 167910K [0x0000000080000000, 0x0000000100000000)
  region size 1024K, 3 young (3072K), 3 survivors (3072K)
 Metaspace       used 97736K, capacity 100504K, committed 100816K, reserved 1136640K
  class space    used 12598K, capacity 13607K, committed 13696K, reserved 1048576K
}
Event: 109.044 GC heap before
{Heap before GC invocations=90 (full 0):
 garbage-first heap   total 241664K, used 199654K [0x0000000080000000, 0x0000000100000000)
  region size 1024K, 35 young (35840K), 3 survivors (3072K)
 Metaspace       used 98725K, capacity 101403K, committed 101584K, reserved 1136640K
  class space    used 12669K, capacity 13654K, committed 13696K, reserved 1048576K
}
Event: 109.061 GC heap after
{Heap after GC invocations=91 (full 0):
 garbage-first heap   total 241664K, used 170036K [0x0000000080000000, 0x0000000100000000)
  region size 1024K, 5 young (5120K), 5 survivors (5120K)
 Metaspace       used 98725K, capacity 101403K, committed 101584K, reserved 1136640K
  class space    used 12669K, capacity 13654K, committed 13696K, reserved 1048576K
}
Event: 110.996 GC heap before
{Heap before GC invocations=92 (full 0):
 garbage-first heap   total 241664K, used 202804K [0x0000000080000000, 0x0000000100000000)
  region size 1024K, 37 young (37888K), 5 survivors (5120K)
 Metaspace       used 99190K, capacity 101973K, committed 102224K, reserved 1138688K
  class space    used 12703K, capacity 13710K, committed 13824K, reserved 1048576K
}
Event: 111.014 GC heap after
{Heap after GC invocations=93 (full 0):
 garbage-first heap   total 241664K, used 171774K [0x0000000080000000, 0x0000000100000000)
  region size 1024K, 5 young (5120K), 5 survivors (5120K)
 Metaspace       used 99190K, capacity 101973K, committed 102224K, reserved 1138688K
  class space    used 12703K, capacity 13710K, committed 13824K, reserved 1048576K
}
Event: 111.869 GC heap before
{Heap before GC invocations=93 (full 0):
 garbage-first heap   total 241664K, used 203518K [0x0000000080000000, 0x0000000100000000)
  region size 1024K, 37 young (37888K), 5 survivors (5120K)
 Metaspace       used 100494K, capacity 103306K, committed 103632K, reserved 1138688K
  class space    used 12859K, capacity 13875K, committed 13952K, reserved 1048576K
}
Event: 111.890 GC heap after
{Heap after GC invocations=94 (full 0):
 garbage-first heap   total 241664K, used 174091K [0x0000000080000000, 0x0000000100000000)
  region size 1024K, 5 young (5120K), 5 survivors (5120K)
 Metaspace       used 100494K, capacity 103306K, committed 103632K, reserved 1138688K
  class space    used 12859K, capacity 13875K, committed 13952K, reserved 1048576K
}
Event: 112.386 GC heap before
{Heap before GC invocations=94 (full 0):
 garbage-first heap   total 241664K, used 205835K [0x0000000080000000, 0x0000000100000000)
  region size 1024K, 36 young (36864K), 5 survivors (5120K)
 Metaspace       used 101280K, capacity 104106K, committed 104272K, reserved 1140736K
  class space    used 12960K, capacity 13971K, committed 14080K, reserved 1048576K
}
Event: 112.406 GC heap after
{Heap after GC invocations=95 (full 0):
 garbage-first heap   total 241664K, used 174761K [0x0000000080000000, 0x0000000100000000)
  region size 1024K, 3 young (3072K), 3 survivors (3072K)
 Metaspace       used 101280K, capacity 104106K, committed 104272K, reserved 1140736K
  class space    used 12960K, capacity 13971K, committed 14080K, reserved 1048576K
}

Deoptimization events (20 events):
Event: 114.657 Thread 0x000001cbbc705000 DEOPT PACKING pc=0x000001cbab2af160 sp=0x0000003af75fce00
Event: 114.658 Thread 0x000001cbbc705000 DEOPT UNPACKING pc=0x000001cba32ea1af sp=0x0000003af75fcd20 mode 2
Event: 114.658 Thread 0x000001cbbc705000 Uncommon trap: trap_request=0xffffffc6 fr.pc=0x000001cbab2af160 relative=0x0000000000000380
Event: 114.658 Thread 0x000001cbbc705000 Uncommon trap: reason=bimorphic_or_optimized_type_check action=maybe_recompile pc=0x000001cbab2af160 method=com.google.common.collect.NaturalOrdering.compare(Ljava/lang/Comparable;Ljava/lang/Comparable;)I @ 12 c2
Event: 114.658 Thread 0x000001cbbc705000 DEOPT PACKING pc=0x000001cbab2af160 sp=0x0000003af75fce40
Event: 114.658 Thread 0x000001cbbc705000 DEOPT UNPACKING pc=0x000001cba32ea1af sp=0x0000003af75fcd60 mode 2
Event: 114.658 Thread 0x000001cbbc705000 Uncommon trap: trap_request=0xffffffc6 fr.pc=0x000001cbab2af160 relative=0x0000000000000380
Event: 114.658 Thread 0x000001cbbc705000 Uncommon trap: reason=bimorphic_or_optimized_type_check action=maybe_recompile pc=0x000001cbab2af160 method=com.google.common.collect.NaturalOrdering.compare(Ljava/lang/Comparable;Ljava/lang/Comparable;)I @ 12 c2
Event: 114.658 Thread 0x000001cbbc705000 DEOPT PACKING pc=0x000001cbab2af160 sp=0x0000003af75fce80
Event: 114.658 Thread 0x000001cbbc705000 DEOPT UNPACKING pc=0x000001cba32ea1af sp=0x0000003af75fcda0 mode 2
Event: 114.999 Thread 0x000001cbba98a000 Uncommon trap: trap_request=0xffffff4d fr.pc=0x000001cbab32749c relative=0x000000000000007c
Event: 114.999 Thread 0x000001cbba98a000 Uncommon trap: reason=unstable_if action=reinterpret pc=0x000001cbab32749c method=org.gradle.launcher.daemon.server.exec.DaemonConnectionBackedEventConsumer$ForwardEvents.moreMessagesToSend()Z @ 11 c2
Event: 114.999 Thread 0x000001cbba98a000 DEOPT PACKING pc=0x000001cbab32749c sp=0x0000003af78fefc0
Event: 114.999 Thread 0x000001cbba98a000 DEOPT UNPACKING pc=0x000001cba32ea1af sp=0x0000003af78fef60 mode 2
Event: 115.037 Thread 0x000001cbbb573000 DEOPT PACKING pc=0x000001cba4956800 sp=0x0000003af72fda50
Event: 115.037 Thread 0x000001cbbb573000 DEOPT UNPACKING pc=0x000001cba32ea95e sp=0x0000003af72fcfc8 mode 0
Event: 115.044 Thread 0x000001cbbbf40800 Uncommon trap: trap_request=0xffffff4d fr.pc=0x000001cbab2b9e0c relative=0x00000000000004ec
Event: 115.044 Thread 0x000001cbbbf40800 Uncommon trap: reason=unstable_if action=reinterpret pc=0x000001cbab2b9e0c method=com.esotericsoftware.kryo.io.Input.require(I)I @ 180 c2
Event: 115.044 Thread 0x000001cbbbf40800 DEOPT PACKING pc=0x000001cbab2b9e0c sp=0x0000003af73fef10
Event: 115.044 Thread 0x000001cbbbf40800 DEOPT UNPACKING pc=0x000001cba32ea1af sp=0x0000003af73fed80 mode 2

Classes redefined (0 events):
No events

Internal exceptions (20 events):
Event: 111.648 Thread 0x000001cbbc705000 Exception <a 'java/lang/ClassNotFoundException'{0x000000008d651bb0}: org/gradle/api/internal/tasks/DefaultTaskContainer_DecoratedCustomizer> (0x000000008d651bb0) thrown at [src/hotspot/share/classfile/systemDictionary.cpp, line 230]
Event: 111.673 Thread 0x000001cbbc705000 Exception <a 'java/lang/ClassNotFoundException'{0x000000008d5cfc68}: java/util/ArrayListBeanInfo> (0x000000008d5cfc68) thrown at [src/hotspot/share/classfile/systemDictionary.cpp, line 230]
Event: 111.674 Thread 0x000001cbbc705000 Exception <a 'java/lang/ClassNotFoundException'{0x000000008d5d9a08}: java/util/AbstractListBeanInfo> (0x000000008d5d9a08) thrown at [src/hotspot/share/classfile/systemDictionary.cpp, line 230]
Event: 111.674 Thread 0x000001cbbc705000 Exception <a 'java/lang/ClassNotFoundException'{0x000000008d5e37b8}: java/util/AbstractListCustomizer> (0x000000008d5e37b8) thrown at [src/hotspot/share/classfile/systemDictionary.cpp, line 230]
Event: 111.676 Thread 0x000001cbbc705000 Exception <a 'java/lang/ClassNotFoundException'{0x000000008d5f8200}: java/util/ArrayListCustomizer> (0x000000008d5f8200) thrown at [src/hotspot/share/classfile/systemDictionary.cpp, line 230]
Event: 111.691 Thread 0x000001cbbc705000 Exception <a 'java/lang/ClassNotFoundException'{0x000000008d492470}: java/util/CollectionBeanInfo> (0x000000008d492470) thrown at [src/hotspot/share/classfile/systemDictionary.cpp, line 230]
Event: 111.692 Thread 0x000001cbbc705000 Exception <a 'java/lang/ClassNotFoundException'{0x000000008d49c1e0}: java/util/CollectionCustomizer> (0x000000008d49c1e0) thrown at [src/hotspot/share/classfile/systemDictionary.cpp, line 230]
Event: 111.718 Thread 0x000001cbbc705000 Exception <a 'java/lang/ClassNotFoundException'{0x000000008d329638}: org/gradle/api/tasks/SourceSetBeanInfo> (0x000000008d329638) thrown at [src/hotspot/share/classfile/systemDictionary.cpp, line 230]
Event: 111.720 Thread 0x000001cbbc705000 Exception <a 'java/lang/ClassNotFoundException'{0x000000008d349040}: org/gradle/api/tasks/SourceSetCustomizer> (0x000000008d349040) thrown at [src/hotspot/share/classfile/systemDictionary.cpp, line 230]
Event: 111.728 Thread 0x000001cbbc705000 Exception <a 'java/lang/ClassNotFoundException'{0x000000008d3c54d0}: java/util/LinkedHashMapBeanInfo> (0x000000008d3c54d0) thrown at [src/hotspot/share/classfile/systemDictionary.cpp, line 230]
Event: 111.729 Thread 0x000001cbbc705000 Exception <a 'java/lang/ClassNotFoundException'{0x000000008d3ce930}: java/util/HashMapBeanInfo> (0x000000008d3ce930) thrown at [src/hotspot/share/classfile/systemDictionary.cpp, line 230]
Event: 111.731 Thread 0x000001cbbc705000 Exception <a 'java/lang/ClassNotFoundException'{0x000000008d3d8b78}: java/util/AbstractMapBeanInfo> (0x000000008d3d8b78) thrown at [src/hotspot/share/classfile/systemDictionary.cpp, line 230]
Event: 111.732 Thread 0x000001cbbc705000 Exception <a 'java/lang/ClassNotFoundException'{0x000000008d3e2928}: java/util/AbstractMapCustomizer> (0x000000008d3e2928) thrown at [src/hotspot/share/classfile/systemDictionary.cpp, line 230]
Event: 111.735 Thread 0x000001cbbc705000 Exception <a 'java/lang/ClassNotFoundException'{0x000000008d3f6458}: java/util/HashMapCustomizer> (0x000000008d3f6458) thrown at [src/hotspot/share/classfile/systemDictionary.cpp, line 230]
Event: 111.739 Thread 0x000001cbbc705000 Exception <a 'java/lang/ClassNotFoundException'{0x000000008d218300}: java/util/LinkedHashMapCustomizer> (0x000000008d218300) thrown at [src/hotspot/share/classfile/systemDictionary.cpp, line 230]
Event: 112.950 Thread 0x000001cbba98a000 Exception <a 'java/lang/NoSuchMethodError'{0x000000008e489c20}: <clinit>> (0x000000008e489c20) thrown at [src/hotspot/share/prims/jni.cpp, line 1367]
Event: 112.953 Thread 0x000001cbba98a000 Exception <a 'java/lang/NoSuchMethodError'{0x000000008e49b7d0}: <clinit>> (0x000000008e49b7d0) thrown at [src/hotspot/share/prims/jni.cpp, line 1367]
Event: 112.968 Thread 0x000001cbba98a000 Exception <a 'java/lang/NoSuchMethodError'{0x000000008e4b6f20}: <clinit>> (0x000000008e4b6f20) thrown at [src/hotspot/share/prims/jni.cpp, line 1367]
Event: 112.977 Thread 0x000001cbba98a000 Exception <a 'java/lang/NoSuchMethodError'{0x000000008e319530}: <clinit>> (0x000000008e319530) thrown at [src/hotspot/share/prims/jni.cpp, line 1367]
Event: 112.983 Thread 0x000001cbba98a000 Exception <a 'java/lang/NoSuchMethodError'{0x000000008e3296c8}: <clinit>> (0x000000008e3296c8) thrown at [src/hotspot/share/prims/jni.cpp, line 1367]

Events (20 events):
Event: 114.979 loading class org/gradle/internal/work/DefaultWorkerLeaseService$1
Event: 114.979 loading class org/gradle/internal/work/DefaultWorkerLeaseService$1 done
Event: 114.980 Thread 0x000001cbbd351800 Thread exited: 0x000001cbbd351800
Event: 114.999 Thread 0x000001cbba98a000 Thread exited: 0x000001cbba98a000
Event: 115.007 Executing VM operation: RevokeBias
Event: 115.007 Executing VM operation: RevokeBias done
Event: 115.007 Thread 0x000001cbbbb14800 Thread exited: 0x000001cbbbb14800
Event: 115.036 Thread 0x000001cbbb975000 Thread exited: 0x000001cbbb975000
Event: 115.047 loading class org/gradle/internal/remote/internal/inet/SocketConnection$1
Event: 115.047 loading class org/gradle/internal/remote/internal/inet/SocketConnection$1 done
Event: 115.048 Executing VM operation: RevokeBias
Event: 115.049 Executing VM operation: RevokeBias done
Event: 115.049 Executing VM operation: RevokeBias
Event: 115.050 Executing VM operation: RevokeBias done
Event: 115.056 Thread 0x000001cbbbf40800 Thread exited: 0x000001cbbbf40800
Event: 135.377 Thread 0x000001cbbf273000 Thread added: 0x000001cbbf273000
Event: 135.435 Thread 0x000001cbbf272000 Thread added: 0x000001cbbf272000
Event: 135.481 Thread 0x000001cbbf26d000 Thread added: 0x000001cbbf26d000
Event: 135.484 Thread 0x000001cbbf271000 Thread added: 0x000001cbbf271000
Event: 135.486 Thread 0x000001cbbf274800 Thread added: 0x000001cbbf274800


Dynamic libraries:
0x00007ff672770000 - 0x00007ff67277a000 	F:\Android\jbr\bin\java.exe
0x00007ffedcf20000 - 0x00007ffedd129000 	C:\WINDOWS\SYSTEM32\ntdll.dll
0x00007ffedb6a0000 - 0x00007ffedb75e000 	C:\WINDOWS\System32\KERNEL32.DLL
0x00007ffeda720000 - 0x00007ffedaa9c000 	C:\WINDOWS\System32\KERNELBASE.dll
0x00007ffeda3f0000 - 0x00007ffeda501000 	C:\WINDOWS\System32\ucrtbase.dll
0x00007ffed5660000 - 0x00007ffed567b000 	F:\Android\jbr\bin\VCRUNTIME140.dll
0x00007ffed5640000 - 0x00007ffed5657000 	F:\Android\jbr\bin\jli.dll
0x00007ffedb310000 - 0x00007ffedb4bd000 	C:\WINDOWS\System32\USER32.dll
0x00007ffeda6f0000 - 0x00007ffeda716000 	C:\WINDOWS\System32\win32u.dll
0x00007ffedb610000 - 0x00007ffedb639000 	C:\WINDOWS\System32\GDI32.dll
0x00007ffedaaa0000 - 0x00007ffedabb8000 	C:\WINDOWS\System32\gdi32full.dll
0x00007ffeda510000 - 0x00007ffeda5ad000 	C:\WINDOWS\System32\msvcp_win.dll
0x00007ffec6fa0000 - 0x00007ffec7245000 	C:\WINDOWS\WinSxS\amd64_microsoft.windows.common-controls_6595b64144ccf1df_6.0.22000.120_none_9d947278b86cc467\COMCTL32.dll
0x00007ffedb800000 - 0x00007ffedb8a3000 	C:\WINDOWS\System32\msvcrt.dll
0x00007ffedb7c0000 - 0x00007ffedb7f1000 	C:\WINDOWS\System32\IMM32.DLL
0x00007ffed5630000 - 0x00007ffed563c000 	F:\Android\jbr\bin\vcruntime140_1.dll
0x00007ffed55a0000 - 0x00007ffed562d000 	F:\Android\jbr\bin\msvcp140.dll
0x00007ffe6c010000 - 0x00007ffe6cbcc000 	F:\Android\jbr\bin\server\jvm.dll
0x00007ffedb560000 - 0x00007ffedb60e000 	C:\WINDOWS\System32\ADVAPI32.dll
0x00007ffedb4c0000 - 0x00007ffedb55e000 	C:\WINDOWS\System32\sechost.dll
0x00007ffedb1f0000 - 0x00007ffedb310000 	C:\WINDOWS\System32\RPCRT4.dll
0x00007ffedada0000 - 0x00007ffedada8000 	C:\WINDOWS\System32\PSAPI.DLL
0x00007ffecbff0000 - 0x00007ffecbff9000 	C:\WINDOWS\SYSTEM32\WSOCK32.dll
0x00007ffed5480000 - 0x00007ffed54b3000 	C:\WINDOWS\SYSTEM32\WINMM.dll
0x00007ffedbab0000 - 0x00007ffedbb1f000 	C:\WINDOWS\System32\WS2_32.dll
0x00007ffed3fa0000 - 0x00007ffed3faa000 	C:\WINDOWS\SYSTEM32\VERSION.dll
0x00007ffed9530000 - 0x00007ffed9548000 	C:\WINDOWS\SYSTEM32\kernel.appcore.dll
0x00007ffecbe10000 - 0x00007ffecbe20000 	F:\Android\jbr\bin\verify.dll
0x00007ffecc740000 - 0x00007ffecc961000 	C:\WINDOWS\SYSTEM32\DBGHELP.DLL
0x00007ffecc700000 - 0x00007ffecc731000 	C:\WINDOWS\SYSTEM32\dbgcore.DLL
0x00007ffeda5b0000 - 0x00007ffeda62f000 	C:\WINDOWS\System32\bcryptPrimitives.dll
0x00007ffec5600000 - 0x00007ffec5628000 	F:\Android\jbr\bin\java.dll
0x00007ffec5ad0000 - 0x00007ffec5ada000 	F:\Android\jbr\bin\jimage.dll
0x00007ffeb3d90000 - 0x00007ffeb3da8000 	F:\Android\jbr\bin\zip.dll
0x00007ffedc630000 - 0x00007ffedcdf5000 	C:\WINDOWS\System32\SHELL32.dll
0x00007ffed84b0000 - 0x00007ffed8d15000 	C:\WINDOWS\SYSTEM32\windows.storage.dll
0x00007ffedc290000 - 0x00007ffedc606000 	C:\WINDOWS\System32\combase.dll
0x00007ffed8340000 - 0x00007ffed84a6000 	C:\WINDOWS\SYSTEM32\wintypes.dll
0x00007ffedb940000 - 0x00007ffedba2a000 	C:\WINDOWS\System32\SHCORE.dll
0x00007ffedb640000 - 0x00007ffedb69d000 	C:\WINDOWS\System32\shlwapi.dll
0x00007ffeda320000 - 0x00007ffeda341000 	C:\WINDOWS\SYSTEM32\profapi.dll
0x00007ffeb3d70000 - 0x00007ffeb3d89000 	F:\Android\jbr\bin\net.dll
0x00007ffed4880000 - 0x00007ffed4992000 	C:\WINDOWS\SYSTEM32\WINHTTP.dll
0x00007ffed9a00000 - 0x00007ffed9a67000 	C:\WINDOWS\system32\mswsock.dll
0x00007ffeb3000000 - 0x00007ffeb3013000 	F:\Android\jbr\bin\nio.dll
0x00007ffed5680000 - 0x00007ffed56a7000 	C:\Users\Efendi\.gradle\native\e1d6ef7f7dcc3fd88c89a11ec53ec762bb8ba0a96d01ffa2cd45eb1d1d8dd5c5\windows-amd64\native-platform.dll
0x00007ffe82d70000 - 0x00007ffe82eb4000 	C:\Users\Efendi\.gradle\native\0d407fdbe67a94daf76414ababcb853783967236a71b16ec16e742cd7a986fd3\windows-amd64\native-platform-file-events.dll
0x00007ffec58f0000 - 0x00007ffec58fa000 	F:\Android\jbr\bin\management.dll
0x00007ffec5830000 - 0x00007ffec583b000 	F:\Android\jbr\bin\management_ext.dll
0x00007ffed9c40000 - 0x00007ffed9c58000 	C:\WINDOWS\SYSTEM32\CRYPTSP.dll
0x00007ffed9490000 - 0x00007ffed94c5000 	C:\WINDOWS\system32\rsaenh.dll
0x00007ffed9af0000 - 0x00007ffed9b19000 	C:\WINDOWS\SYSTEM32\USERENV.dll
0x00007ffed9dd0000 - 0x00007ffed9df7000 	C:\WINDOWS\SYSTEM32\bcrypt.dll
0x00007ffed9c60000 - 0x00007ffed9c6c000 	C:\WINDOWS\SYSTEM32\CRYPTBASE.dll
0x00007ffed9050000 - 0x00007ffed907d000 	C:\WINDOWS\SYSTEM32\IPHLPAPI.DLL
0x00007ffedb1d0000 - 0x00007ffedb1d9000 	C:\WINDOWS\System32\NSI.dll
0x00007ffed47a0000 - 0x00007ffed47b9000 	C:\WINDOWS\SYSTEM32\dhcpcsvc6.DLL
0x00007ffed5110000 - 0x00007ffed512e000 	C:\WINDOWS\SYSTEM32\dhcpcsvc.DLL
0x00007ffed9080000 - 0x00007ffed9168000 	C:\WINDOWS\SYSTEM32\DNSAPI.dll
0x00007ffec07a0000 - 0x00007ffec07c7000 	F:\Android\jbr\bin\sunec.dll
0x00007ffed3f90000 - 0x00007ffed3f9a000 	C:\Windows\System32\rasadhlp.dll
0x00007ffed3900000 - 0x00007ffed3981000 	C:\WINDOWS\System32\fwpuclnt.dll

dbghelp: loaded successfully - version: 4.0.5 - missing functions: none
symbol engine: initialized successfully - sym options: 0x614 - pdb path: .;F:\Android\jbr\bin;C:\WINDOWS\SYSTEM32;C:\WINDOWS\WinSxS\amd64_microsoft.windows.common-controls_6595b64144ccf1df_6.0.22000.120_none_9d947278b86cc467;F:\Android\jbr\bin\server;C:\Users\Efendi\.gradle\native\e1d6ef7f7dcc3fd88c89a11ec53ec762bb8ba0a96d01ffa2cd45eb1d1d8dd5c5\windows-amd64;C:\Users\Efendi\.gradle\native\0d407fdbe67a94daf76414ababcb853783967236a71b16ec16e742cd7a986fd3\windows-amd64

VM Arguments:
jvm_args: --add-opens=java.base/java.util=ALL-UNNAMED --add-opens=java.base/java.lang=ALL-UNNAMED --add-opens=java.base/java.lang.invoke=ALL-UNNAMED --add-opens=java.base/java.util=ALL-UNNAMED --add-opens=java.prefs/java.util.prefs=ALL-UNNAMED --add-opens=java.prefs/java.util.prefs=ALL-UNNAMED --add-opens=java.base/java.nio.charset=ALL-UNNAMED --add-opens=java.base/java.net=ALL-UNNAMED --add-opens=java.base/java.util.concurrent.atomic=ALL-UNNAMED -Xmx2048m -Dfile.encoding=UTF-8 -Duser.country=US -Duser.language=en -Duser.variant 
java_command: org.gradle.launcher.daemon.bootstrap.GradleDaemon 7.5
java_class_path (initial): C:\Users\Efendi\.gradle\wrapper\dists\gradle-7.5-bin\f1w0cc9nuo0eivz97x2xlu9sv\gradle-7.5\lib\gradle-launcher-7.5.jar
Launcher Type: SUN_STANDARD

[Global flags]
     intx CICompilerCount                          = 4                                         {product} {ergonomic}
     uint ConcGCThreads                            = 2                                         {product} {ergonomic}
     uint G1ConcRefinementThreads                  = 8                                         {product} {ergonomic}
   size_t G1HeapRegionSize                         = 1048576                                   {product} {ergonomic}
    uintx GCDrainStackTargetSize                   = 64                                        {product} {ergonomic}
   size_t InitialHeapSize                          = 132120576                                 {product} {ergonomic}
   size_t MarkStackSize                            = 4194304                                   {product} {ergonomic}
   size_t MaxHeapSize                              = 2147483648                                {product} {command line}
   size_t MaxNewSize                               = 1287651328                                {product} {ergonomic}
   size_t MinHeapDeltaBytes                        = 1048576                                   {product} {ergonomic}
    uintx NonNMethodCodeHeapSize                   = 5836300                                {pd product} {ergonomic}
    uintx NonProfiledCodeHeapSize                  = 122910970                              {pd product} {ergonomic}
    uintx ProfiledCodeHeapSize                     = 122910970                              {pd product} {ergonomic}
    uintx ReservedCodeCacheSize                    = 251658240                              {pd product} {ergonomic}
     bool SegmentedCodeCache                       = true                                      {product} {ergonomic}
     bool UseCompressedClassPointers               = true                                 {lp64_product} {ergonomic}
     bool UseCompressedOops                        = true                                 {lp64_product} {ergonomic}
     bool UseG1GC                                  = true                                      {product} {ergonomic}
     bool UseLargePagesIndividualAllocation        = false                                  {pd product} {ergonomic}

Logging:
Log output configuration:
 #0: stdout all=warning uptime,level,tags
 #1: stderr all=off uptime,level,tags

Environment Variables:
PATH=C:\Program Files\Common Files\Oracle\Java\javapath;C:\Program Files (x86)\Common Files\Oracle\Java\javapath;C:\Windows\system32;C:\Windows;C:\Windows\System32\Wbem;C:\Windows\System32\WindowsPowerShell\v1.0\;C:\Windows\System32\OpenSSH\;C:\Program Files (x86)\NVIDIA Corporation\PhysX\Common;C:\Program Files\NVIDIA Corporation\NVIDIA NvDLISR;C:\Users\Efendi\AppData\Roaming\Python\Python39\Scripts;C:\WINDOWS\system32;C:\WINDOWS;C:\WINDOWS\System32\Wbem;C:\WINDOWS\System32\WindowsPowerShell\v1.0\;C:\WINDOWS\System32\OpenSSH\;C:\Program Files\Microsoft SQL Server\130\Tools\Binn\;C:\Program Files\dotnet\;C:\Program Files (x86)\dotnet\;C:\Program Files (x86)\Microsoft SQL Server\150\DTS\Binn\;C:\Program Files\Azure Data Studio\bin;D:\NodeJS\;D:\Laragon\bin\php\php-8.1.10-Win32-vs16-x64;D:\ComposerSetup;C:\Program Files\MySQL\MySQL Shell 8.0\bin\;C:\Users\Efendi\AppData\Local\Programs\Python\Python39\Scripts\;C:\Users\Efendi\AppData\Local\Programs\Python\Python39\;C:\Users\Efendi\AppData\Local\Microsoft\WindowsApps;D:\Microsoft VS Code\bin;C:\Users\Efendi\.dotnet\tools;C:\Program Files\Azure Data Studio\bin;C:\Users\Efendi\AppData\Roaming\npm;C:\ProgramData\Efendi\GitHubDesktop\bin;C:\Users\Efendi\AppData\Local\GitHubDesktop\bin;C:\Users\Efendi\AppData\Roaming\Composer\vendor\bin;D:\Laragon\bin\php\php-8.1.10-Win32-vs16-x64;
USERNAME=Efendi
OS=Windows_NT
PROCESSOR_IDENTIFIER=Intel64 Family 6 Model 158 Stepping 13, GenuineIntel



---------------  S Y S T E M  ---------------

OS: Windows 11 , 64 bit Build 22000 (10.0.22000.1516)
OS uptime: 0 days 3:46 hours
Hyper-V role detected

CPU:total 8 (initial active 8) (4 cores per cpu, 2 threads per core) family 6 model 158 stepping 13 microcode 0xde, cmov, cx8, fxsr, mmx, sse, sse2, sse3, ssse3, sse4.1, sse4.2, popcnt, avx, avx2, aes, clmul, erms, 3dnowpref, lzcnt, ht, tsc, tscinvbit, bmi1, bmi2, adx, fma

Memory: 4k page, system-wide physical 8036M (301M free)
TotalPageFile size 12132M (AvailPageFile size 6M)
current process WorkingSet (physical memory assigned to process): 470M, peak: 491M
current process commit charge ("private bytes"): 517M, peak: 542M

vm_info: OpenJDK 64-Bit Server VM (11.0.15+0-b2043.56-9505619) for windows-amd64 JRE (11.0.15+0-b2043.56-9505619), built on Jan 19 2023 02:48:00 by "builduser" with unknown MS VC++:1929

END.
